[0.026s] Invoking command in '/home/aurora/RESTAPI/ros2_ws/build/action_interfaces': CMAKE_PREFIX_PATH=${CMAKE_PREFIX_PATH}:/home/aurora/RESTAPI/ros2_ws/install/rn2:/home/aurora/RESTAPI/ros2_ws/install/rn1:/opt/ros/foxy CONDA_PROMPT_MODIFIER=(ros2) /usr/bin/cmake --build /home/aurora/RESTAPI/ros2_ws/build/action_interfaces -- -j32 -l32
[0.151s] -- Found ament_cmake: 0.9.12 (/opt/ros/foxy/share/ament_cmake/cmake)
[0.152s] -- Found PythonInterp: /home/aurora/miniconda3/envs/ros2/bin/python3 (found suitable version "3.8", minimum required is "3") 
[0.152s] -- Using PYTHON_EXECUTABLE: /home/aurora/miniconda3/envs/ros2/bin/python3
[0.159s] -- Found ament_lint_auto: 0.9.8 (/opt/ros/foxy/share/ament_lint_auto/cmake)
[0.210s] -- Found rosidl_default_generators: 1.0.1 (/opt/ros/foxy/share/rosidl_default_generators/cmake)
[0.211s] -- Using all available rosidl_typesupport_c: rosidl_typesupport_fastrtps_c;rosidl_typesupport_introspection_c
[0.213s] -- Found rosidl_adapter: 1.3.1 (/opt/ros/foxy/share/rosidl_adapter/cmake)
[0.306s] -- Using all available rosidl_typesupport_cpp: rosidl_typesupport_fastrtps_cpp;rosidl_typesupport_introspection_cpp
[0.340s] -- Found PythonInterp: /home/aurora/miniconda3/envs/ros2/bin/python3 (found version "3.8") 
[0.422s] -- Found ament_cmake_ros: 0.9.2 (/opt/ros/foxy/share/ament_cmake_ros/cmake)
[0.519s] -- Using all available rosidl_typesupport_c: rosidl_typesupport_fastrtps_c;rosidl_typesupport_introspection_c
[0.531s] -- Using all available rosidl_typesupport_cpp: rosidl_typesupport_fastrtps_cpp;rosidl_typesupport_introspection_cpp
[0.550s] -- Found PythonInterp: /home/aurora/miniconda3/envs/ros2/bin/python3 (found suitable version "3.8", minimum required is "3.5") 
[0.551s] -- Found python_cmake_module: 0.8.1 (/opt/ros/foxy/share/python_cmake_module/cmake)
[0.565s] -- Using PYTHON_EXECUTABLE: /home/aurora/miniconda3/envs/ros2/bin/python3
[0.566s] -- Using PYTHON_INCLUDE_DIRS: /home/aurora/miniconda3/envs/ros2/include/python3.8
[0.566s] -- Using PYTHON_LIBRARIES: /home/aurora/miniconda3/envs/ros2/lib/libpython3.8.so
[0.647s] -- Using numpy include directory: /home/aurora/.local/lib/python3.8/site-packages/numpy/core/include
[0.658s] -- Added test 'copyright' to check source files copyright and LICENSE
[0.659s] -- Added test 'lint_cmake' to check CMake code style
[0.659s] -- Added test 'xmllint' to check XML markup files
[0.665s] -- Configuring done
[0.678s] CMake Warning at /opt/ros/foxy/share/rosidl_generator_py/cmake/rosidl_generator_py_generate_interfaces.cmake:235 (add_library):
[0.678s]   Cannot generate a safe runtime search path for target
[0.678s]   action_interfaces__rosidl_typesupport_fastrtps_c__pyext because files in
[0.678s]   some directories may conflict with libraries in implicit directories:
[0.678s] 
[0.678s]     runtime library [libssl.so.1.1] in /usr/lib/x86_64-linux-gnu may be hidden by files in:
[0.678s]       /home/aurora/miniconda3/envs/ros2/lib
[0.678s]     runtime library [libcrypto.so.1.1] in /usr/lib/x86_64-linux-gnu may be hidden by files in:
[0.678s]       /home/aurora/miniconda3/envs/ros2/lib
[0.678s] 
[0.679s]   Some of these libraries may not be found correctly.
[0.679s] Call Stack (most recent call first):
[0.679s]   /opt/ros/foxy/share/ament_cmake_core/cmake/core/ament_execute_extensions.cmake:48 (include)
[0.679s]   /opt/ros/foxy/share/rosidl_cmake/cmake/rosidl_generate_interfaces.cmake:286 (ament_execute_extensions)
[0.679s]   CMakeLists.txt:37 (rosidl_generate_interfaces)
[0.679s] 
[0.679s] 
[0.693s] -- Generating done
[0.697s] -- Build files have been written to: /home/aurora/RESTAPI/ros2_ws/build/action_interfaces
[0.726s] [  3%] [34m[1mGenerating C code for ROS interfaces[0m
[0.739s] [  6%] [34m[1mGenerating C++ code for ROS interfaces[0m
[1.032s] [35m[1mScanning dependencies of target action_interfaces__rosidl_generator_c[0m
[1.040s] [  9%] [32mBuilding C object CMakeFiles/action_interfaces__rosidl_generator_c.dir/rosidl_generator_c/action_interfaces/action/detail/mission__functions.c.o[0m
[1.054s] [  9%] Built target action_interfaces__cpp
[1.062s] [ 12%] [34m[1mGenerating C++ introspection for ROS interfaces[0m
[1.064s] [ 16%] [34m[1mGenerating C++ type support for eProsima Fast-RTPS[0m
[1.068s] [ 19%] [34m[1mGenerating C++ type support dispatch for ROS interfaces[0m
[1.122s] [ 22%] [32m[1mLinking C shared library libaction_interfaces__rosidl_generator_c.so[0m
[1.162s] [ 22%] Built target action_interfaces__rosidl_generator_c
[1.171s] [ 29%] [34m[1mGenerating C introspection for ROS interfaces[0m
[1.171s] [ 29%] [34m[1mGenerating C type support dispatch for ROS interfaces[0m
[1.307s] [35m[1mScanning dependencies of target action_interfaces__rosidl_typesupport_cpp[0m
[1.322s] [ 32%] [32mBuilding CXX object CMakeFiles/action_interfaces__rosidl_typesupport_cpp.dir/rosidl_typesupport_cpp/action_interfaces/action/mission__type_support.cpp.o[0m
[1.334s] [35m[1mScanning dependencies of target action_interfaces__rosidl_typesupport_introspection_cpp[0m
[1.347s] [ 35%] [32mBuilding CXX object CMakeFiles/action_interfaces__rosidl_typesupport_introspection_cpp.dir/rosidl_typesupport_introspection_cpp/action_interfaces/action/detail/mission__type_support.cpp.o[0m
[1.371s] [35m[1mScanning dependencies of target action_interfaces__rosidl_typesupport_fastrtps_cpp[0m
[1.382s] [ 38%] [32mBuilding CXX object CMakeFiles/action_interfaces__rosidl_typesupport_fastrtps_cpp.dir/rosidl_typesupport_fastrtps_cpp/action_interfaces/action/detail/dds_fastrtps/mission__type_support.cpp.o[0m
[1.419s] [35m[1mScanning dependencies of target action_interfaces__rosidl_typesupport_c[0m
[1.435s] [ 41%] [32mBuilding CXX object CMakeFiles/action_interfaces__rosidl_typesupport_c.dir/rosidl_typesupport_c/action_interfaces/action/mission__type_support.cpp.o[0m
[1.443s] [35m[1mScanning dependencies of target action_interfaces__rosidl_typesupport_introspection_c[0m
[1.456s] [ 45%] [32mBuilding C object CMakeFiles/action_interfaces__rosidl_typesupport_introspection_c.dir/rosidl_typesupport_introspection_c/action_interfaces/action/detail/mission__type_support.c.o[0m
[1.470s] [ 48%] [32m[1mLinking CXX shared library libaction_interfaces__rosidl_typesupport_c.so[0m
[1.489s] [ 51%] [32m[1mLinking CXX shared library libaction_interfaces__rosidl_typesupport_cpp.so[0m
[1.493s] [ 54%] [32m[1mLinking C shared library libaction_interfaces__rosidl_typesupport_introspection_c.so[0m
[1.503s] [ 54%] Built target action_interfaces__rosidl_typesupport_c
[1.525s] [ 54%] Built target action_interfaces__rosidl_typesupport_introspection_c
[1.528s] [ 54%] Built target action_interfaces__rosidl_typesupport_cpp
[1.575s] [ 58%] [32m[1mLinking CXX shared library libaction_interfaces__rosidl_typesupport_introspection_cpp.so[0m
[1.635s] [ 58%] Built target action_interfaces__rosidl_typesupport_introspection_cpp
[1.695s] [ 61%] [32m[1mLinking CXX shared library libaction_interfaces__rosidl_typesupport_fastrtps_cpp.so[0m
[1.767s] [ 61%] Built target action_interfaces__rosidl_typesupport_fastrtps_cpp
[1.775s] [ 64%] [34m[1mGenerating C type support for eProsima Fast-RTPS[0m
[2.056s] [35m[1mScanning dependencies of target action_interfaces__rosidl_typesupport_fastrtps_c[0m
[2.073s] [ 67%] [32mBuilding CXX object CMakeFiles/action_interfaces__rosidl_typesupport_fastrtps_c.dir/rosidl_typesupport_fastrtps_c/action_interfaces/action/detail/mission__type_support_c.cpp.o[0m
[2.291s] [ 70%] [32m[1mLinking CXX shared library libaction_interfaces__rosidl_typesupport_fastrtps_c.so[0m
[2.359s] [ 70%] Built target action_interfaces__rosidl_typesupport_fastrtps_c
[2.379s] [ 70%] Built target action_interfaces
[2.406s] [ 74%] [34m[1mGenerating Python code for ROS interfaces[0m
[2.996s] [ 74%] Built target action_interfaces__py
[3.005s] [35m[1mScanning dependencies of target action_interfaces__python[0m
[3.022s] [ 77%] [32mBuilding C object CMakeFiles/action_interfaces__python.dir/rosidl_generator_py/action_interfaces/action/_mission_s.c.o[0m
[3.119s] [ 80%] [32m[1mLinking C shared library rosidl_generator_py/action_interfaces/libaction_interfaces__python.so[0m
[3.159s] [ 80%] Built target action_interfaces__python
[3.169s] [35m[1mScanning dependencies of target action_interfaces__rosidl_typesupport_c__pyext[0m
[3.171s] [35m[1mScanning dependencies of target action_interfaces__rosidl_typesupport_introspection_c__pyext[0m
[3.174s] [35m[1mScanning dependencies of target action_interfaces__rosidl_typesupport_fastrtps_c__pyext[0m
[3.179s] [ 83%] [32mBuilding C object CMakeFiles/action_interfaces__rosidl_typesupport_c__pyext.dir/rosidl_generator_py/action_interfaces/_action_interfaces_s.ep.rosidl_typesupport_c.c.o[0m
[3.188s] [ 87%] [32mBuilding C object CMakeFiles/action_interfaces__rosidl_typesupport_introspection_c__pyext.dir/rosidl_generator_py/action_interfaces/_action_interfaces_s.ep.rosidl_typesupport_introspection_c.c.o[0m
[3.195s] [ 90%] [32mBuilding C object CMakeFiles/action_interfaces__rosidl_typesupport_fastrtps_c__pyext.dir/rosidl_generator_py/action_interfaces/_action_interfaces_s.ep.rosidl_typesupport_fastrtps_c.c.o[0m
[3.238s] [ 93%] [32m[1mLinking C shared library rosidl_generator_py/action_interfaces/action_interfaces_s__rosidl_typesupport_c.cpython-38-x86_64-linux-gnu.so[0m
[3.254s] [ 96%] [32m[1mLinking C shared library rosidl_generator_py/action_interfaces/action_interfaces_s__rosidl_typesupport_introspection_c.cpython-38-x86_64-linux-gnu.so[0m
[3.266s] [100%] [32m[1mLinking CXX shared library rosidl_generator_py/action_interfaces/action_interfaces_s__rosidl_typesupport_fastrtps_c.cpython-38-x86_64-linux-gnu.so[0m
[3.268s] [100%] Built target action_interfaces__rosidl_typesupport_c__pyext
[3.297s] [100%] Built target action_interfaces__rosidl_typesupport_introspection_c__pyext
[3.324s] [100%] Built target action_interfaces__rosidl_typesupport_fastrtps_c__pyext
[3.333s] Invoked command in '/home/aurora/RESTAPI/ros2_ws/build/action_interfaces' returned '0': CMAKE_PREFIX_PATH=${CMAKE_PREFIX_PATH}:/home/aurora/RESTAPI/ros2_ws/install/rn2:/home/aurora/RESTAPI/ros2_ws/install/rn1:/opt/ros/foxy CONDA_PROMPT_MODIFIER=(ros2) /usr/bin/cmake --build /home/aurora/RESTAPI/ros2_ws/build/action_interfaces -- -j32 -l32
[3.393s] Invoking command in '/home/aurora/RESTAPI/ros2_ws/build/action_interfaces': CMAKE_PREFIX_PATH=${CMAKE_PREFIX_PATH}:/home/aurora/RESTAPI/ros2_ws/install/rn2:/home/aurora/RESTAPI/ros2_ws/install/rn1:/opt/ros/foxy CONDA_PROMPT_MODIFIER=(ros2) /usr/bin/cmake --install /home/aurora/RESTAPI/ros2_ws/build/action_interfaces
[3.404s] -- Install configuration: ""
[3.404s] -- Up-to-date: /home/aurora/RESTAPI/ros2_ws/install/action_interfaces/share/ament_index/resource_index/rosidl_interfaces/action_interfaces
[3.404s] -- Up-to-date: /home/aurora/RESTAPI/ros2_ws/install/action_interfaces/include/action_interfaces
[3.404s] -- Up-to-date: /home/aurora/RESTAPI/ros2_ws/install/action_interfaces/include/action_interfaces/action
[3.404s] -- Up-to-date: /home/aurora/RESTAPI/ros2_ws/install/action_interfaces/include/action_interfaces/action/detail
[3.404s] -- Installing: /home/aurora/RESTAPI/ros2_ws/install/action_interfaces/include/action_interfaces/action/detail/mission__struct.h
[3.404s] -- Installing: /home/aurora/RESTAPI/ros2_ws/install/action_interfaces/include/action_interfaces/action/detail/mission__functions.h
[3.404s] -- Installing: /home/aurora/RESTAPI/ros2_ws/install/action_interfaces/include/action_interfaces/action/detail/mission__functions.c
[3.404s] -- Up-to-date: /home/aurora/RESTAPI/ros2_ws/install/action_interfaces/include/action_interfaces/action/detail/fibonacci__struct.h
[3.404s] -- Up-to-date: /home/aurora/RESTAPI/ros2_ws/install/action_interfaces/include/action_interfaces/action/detail/fibonacci__functions.c
[3.405s] -- Up-to-date: /home/aurora/RESTAPI/ros2_ws/install/action_interfaces/include/action_interfaces/action/detail/fibonacci__type_support.h
[3.405s] -- Installing: /home/aurora/RESTAPI/ros2_ws/install/action_interfaces/include/action_interfaces/action/detail/mission__type_support.h
[3.405s] -- Up-to-date: /home/aurora/RESTAPI/ros2_ws/install/action_interfaces/include/action_interfaces/action/detail/fibonacci__functions.h
[3.405s] -- Up-to-date: /home/aurora/RESTAPI/ros2_ws/install/action_interfaces/include/action_interfaces/action/fibonacci.h
[3.405s] -- Installing: /home/aurora/RESTAPI/ros2_ws/install/action_interfaces/include/action_interfaces/action/mission.h
[3.405s] -- Up-to-date: /home/aurora/RESTAPI/ros2_ws/install/action_interfaces/include/action_interfaces/msg
[3.405s] -- Up-to-date: /home/aurora/RESTAPI/ros2_ws/install/action_interfaces/include/action_interfaces/msg/rosidl_generator_c__visibility_control.h
[3.405s] -- Up-to-date: /home/aurora/RESTAPI/ros2_ws/install/action_interfaces/share/action_interfaces/environment/library_path.sh
[3.405s] -- Installing: /home/aurora/RESTAPI/ros2_ws/install/action_interfaces/share/action_interfaces/environment/library_path.dsv
[3.405s] -- Installing: /home/aurora/RESTAPI/ros2_ws/install/action_interfaces/lib/libaction_interfaces__rosidl_generator_c.so
[3.405s] -- Set runtime path of "/home/aurora/RESTAPI/ros2_ws/install/action_interfaces/lib/libaction_interfaces__rosidl_generator_c.so" to ""
[3.405s] -- Up-to-date: /home/aurora/RESTAPI/ros2_ws/install/action_interfaces/include/action_interfaces
[3.405s] -- Up-to-date: /home/aurora/RESTAPI/ros2_ws/install/action_interfaces/include/action_interfaces/action
[3.405s] -- Up-to-date: /home/aurora/RESTAPI/ros2_ws/install/action_interfaces/include/action_interfaces/action/detail
[3.405s] -- Installing: /home/aurora/RESTAPI/ros2_ws/install/action_interfaces/include/action_interfaces/action/detail/mission__rosidl_typesupport_fastrtps_c.h
[3.405s] -- Up-to-date: /home/aurora/RESTAPI/ros2_ws/install/action_interfaces/include/action_interfaces/action/detail/fibonacci__rosidl_typesupport_fastrtps_c.h
[3.405s] -- Up-to-date: /home/aurora/RESTAPI/ros2_ws/install/action_interfaces/include/action_interfaces/msg
[3.406s] -- Up-to-date: /home/aurora/RESTAPI/ros2_ws/install/action_interfaces/include/action_interfaces/msg/rosidl_typesupport_fastrtps_c__visibility_control.h
[3.406s] -- Installing: /home/aurora/RESTAPI/ros2_ws/install/action_interfaces/lib/libaction_interfaces__rosidl_typesupport_fastrtps_c.so
[3.406s] -- Set runtime path of "/home/aurora/RESTAPI/ros2_ws/install/action_interfaces/lib/libaction_interfaces__rosidl_typesupport_fastrtps_c.so" to ""
[3.406s] -- Up-to-date: /home/aurora/RESTAPI/ros2_ws/install/action_interfaces/include/action_interfaces
[3.406s] -- Up-to-date: /home/aurora/RESTAPI/ros2_ws/install/action_interfaces/include/action_interfaces/action
[3.406s] -- Up-to-date: /home/aurora/RESTAPI/ros2_ws/install/action_interfaces/include/action_interfaces/action/detail
[3.406s] -- Installing: /home/aurora/RESTAPI/ros2_ws/install/action_interfaces/include/action_interfaces/action/detail/mission__rosidl_typesupport_fastrtps_cpp.hpp
[3.406s] -- Up-to-date: /home/aurora/RESTAPI/ros2_ws/install/action_interfaces/include/action_interfaces/action/detail/dds_fastrtps
[3.406s] -- Up-to-date: /home/aurora/RESTAPI/ros2_ws/install/action_interfaces/include/action_interfaces/action/detail/fibonacci__rosidl_typesupport_fastrtps_cpp.hpp
[3.406s] -- Up-to-date: /home/aurora/RESTAPI/ros2_ws/install/action_interfaces/include/action_interfaces/msg
[3.406s] -- Up-to-date: /home/aurora/RESTAPI/ros2_ws/install/action_interfaces/include/action_interfaces/msg/rosidl_typesupport_fastrtps_cpp__visibility_control.h
[3.406s] -- Installing: /home/aurora/RESTAPI/ros2_ws/install/action_interfaces/lib/libaction_interfaces__rosidl_typesupport_fastrtps_cpp.so
[3.407s] -- Set runtime path of "/home/aurora/RESTAPI/ros2_ws/install/action_interfaces/lib/libaction_interfaces__rosidl_typesupport_fastrtps_cpp.so" to ""
[3.407s] -- Up-to-date: /home/aurora/RESTAPI/ros2_ws/install/action_interfaces/include/action_interfaces
[3.407s] -- Up-to-date: /home/aurora/RESTAPI/ros2_ws/install/action_interfaces/include/action_interfaces/action
[3.407s] -- Up-to-date: /home/aurora/RESTAPI/ros2_ws/install/action_interfaces/include/action_interfaces/action/detail
[3.407s] -- Installing: /home/aurora/RESTAPI/ros2_ws/install/action_interfaces/include/action_interfaces/action/detail/mission__rosidl_typesupport_introspection_c.h
[3.407s] -- Up-to-date: /home/aurora/RESTAPI/ros2_ws/install/action_interfaces/include/action_interfaces/action/detail/fibonacci__rosidl_typesupport_introspection_c.h
[3.407s] -- Up-to-date: /home/aurora/RESTAPI/ros2_ws/install/action_interfaces/include/action_interfaces/action/detail/fibonacci__type_support.c
[3.407s] -- Installing: /home/aurora/RESTAPI/ros2_ws/install/action_interfaces/include/action_interfaces/action/detail/mission__type_support.c
[3.407s] -- Up-to-date: /home/aurora/RESTAPI/ros2_ws/install/action_interfaces/include/action_interfaces/msg
[3.407s] -- Up-to-date: /home/aurora/RESTAPI/ros2_ws/install/action_interfaces/include/action_interfaces/msg/rosidl_typesupport_introspection_c__visibility_control.h
[3.407s] -- Installing: /home/aurora/RESTAPI/ros2_ws/install/action_interfaces/lib/libaction_interfaces__rosidl_typesupport_introspection_c.so
[3.407s] -- Set runtime path of "/home/aurora/RESTAPI/ros2_ws/install/action_interfaces/lib/libaction_interfaces__rosidl_typesupport_introspection_c.so" to ""
[3.407s] -- Installing: /home/aurora/RESTAPI/ros2_ws/install/action_interfaces/lib/libaction_interfaces__rosidl_typesupport_c.so
[3.408s] -- Set runtime path of "/home/aurora/RESTAPI/ros2_ws/install/action_interfaces/lib/libaction_interfaces__rosidl_typesupport_c.so" to ""
[3.408s] -- Up-to-date: /home/aurora/RESTAPI/ros2_ws/install/action_interfaces/include/action_interfaces
[3.408s] -- Up-to-date: /home/aurora/RESTAPI/ros2_ws/install/action_interfaces/include/action_interfaces/action
[3.408s] -- Up-to-date: /home/aurora/RESTAPI/ros2_ws/install/action_interfaces/include/action_interfaces/action/detail
[3.408s] -- Up-to-date: /home/aurora/RESTAPI/ros2_ws/install/action_interfaces/include/action_interfaces/action/detail/fibonacci__struct.hpp
[3.408s] -- Up-to-date: /home/aurora/RESTAPI/ros2_ws/install/action_interfaces/include/action_interfaces/action/detail/fibonacci__traits.hpp
[3.408s] -- Installing: /home/aurora/RESTAPI/ros2_ws/install/action_interfaces/include/action_interfaces/action/detail/mission__struct.hpp
[3.408s] -- Up-to-date: /home/aurora/RESTAPI/ros2_ws/install/action_interfaces/include/action_interfaces/action/detail/fibonacci__type_support.hpp
[3.408s] -- Installing: /home/aurora/RESTAPI/ros2_ws/install/action_interfaces/include/action_interfaces/action/detail/mission__type_support.hpp
[3.408s] -- Installing: /home/aurora/RESTAPI/ros2_ws/install/action_interfaces/include/action_interfaces/action/detail/mission__builder.hpp
[3.408s] -- Up-to-date: /home/aurora/RESTAPI/ros2_ws/install/action_interfaces/include/action_interfaces/action/detail/fibonacci__builder.hpp
[3.408s] -- Installing: /home/aurora/RESTAPI/ros2_ws/install/action_interfaces/include/action_interfaces/action/detail/mission__traits.hpp
[3.408s] -- Up-to-date: /home/aurora/RESTAPI/ros2_ws/install/action_interfaces/include/action_interfaces/action/fibonacci.hpp
[3.408s] -- Installing: /home/aurora/RESTAPI/ros2_ws/install/action_interfaces/include/action_interfaces/action/mission.hpp
[3.409s] -- Up-to-date: /home/aurora/RESTAPI/ros2_ws/install/action_interfaces/include/action_interfaces/msg
[3.409s] -- Up-to-date: /home/aurora/RESTAPI/ros2_ws/install/action_interfaces/include/action_interfaces/msg/rosidl_generator_cpp__visibility_control.hpp
[3.409s] -- Up-to-date: /home/aurora/RESTAPI/ros2_ws/install/action_interfaces/include/action_interfaces
[3.409s] -- Up-to-date: /home/aurora/RESTAPI/ros2_ws/install/action_interfaces/include/action_interfaces/action
[3.409s] -- Up-to-date: /home/aurora/RESTAPI/ros2_ws/install/action_interfaces/include/action_interfaces/action/detail
[3.409s] -- Up-to-date: /home/aurora/RESTAPI/ros2_ws/install/action_interfaces/include/action_interfaces/action/detail/fibonacci__rosidl_typesupport_introspection_cpp.hpp
[3.409s] -- Installing: /home/aurora/RESTAPI/ros2_ws/install/action_interfaces/include/action_interfaces/action/detail/mission__type_support.cpp
[3.409s] -- Installing: /home/aurora/RESTAPI/ros2_ws/install/action_interfaces/include/action_interfaces/action/detail/mission__rosidl_typesupport_introspection_cpp.hpp
[3.409s] -- Up-to-date: /home/aurora/RESTAPI/ros2_ws/install/action_interfaces/include/action_interfaces/action/detail/fibonacci__type_support.cpp
[3.409s] -- Installing: /home/aurora/RESTAPI/ros2_ws/install/action_interfaces/lib/libaction_interfaces__rosidl_typesupport_introspection_cpp.so
[3.409s] -- Set runtime path of "/home/aurora/RESTAPI/ros2_ws/install/action_interfaces/lib/libaction_interfaces__rosidl_typesupport_introspection_cpp.so" to ""
[3.409s] -- Installing: /home/aurora/RESTAPI/ros2_ws/install/action_interfaces/lib/libaction_interfaces__rosidl_typesupport_cpp.so
[3.410s] -- Set runtime path of "/home/aurora/RESTAPI/ros2_ws/install/action_interfaces/lib/libaction_interfaces__rosidl_typesupport_cpp.so" to ""
[3.410s] -- Up-to-date: /home/aurora/RESTAPI/ros2_ws/install/action_interfaces/share/action_interfaces/environment/pythonpath.sh
[3.410s] -- Installing: /home/aurora/RESTAPI/ros2_ws/install/action_interfaces/share/action_interfaces/environment/pythonpath.dsv
[3.410s] -- Installing: /home/aurora/RESTAPI/ros2_ws/install/action_interfaces/lib/python3.8/site-packages/action_interfaces/__init__.py
[3.428s] Compiling '/home/aurora/RESTAPI/ros2_ws/install/action_interfaces/lib/python3.8/site-packages/action_interfaces/__init__.py'...
[3.431s] -- Up-to-date: /home/aurora/RESTAPI/ros2_ws/install/action_interfaces/lib/python3.8/site-packages/action_interfaces/action
[3.431s] -- Installing: /home/aurora/RESTAPI/ros2_ws/install/action_interfaces/lib/python3.8/site-packages/action_interfaces/action/_mission_s.c
[3.431s] -- Up-to-date: /home/aurora/RESTAPI/ros2_ws/install/action_interfaces/lib/python3.8/site-packages/action_interfaces/action/_fibonacci.py
[3.431s] -- Up-to-date: /home/aurora/RESTAPI/ros2_ws/install/action_interfaces/lib/python3.8/site-packages/action_interfaces/action/_fibonacci_s.c
[3.431s] -- Installing: /home/aurora/RESTAPI/ros2_ws/install/action_interfaces/lib/python3.8/site-packages/action_interfaces/action/_mission.py
[3.432s] -- Installing: /home/aurora/RESTAPI/ros2_ws/install/action_interfaces/lib/python3.8/site-packages/action_interfaces/action/__init__.py
[3.432s] -- Installing: /home/aurora/RESTAPI/ros2_ws/install/action_interfaces/lib/python3.8/site-packages/action_interfaces/action_interfaces_s__rosidl_typesupport_fastrtps_c.cpython-38-x86_64-linux-gnu.so
[3.434s] -- Set runtime path of "/home/aurora/RESTAPI/ros2_ws/install/action_interfaces/lib/python3.8/site-packages/action_interfaces/action_interfaces_s__rosidl_typesupport_fastrtps_c.cpython-38-x86_64-linux-gnu.so" to ""
[3.435s] -- Installing: /home/aurora/RESTAPI/ros2_ws/install/action_interfaces/lib/python3.8/site-packages/action_interfaces/action_interfaces_s__rosidl_typesupport_introspection_c.cpython-38-x86_64-linux-gnu.so
[3.436s] -- Set runtime path of "/home/aurora/RESTAPI/ros2_ws/install/action_interfaces/lib/python3.8/site-packages/action_interfaces/action_interfaces_s__rosidl_typesupport_introspection_c.cpython-38-x86_64-linux-gnu.so" to ""
[3.437s] -- Installing: /home/aurora/RESTAPI/ros2_ws/install/action_interfaces/lib/python3.8/site-packages/action_interfaces/action_interfaces_s__rosidl_typesupport_c.cpython-38-x86_64-linux-gnu.so
[3.438s] -- Set runtime path of "/home/aurora/RESTAPI/ros2_ws/install/action_interfaces/lib/python3.8/site-packages/action_interfaces/action_interfaces_s__rosidl_typesupport_c.cpython-38-x86_64-linux-gnu.so" to ""
[3.438s] -- Installing: /home/aurora/RESTAPI/ros2_ws/install/action_interfaces/lib/libaction_interfaces__python.so
[3.439s] -- Set runtime path of "/home/aurora/RESTAPI/ros2_ws/install/action_interfaces/lib/libaction_interfaces__python.so" to ""
[3.439s] -- Installing: /home/aurora/RESTAPI/ros2_ws/install/action_interfaces/share/action_interfaces/action/Mission.idl
[3.439s] -- Installing: /home/aurora/RESTAPI/ros2_ws/install/action_interfaces/share/action_interfaces/action/Mission.action
[3.440s] -- Up-to-date: /home/aurora/RESTAPI/ros2_ws/install/action_interfaces/share/ament_index/resource_index/package_run_dependencies/action_interfaces
[3.440s] -- Up-to-date: /home/aurora/RESTAPI/ros2_ws/install/action_interfaces/share/ament_index/resource_index/parent_prefix_path/action_interfaces
[3.440s] -- Up-to-date: /home/aurora/RESTAPI/ros2_ws/install/action_interfaces/share/action_interfaces/environment/ament_prefix_path.sh
[3.440s] -- Installing: /home/aurora/RESTAPI/ros2_ws/install/action_interfaces/share/action_interfaces/environment/ament_prefix_path.dsv
[3.440s] -- Up-to-date: /home/aurora/RESTAPI/ros2_ws/install/action_interfaces/share/action_interfaces/environment/path.sh
[3.440s] -- Installing: /home/aurora/RESTAPI/ros2_ws/install/action_interfaces/share/action_interfaces/environment/path.dsv
[3.441s] -- Up-to-date: /home/aurora/RESTAPI/ros2_ws/install/action_interfaces/share/action_interfaces/local_setup.bash
[3.441s] -- Up-to-date: /home/aurora/RESTAPI/ros2_ws/install/action_interfaces/share/action_interfaces/local_setup.sh
[3.441s] -- Up-to-date: /home/aurora/RESTAPI/ros2_ws/install/action_interfaces/share/action_interfaces/local_setup.zsh
[3.441s] -- Installing: /home/aurora/RESTAPI/ros2_ws/install/action_interfaces/share/action_interfaces/local_setup.dsv
[3.441s] -- Installing: /home/aurora/RESTAPI/ros2_ws/install/action_interfaces/share/action_interfaces/package.dsv
[3.441s] -- Up-to-date: /home/aurora/RESTAPI/ros2_ws/install/action_interfaces/share/ament_index/resource_index/packages/action_interfaces
[3.442s] -- Up-to-date: /home/aurora/RESTAPI/ros2_ws/install/action_interfaces/share/action_interfaces/cmake/action_interfaces__rosidl_generator_cExport.cmake
[3.442s] -- Installing: /home/aurora/RESTAPI/ros2_ws/install/action_interfaces/share/action_interfaces/cmake/action_interfaces__rosidl_generator_cExport-noconfig.cmake
[3.442s] -- Up-to-date: /home/aurora/RESTAPI/ros2_ws/install/action_interfaces/share/action_interfaces/cmake/action_interfaces__rosidl_typesupport_introspection_cExport.cmake
[3.442s] -- Installing: /home/aurora/RESTAPI/ros2_ws/install/action_interfaces/share/action_interfaces/cmake/action_interfaces__rosidl_typesupport_introspection_cExport-noconfig.cmake
[3.442s] -- Up-to-date: /home/aurora/RESTAPI/ros2_ws/install/action_interfaces/share/action_interfaces/cmake/action_interfaces__rosidl_typesupport_cExport.cmake
[3.442s] -- Installing: /home/aurora/RESTAPI/ros2_ws/install/action_interfaces/share/action_interfaces/cmake/action_interfaces__rosidl_typesupport_cExport-noconfig.cmake
[3.442s] -- Up-to-date: /home/aurora/RESTAPI/ros2_ws/install/action_interfaces/share/action_interfaces/cmake/action_interfaces__rosidl_generator_cppExport.cmake
[3.442s] -- Up-to-date: /home/aurora/RESTAPI/ros2_ws/install/action_interfaces/share/action_interfaces/cmake/action_interfaces__rosidl_typesupport_introspection_cppExport.cmake
[3.443s] -- Installing: /home/aurora/RESTAPI/ros2_ws/install/action_interfaces/share/action_interfaces/cmake/action_interfaces__rosidl_typesupport_introspection_cppExport-noconfig.cmake
[3.443s] -- Up-to-date: /home/aurora/RESTAPI/ros2_ws/install/action_interfaces/share/action_interfaces/cmake/action_interfaces__rosidl_typesupport_cppExport.cmake
[3.443s] -- Installing: /home/aurora/RESTAPI/ros2_ws/install/action_interfaces/share/action_interfaces/cmake/action_interfaces__rosidl_typesupport_cppExport-noconfig.cmake
[3.443s] -- Up-to-date: /home/aurora/RESTAPI/ros2_ws/install/action_interfaces/share/action_interfaces/cmake/rosidl_cmake-extras.cmake
[3.443s] -- Up-to-date: /home/aurora/RESTAPI/ros2_ws/install/action_interfaces/share/action_interfaces/cmake/ament_cmake_export_dependencies-extras.cmake
[3.443s] -- Up-to-date: /home/aurora/RESTAPI/ros2_ws/install/action_interfaces/share/action_interfaces/cmake/ament_cmake_export_libraries-extras.cmake
[3.443s] -- Up-to-date: /home/aurora/RESTAPI/ros2_ws/install/action_interfaces/share/action_interfaces/cmake/ament_cmake_export_targets-extras.cmake
[3.443s] -- Up-to-date: /home/aurora/RESTAPI/ros2_ws/install/action_interfaces/share/action_interfaces/cmake/ament_cmake_export_include_directories-extras.cmake
[3.443s] -- Up-to-date: /home/aurora/RESTAPI/ros2_ws/install/action_interfaces/share/action_interfaces/cmake/rosidl_cmake_export_typesupport_libraries-extras.cmake
[3.443s] -- Up-to-date: /home/aurora/RESTAPI/ros2_ws/install/action_interfaces/share/action_interfaces/cmake/rosidl_cmake_export_typesupport_targets-extras.cmake
[3.444s] -- Up-to-date: /home/aurora/RESTAPI/ros2_ws/install/action_interfaces/share/action_interfaces/cmake/action_interfacesConfig.cmake
[3.444s] -- Up-to-date: /home/aurora/RESTAPI/ros2_ws/install/action_interfaces/share/action_interfaces/cmake/action_interfacesConfig-version.cmake
[3.444s] -- Up-to-date: /home/aurora/RESTAPI/ros2_ws/install/action_interfaces/share/action_interfaces/package.xml
[3.446s] Invoked command in '/home/aurora/RESTAPI/ros2_ws/build/action_interfaces' returned '0': CMAKE_PREFIX_PATH=${CMAKE_PREFIX_PATH}:/home/aurora/RESTAPI/ros2_ws/install/rn2:/home/aurora/RESTAPI/ros2_ws/install/rn1:/opt/ros/foxy CONDA_PROMPT_MODIFIER=(ros2) /usr/bin/cmake --install /home/aurora/RESTAPI/ros2_ws/build/action_interfaces
