[0.532s] Invoking command in '/home/aurora/RESTAPI/ros2_ws/src/rn1': CONDA_PROMPT_MODIFIER=(ros2) PYTHONPATH=/home/aurora/RESTAPI/ros2_ws/build/rn1/prefix_override:/usr/lib/python3/dist-packages/colcon_core/task/python/colcon_distutils_commands:/home/aurora/RESTAPI/ros2_ws/install/rn1/lib/python3.8/site-packages:${PYTHONPATH} /usr/bin/python3 -W ignore:setup.py install is deprecated setup.py egg_info --egg-base ../../build/rn1 build --build-base /home/aurora/RESTAPI/ros2_ws/build/rn1/build install --record /home/aurora/RESTAPI/ros2_ws/build/rn1/install.log --install-scripts $base/lib/rn1 --single-version-externally-managed install_data
[0.639s] running egg_info
[0.639s] writing ../../build/rn1/rn1.egg-info/PKG-INFO
[0.639s] writing dependency_links to ../../build/rn1/rn1.egg-info/dependency_links.txt
[0.640s] writing entry points to ../../build/rn1/rn1.egg-info/entry_points.txt
[0.640s] writing requirements to ../../build/rn1/rn1.egg-info/requires.txt
[0.640s] writing top-level names to ../../build/rn1/rn1.egg-info/top_level.txt
[0.655s] reading manifest file '../../build/rn1/rn1.egg-info/SOURCES.txt'
[0.656s] writing manifest file '../../build/rn1/rn1.egg-info/SOURCES.txt'
[0.656s] running build
[0.656s] running build_py
[0.656s] running install
[0.656s] running install_lib
[0.657s] running install_data
[0.657s] running install_egg_info
[0.658s] removing '/home/aurora/RESTAPI/ros2_ws/install/rn1/lib/python3.8/site-packages/rn1-0.0.0-py3.8.egg-info' (and everything under it)
[0.658s] Copying ../../build/rn1/rn1.egg-info to /home/aurora/RESTAPI/ros2_ws/install/rn1/lib/python3.8/site-packages/rn1-0.0.0-py3.8.egg-info
[0.658s] running install_scripts
[0.666s] Installing client script to /home/aurora/RESTAPI/ros2_ws/install/rn1/lib/rn1
[0.666s] writing list of installed files to '/home/aurora/RESTAPI/ros2_ws/build/rn1/install.log'
[0.677s] Invoked command in '/home/aurora/RESTAPI/ros2_ws/src/rn1' returned '0': CONDA_PROMPT_MODIFIER=(ros2) PYTHONPATH=/home/aurora/RESTAPI/ros2_ws/build/rn1/prefix_override:/usr/lib/python3/dist-packages/colcon_core/task/python/colcon_distutils_commands:/home/aurora/RESTAPI/ros2_ws/install/rn1/lib/python3.8/site-packages:${PYTHONPATH} /usr/bin/python3 -W ignore:setup.py install is deprecated setup.py egg_info --egg-base ../../build/rn1 build --build-base /home/aurora/RESTAPI/ros2_ws/build/rn1/build install --record /home/aurora/RESTAPI/ros2_ws/build/rn1/install.log --install-scripts $base/lib/rn1 --single-version-externally-managed install_data
