running egg_info
writing ../../build/rn1/rn1.egg-info/PKG-INFO
writing dependency_links to ../../build/rn1/rn1.egg-info/dependency_links.txt
writing entry points to ../../build/rn1/rn1.egg-info/entry_points.txt
writing requirements to ../../build/rn1/rn1.egg-info/requires.txt
writing top-level names to ../../build/rn1/rn1.egg-info/top_level.txt
reading manifest file '../../build/rn1/rn1.egg-info/SOURCES.txt'
writing manifest file '../../build/rn1/rn1.egg-info/SOURCES.txt'
running build
running build_py
copying rn1/client.py -> /home/aurora/RESTAPI/ros2_ws/build/rn1/build/lib/rn1
copying rn1/client_.py -> /home/aurora/RESTAPI/ros2_ws/build/rn1/build/lib/rn1
running install
running install_lib
copying /home/aurora/RESTAPI/ros2_ws/build/rn1/build/lib/rn1/client.py -> /home/aurora/RESTAPI/ros2_ws/install/rn1/lib/python3.8/site-packages/rn1
copying /home/aurora/RESTAPI/ros2_ws/build/rn1/build/lib/rn1/client_.py -> /home/aurora/RESTAPI/ros2_ws/install/rn1/lib/python3.8/site-packages/rn1
byte-compiling /home/aurora/RESTAPI/ros2_ws/install/rn1/lib/python3.8/site-packages/rn1/client.py to client.cpython-38.pyc
byte-compiling /home/aurora/RESTAPI/ros2_ws/install/rn1/lib/python3.8/site-packages/rn1/client_.py to client_.cpython-38.pyc
running install_data
running install_egg_info
removing '/home/aurora/RESTAPI/ros2_ws/install/rn1/lib/python3.8/site-packages/rn1-0.0.0-py3.8.egg-info' (and everything under it)
Copying ../../build/rn1/rn1.egg-info to /home/aurora/RESTAPI/ros2_ws/install/rn1/lib/python3.8/site-packages/rn1-0.0.0-py3.8.egg-info
running install_scripts
Installing client script to /home/aurora/RESTAPI/ros2_ws/install/rn1/lib/rn1
writing list of installed files to '/home/aurora/RESTAPI/ros2_ws/build/rn1/install.log'
