[0.171s] DEBUG:colcon:Command line arguments: ['/usr/bin/colcon', 'build']
[0.171s] DEBUG:colcon:Parsed command line arguments: Namespace(allow_overriding=[], ament_cmake_args=None, base_paths=['.'], build_base='build', catkin_cmake_args=None, catkin_skip_building_tests=False, cmake_args=None, cmake_clean_cache=False, cmake_clean_first=False, cmake_force_configure=False, cmake_target=None, cmake_target_skip_unavailable=False, continue_on_error=False, event_handlers=None, executor='parallel', ignore_user_meta=False, install_base='install', log_base=None, log_level=None, main=<bound method BuildVerb.main of <colcon_core.verb.build.BuildVerb object at 0x7f5e6955d760>>, merge_install=False, metas=['./colcon.meta'], mixin=None, mixin_files=None, mixin_verb=('build',), packages_above=None, packages_above_and_dependencies=None, packages_above_depth=None, packages_end=None, packages_ignore=None, packages_ignore_regex=None, packages_select=None, packages_select_build_failed=False, packages_select_by_dep=None, packages_select_regex=None, packages_select_test_failures=False, packages_skip=None, packages_skip_build_finished=False, packages_skip_by_dep=None, packages_skip_regex=None, packages_skip_test_passed=False, packages_skip_up_to=None, packages_start=None, packages_up_to=None, packages_up_to_regex=None, parallel_workers=32, paths=None, symlink_install=False, test_result_base=None, verb_extension=<colcon_core.verb.build.BuildVerb object at 0x7f5e6955d760>, verb_name='build', verb_parser=<colcon_mixin.mixin.mixin_argument.MixinArgumentDecorator object at 0x7f5e69441a00>)
[0.262s] Level 1:colcon.colcon_core.package_discovery:discover_packages(colcon_meta) check parameters
[0.262s] Level 1:colcon.colcon_core.package_discovery:discover_packages(recursive) check parameters
[0.262s] Level 1:colcon.colcon_core.package_discovery:discover_packages(ignore) check parameters
[0.262s] Level 1:colcon.colcon_core.package_discovery:discover_packages(path) check parameters
[0.262s] Level 1:colcon.colcon_core.package_discovery:discover_packages(colcon_meta) discover
[0.262s] Level 1:colcon.colcon_core.package_discovery:discover_packages(recursive) discover
[0.262s] INFO:colcon.colcon_core.package_discovery:Crawling recursively for packages in '/home/aurora/RESTAPI/ros2_ws'
[0.262s] Level 1:colcon.colcon_core.package_identification:_identify(.) by extensions ['ignore', 'ignore_ament_install']
[0.262s] Level 1:colcon.colcon_core.package_identification:_identify(.) by extension 'ignore'
[0.262s] Level 1:colcon.colcon_core.package_identification:_identify(.) by extension 'ignore_ament_install'
[0.262s] Level 1:colcon.colcon_core.package_identification:_identify(.) by extensions ['colcon_pkg']
[0.262s] Level 1:colcon.colcon_core.package_identification:_identify(.) by extension 'colcon_pkg'
[0.262s] Level 1:colcon.colcon_core.package_identification:_identify(.) by extensions ['colcon_meta']
[0.262s] Level 1:colcon.colcon_core.package_identification:_identify(.) by extension 'colcon_meta'
[0.262s] Level 1:colcon.colcon_core.package_identification:_identify(.) by extensions ['ros']
[0.262s] Level 1:colcon.colcon_core.package_identification:_identify(.) by extension 'ros'
[0.269s] Level 1:colcon.colcon_core.package_identification:_identify(.) by extensions ['cmake', 'python']
[0.269s] Level 1:colcon.colcon_core.package_identification:_identify(.) by extension 'cmake'
[0.269s] Level 1:colcon.colcon_core.package_identification:_identify(.) by extension 'python'
[0.269s] Level 1:colcon.colcon_core.package_identification:_identify(.) by extensions ['python_setup_py']
[0.269s] Level 1:colcon.colcon_core.package_identification:_identify(.) by extension 'python_setup_py'
[0.269s] Level 1:colcon.colcon_core.package_identification:_identify(build) by extensions ['ignore', 'ignore_ament_install']
[0.269s] Level 1:colcon.colcon_core.package_identification:_identify(build) by extension 'ignore'
[0.269s] Level 1:colcon.colcon_core.package_identification:_identify(build) ignored
[0.269s] Level 1:colcon.colcon_core.package_identification:_identify(install) by extensions ['ignore', 'ignore_ament_install']
[0.269s] Level 1:colcon.colcon_core.package_identification:_identify(install) by extension 'ignore'
[0.269s] Level 1:colcon.colcon_core.package_identification:_identify(install) ignored
[0.269s] Level 1:colcon.colcon_core.package_identification:_identify(log) by extensions ['ignore', 'ignore_ament_install']
[0.269s] Level 1:colcon.colcon_core.package_identification:_identify(log) by extension 'ignore'
[0.269s] Level 1:colcon.colcon_core.package_identification:_identify(log) ignored
[0.270s] Level 1:colcon.colcon_core.package_identification:_identify(src) by extensions ['ignore', 'ignore_ament_install']
[0.270s] Level 1:colcon.colcon_core.package_identification:_identify(src) by extension 'ignore'
[0.270s] Level 1:colcon.colcon_core.package_identification:_identify(src) by extension 'ignore_ament_install'
[0.270s] Level 1:colcon.colcon_core.package_identification:_identify(src) by extensions ['colcon_pkg']
[0.270s] Level 1:colcon.colcon_core.package_identification:_identify(src) by extension 'colcon_pkg'
[0.270s] Level 1:colcon.colcon_core.package_identification:_identify(src) by extensions ['colcon_meta']
[0.270s] Level 1:colcon.colcon_core.package_identification:_identify(src) by extension 'colcon_meta'
[0.270s] Level 1:colcon.colcon_core.package_identification:_identify(src) by extensions ['ros']
[0.270s] Level 1:colcon.colcon_core.package_identification:_identify(src) by extension 'ros'
[0.270s] Level 1:colcon.colcon_core.package_identification:_identify(src) by extensions ['cmake', 'python']
[0.270s] Level 1:colcon.colcon_core.package_identification:_identify(src) by extension 'cmake'
[0.270s] Level 1:colcon.colcon_core.package_identification:_identify(src) by extension 'python'
[0.270s] Level 1:colcon.colcon_core.package_identification:_identify(src) by extensions ['python_setup_py']
[0.270s] Level 1:colcon.colcon_core.package_identification:_identify(src) by extension 'python_setup_py'
[0.270s] Level 1:colcon.colcon_core.package_identification:_identify(src/action_interfaces) by extensions ['ignore', 'ignore_ament_install']
[0.270s] Level 1:colcon.colcon_core.package_identification:_identify(src/action_interfaces) by extension 'ignore'
[0.270s] Level 1:colcon.colcon_core.package_identification:_identify(src/action_interfaces) by extension 'ignore_ament_install'
[0.270s] Level 1:colcon.colcon_core.package_identification:_identify(src/action_interfaces) by extensions ['colcon_pkg']
[0.270s] Level 1:colcon.colcon_core.package_identification:_identify(src/action_interfaces) by extension 'colcon_pkg'
[0.270s] Level 1:colcon.colcon_core.package_identification:_identify(src/action_interfaces) by extensions ['colcon_meta']
[0.270s] Level 1:colcon.colcon_core.package_identification:_identify(src/action_interfaces) by extension 'colcon_meta'
[0.270s] Level 1:colcon.colcon_core.package_identification:_identify(src/action_interfaces) by extensions ['ros']
[0.270s] Level 1:colcon.colcon_core.package_identification:_identify(src/action_interfaces) by extension 'ros'
[0.272s] DEBUG:colcon.colcon_core.package_identification:Package 'src/action_interfaces' with type 'ros.ament_cmake' and name 'action_interfaces'
[0.272s] Level 1:colcon.colcon_core.package_identification:_identify(src/rn1) by extensions ['ignore', 'ignore_ament_install']
[0.272s] Level 1:colcon.colcon_core.package_identification:_identify(src/rn1) by extension 'ignore'
[0.272s] Level 1:colcon.colcon_core.package_identification:_identify(src/rn1) by extension 'ignore_ament_install'
[0.272s] Level 1:colcon.colcon_core.package_identification:_identify(src/rn1) by extensions ['colcon_pkg']
[0.272s] Level 1:colcon.colcon_core.package_identification:_identify(src/rn1) by extension 'colcon_pkg'
[0.272s] Level 1:colcon.colcon_core.package_identification:_identify(src/rn1) by extensions ['colcon_meta']
[0.272s] Level 1:colcon.colcon_core.package_identification:_identify(src/rn1) by extension 'colcon_meta'
[0.272s] Level 1:colcon.colcon_core.package_identification:_identify(src/rn1) by extensions ['ros']
[0.272s] Level 1:colcon.colcon_core.package_identification:_identify(src/rn1) by extension 'ros'
[0.272s] DEBUG:colcon.colcon_core.package_identification:Package 'src/rn1' with type 'ros.ament_python' and name 'rn1'
[0.272s] Level 1:colcon.colcon_core.package_identification:_identify(src/rn2) by extensions ['ignore', 'ignore_ament_install']
[0.272s] Level 1:colcon.colcon_core.package_identification:_identify(src/rn2) by extension 'ignore'
[0.272s] Level 1:colcon.colcon_core.package_identification:_identify(src/rn2) by extension 'ignore_ament_install'
[0.272s] Level 1:colcon.colcon_core.package_identification:_identify(src/rn2) by extensions ['colcon_pkg']
[0.272s] Level 1:colcon.colcon_core.package_identification:_identify(src/rn2) by extension 'colcon_pkg'
[0.272s] Level 1:colcon.colcon_core.package_identification:_identify(src/rn2) by extensions ['colcon_meta']
[0.272s] Level 1:colcon.colcon_core.package_identification:_identify(src/rn2) by extension 'colcon_meta'
[0.273s] Level 1:colcon.colcon_core.package_identification:_identify(src/rn2) by extensions ['ros']
[0.273s] Level 1:colcon.colcon_core.package_identification:_identify(src/rn2) by extension 'ros'
[0.273s] DEBUG:colcon.colcon_core.package_identification:Package 'src/rn2' with type 'ros.ament_python' and name 'rn2'
[0.273s] Level 1:colcon.colcon_core.package_discovery:discover_packages(recursive) using defaults
[0.273s] Level 1:colcon.colcon_core.package_discovery:discover_packages(ignore) discover
[0.273s] Level 1:colcon.colcon_core.package_discovery:discover_packages(ignore) using defaults
[0.273s] Level 1:colcon.colcon_core.package_discovery:discover_packages(path) discover
[0.273s] Level 1:colcon.colcon_core.package_discovery:discover_packages(path) using defaults
[0.286s] Level 1:colcon.colcon_core.package_discovery:discover_packages(prefix_path) check parameters
[0.286s] Level 1:colcon.colcon_core.package_discovery:discover_packages(prefix_path) discover
[0.288s] DEBUG:colcon.colcon_installed_package_information.package_discovery:Found 263 installed packages in /opt/ros/foxy
[0.289s] Level 1:colcon.colcon_core.package_discovery:discover_packages(prefix_path) using defaults
[0.324s] Level 5:colcon.colcon_core.verb:set package 'action_interfaces' build argument 'cmake_args' from command line to 'None'
[0.324s] Level 5:colcon.colcon_core.verb:set package 'action_interfaces' build argument 'cmake_target' from command line to 'None'
[0.324s] Level 5:colcon.colcon_core.verb:set package 'action_interfaces' build argument 'cmake_target_skip_unavailable' from command line to 'False'
[0.324s] Level 5:colcon.colcon_core.verb:set package 'action_interfaces' build argument 'cmake_clean_cache' from command line to 'False'
[0.324s] Level 5:colcon.colcon_core.verb:set package 'action_interfaces' build argument 'cmake_clean_first' from command line to 'False'
[0.324s] Level 5:colcon.colcon_core.verb:set package 'action_interfaces' build argument 'cmake_force_configure' from command line to 'False'
[0.324s] Level 5:colcon.colcon_core.verb:set package 'action_interfaces' build argument 'ament_cmake_args' from command line to 'None'
[0.324s] Level 5:colcon.colcon_core.verb:set package 'action_interfaces' build argument 'catkin_cmake_args' from command line to 'None'
[0.324s] Level 5:colcon.colcon_core.verb:set package 'action_interfaces' build argument 'catkin_skip_building_tests' from command line to 'False'
[0.324s] DEBUG:colcon.colcon_core.verb:Building package 'action_interfaces' with the following arguments: {'ament_cmake_args': None, 'build_base': '/home/aurora/RESTAPI/ros2_ws/build/action_interfaces', 'catkin_cmake_args': None, 'catkin_skip_building_tests': False, 'cmake_args': None, 'cmake_clean_cache': False, 'cmake_clean_first': False, 'cmake_force_configure': False, 'cmake_target': None, 'cmake_target_skip_unavailable': False, 'install_base': '/home/aurora/RESTAPI/ros2_ws/install/action_interfaces', 'merge_install': False, 'path': '/home/aurora/RESTAPI/ros2_ws/src/action_interfaces', 'symlink_install': False, 'test_result_base': None}
[0.324s] Level 5:colcon.colcon_core.verb:set package 'rn1' build argument 'cmake_args' from command line to 'None'
[0.324s] Level 5:colcon.colcon_core.verb:set package 'rn1' build argument 'cmake_target' from command line to 'None'
[0.324s] Level 5:colcon.colcon_core.verb:set package 'rn1' build argument 'cmake_target_skip_unavailable' from command line to 'False'
[0.324s] Level 5:colcon.colcon_core.verb:set package 'rn1' build argument 'cmake_clean_cache' from command line to 'False'
[0.324s] Level 5:colcon.colcon_core.verb:set package 'rn1' build argument 'cmake_clean_first' from command line to 'False'
[0.324s] Level 5:colcon.colcon_core.verb:set package 'rn1' build argument 'cmake_force_configure' from command line to 'False'
[0.324s] Level 5:colcon.colcon_core.verb:set package 'rn1' build argument 'ament_cmake_args' from command line to 'None'
[0.324s] Level 5:colcon.colcon_core.verb:set package 'rn1' build argument 'catkin_cmake_args' from command line to 'None'
[0.324s] Level 5:colcon.colcon_core.verb:set package 'rn1' build argument 'catkin_skip_building_tests' from command line to 'False'
[0.324s] DEBUG:colcon.colcon_core.verb:Building package 'rn1' with the following arguments: {'ament_cmake_args': None, 'build_base': '/home/aurora/RESTAPI/ros2_ws/build/rn1', 'catkin_cmake_args': None, 'catkin_skip_building_tests': False, 'cmake_args': None, 'cmake_clean_cache': False, 'cmake_clean_first': False, 'cmake_force_configure': False, 'cmake_target': None, 'cmake_target_skip_unavailable': False, 'install_base': '/home/aurora/RESTAPI/ros2_ws/install/rn1', 'merge_install': False, 'path': '/home/aurora/RESTAPI/ros2_ws/src/rn1', 'symlink_install': False, 'test_result_base': None}
[0.325s] Level 5:colcon.colcon_core.verb:set package 'rn2' build argument 'cmake_args' from command line to 'None'
[0.325s] Level 5:colcon.colcon_core.verb:set package 'rn2' build argument 'cmake_target' from command line to 'None'
[0.325s] Level 5:colcon.colcon_core.verb:set package 'rn2' build argument 'cmake_target_skip_unavailable' from command line to 'False'
[0.325s] Level 5:colcon.colcon_core.verb:set package 'rn2' build argument 'cmake_clean_cache' from command line to 'False'
[0.325s] Level 5:colcon.colcon_core.verb:set package 'rn2' build argument 'cmake_clean_first' from command line to 'False'
[0.325s] Level 5:colcon.colcon_core.verb:set package 'rn2' build argument 'cmake_force_configure' from command line to 'False'
[0.325s] Level 5:colcon.colcon_core.verb:set package 'rn2' build argument 'ament_cmake_args' from command line to 'None'
[0.325s] Level 5:colcon.colcon_core.verb:set package 'rn2' build argument 'catkin_cmake_args' from command line to 'None'
[0.325s] Level 5:colcon.colcon_core.verb:set package 'rn2' build argument 'catkin_skip_building_tests' from command line to 'False'
[0.325s] DEBUG:colcon.colcon_core.verb:Building package 'rn2' with the following arguments: {'ament_cmake_args': None, 'build_base': '/home/aurora/RESTAPI/ros2_ws/build/rn2', 'catkin_cmake_args': None, 'catkin_skip_building_tests': False, 'cmake_args': None, 'cmake_clean_cache': False, 'cmake_clean_first': False, 'cmake_force_configure': False, 'cmake_target': None, 'cmake_target_skip_unavailable': False, 'install_base': '/home/aurora/RESTAPI/ros2_ws/install/rn2', 'merge_install': False, 'path': '/home/aurora/RESTAPI/ros2_ws/src/rn2', 'symlink_install': False, 'test_result_base': None}
[0.325s] INFO:colcon.colcon_core.executor:Executing jobs using 'parallel' executor
[0.325s] DEBUG:colcon.colcon_parallel_executor.executor.parallel:run_until_complete
[0.325s] INFO:colcon.colcon_ros.task.ament_cmake.build:Building ROS package in '/home/aurora/RESTAPI/ros2_ws/src/action_interfaces' with build type 'ament_cmake'
[0.325s] INFO:colcon.colcon_cmake.task.cmake.build:Building CMake package in '/home/aurora/RESTAPI/ros2_ws/src/action_interfaces'
[0.327s] INFO:colcon.colcon_core.plugin_system:Skipping extension 'colcon_core.shell.bat': Not used on non-Windows systems
[0.327s] INFO:colcon.colcon_core.shell:Skip shell extension 'powershell' for command environment: Not usable outside of PowerShell
[0.327s] DEBUG:colcon.colcon_core.shell:Skip shell extension 'dsv' for command environment
[0.331s] INFO:colcon.colcon_ros.task.ament_python.build:Building ROS package in '/home/aurora/RESTAPI/ros2_ws/src/rn1' with build type 'ament_python'
[0.332s] Level 1:colcon.colcon_core.shell:create_environment_hook('rn1', 'ament_prefix_path')
[0.332s] INFO:colcon.colcon_core.shell:Creating environment hook '/home/aurora/RESTAPI/ros2_ws/install/rn1/share/rn1/hook/ament_prefix_path.ps1'
[0.332s] INFO:colcon.colcon_core.shell:Creating environment descriptor '/home/aurora/RESTAPI/ros2_ws/install/rn1/share/rn1/hook/ament_prefix_path.dsv'
[0.333s] INFO:colcon.colcon_core.shell:Creating environment hook '/home/aurora/RESTAPI/ros2_ws/install/rn1/share/rn1/hook/ament_prefix_path.sh'
[0.333s] INFO:colcon.colcon_core.shell:Skip shell extension 'powershell' for command environment: Not usable outside of PowerShell
[0.333s] DEBUG:colcon.colcon_core.shell:Skip shell extension 'dsv' for command environment
[0.336s] INFO:colcon.colcon_ros.task.ament_python.build:Building ROS package in '/home/aurora/RESTAPI/ros2_ws/src/rn2' with build type 'ament_python'
[0.337s] Level 1:colcon.colcon_core.shell:create_environment_hook('rn2', 'ament_prefix_path')
[0.337s] INFO:colcon.colcon_core.shell:Creating environment hook '/home/aurora/RESTAPI/ros2_ws/install/rn2/share/rn2/hook/ament_prefix_path.ps1'
[0.337s] INFO:colcon.colcon_core.shell:Creating environment descriptor '/home/aurora/RESTAPI/ros2_ws/install/rn2/share/rn2/hook/ament_prefix_path.dsv'
[0.338s] INFO:colcon.colcon_core.shell:Creating environment hook '/home/aurora/RESTAPI/ros2_ws/install/rn2/share/rn2/hook/ament_prefix_path.sh'
[0.338s] INFO:colcon.colcon_core.shell:Skip shell extension 'powershell' for command environment: Not usable outside of PowerShell
[0.338s] DEBUG:colcon.colcon_core.shell:Skip shell extension 'dsv' for command environment
[0.347s] DEBUG:colcon.colcon_core.event_handler.log_command:Invoking command in '/home/aurora/RESTAPI/ros2_ws/build/action_interfaces': CMAKE_PREFIX_PATH=/opt/ros/foxy CONDA_PROMPT_MODIFIER=(ros2) /usr/bin/cmake --build /home/aurora/RESTAPI/ros2_ws/build/action_interfaces -- -j32 -l32
[0.472s] INFO:colcon.colcon_core.task.python.build:Building Python package in '/home/aurora/RESTAPI/ros2_ws/src/rn1'
[0.473s] INFO:colcon.colcon_core.shell:Skip shell extension 'powershell' for command environment: Not usable outside of PowerShell
[0.473s] DEBUG:colcon.colcon_core.shell:Skip shell extension 'dsv' for command environment
[0.608s] INFO:colcon.colcon_core.task.python.build:Building Python package in '/home/aurora/RESTAPI/ros2_ws/src/rn2'
[0.609s] INFO:colcon.colcon_core.shell:Skip shell extension 'powershell' for command environment: Not usable outside of PowerShell
[0.609s] DEBUG:colcon.colcon_core.shell:Skip shell extension 'dsv' for command environment
[0.628s] DEBUG:colcon.colcon_core.event_handler.log_command:Invoked command in '/home/aurora/RESTAPI/ros2_ws/build/action_interfaces' returned '0': CMAKE_PREFIX_PATH=/opt/ros/foxy CONDA_PROMPT_MODIFIER=(ros2) /usr/bin/cmake --build /home/aurora/RESTAPI/ros2_ws/build/action_interfaces -- -j32 -l32
[0.677s] DEBUG:colcon.colcon_core.event_handler.log_command:Invoking command in '/home/aurora/RESTAPI/ros2_ws/build/action_interfaces': CMAKE_PREFIX_PATH=/opt/ros/foxy CONDA_PROMPT_MODIFIER=(ros2) /usr/bin/cmake --install /home/aurora/RESTAPI/ros2_ws/build/action_interfaces
[0.736s] Level 1:colcon.colcon_core.environment:create_environment_scripts_only(action_interfaces)
[0.737s] DEBUG:colcon.colcon_core.event_handler.log_command:Invoked command in '/home/aurora/RESTAPI/ros2_ws/build/action_interfaces' returned '0': CMAKE_PREFIX_PATH=/opt/ros/foxy CONDA_PROMPT_MODIFIER=(ros2) /usr/bin/cmake --install /home/aurora/RESTAPI/ros2_ws/build/action_interfaces
[0.740s] Level 1:colcon.colcon_core.environment:checking '/home/aurora/RESTAPI/ros2_ws/install/action_interfaces' for CMake module files
[0.740s] Level 1:colcon.colcon_core.environment:checking '/home/aurora/RESTAPI/ros2_ws/install/action_interfaces' for CMake config files
[0.740s] Level 1:colcon.colcon_core.shell:create_environment_hook('action_interfaces', 'cmake_prefix_path')
[0.741s] INFO:colcon.colcon_core.shell:Creating environment hook '/home/aurora/RESTAPI/ros2_ws/install/action_interfaces/share/action_interfaces/hook/cmake_prefix_path.ps1'
[0.741s] INFO:colcon.colcon_core.shell:Creating environment descriptor '/home/aurora/RESTAPI/ros2_ws/install/action_interfaces/share/action_interfaces/hook/cmake_prefix_path.dsv'
[0.741s] INFO:colcon.colcon_core.shell:Creating environment hook '/home/aurora/RESTAPI/ros2_ws/install/action_interfaces/share/action_interfaces/hook/cmake_prefix_path.sh'
[0.742s] Level 1:colcon.colcon_core.environment:checking '/home/aurora/RESTAPI/ros2_ws/install/action_interfaces/lib'
[0.742s] Level 1:colcon.colcon_core.shell:create_environment_hook('action_interfaces', 'ld_library_path_lib')
[0.742s] INFO:colcon.colcon_core.shell:Creating environment hook '/home/aurora/RESTAPI/ros2_ws/install/action_interfaces/share/action_interfaces/hook/ld_library_path_lib.ps1'
[0.742s] INFO:colcon.colcon_core.shell:Creating environment descriptor '/home/aurora/RESTAPI/ros2_ws/install/action_interfaces/share/action_interfaces/hook/ld_library_path_lib.dsv'
[0.742s] INFO:colcon.colcon_core.shell:Creating environment hook '/home/aurora/RESTAPI/ros2_ws/install/action_interfaces/share/action_interfaces/hook/ld_library_path_lib.sh'
[0.742s] Level 1:colcon.colcon_core.environment:checking '/home/aurora/RESTAPI/ros2_ws/install/action_interfaces/bin'
[0.742s] Level 1:colcon.colcon_core.environment:checking '/home/aurora/RESTAPI/ros2_ws/install/action_interfaces/lib/pkgconfig/action_interfaces.pc'
[0.742s] Level 1:colcon.colcon_core.environment:checking '/home/aurora/RESTAPI/ros2_ws/install/action_interfaces/lib/python3.8/site-packages'
[0.742s] Level 1:colcon.colcon_core.shell:create_environment_hook('action_interfaces', 'pythonpath')
[0.743s] INFO:colcon.colcon_core.shell:Creating environment hook '/home/aurora/RESTAPI/ros2_ws/install/action_interfaces/share/action_interfaces/hook/pythonpath.ps1'
[0.743s] INFO:colcon.colcon_core.shell:Creating environment descriptor '/home/aurora/RESTAPI/ros2_ws/install/action_interfaces/share/action_interfaces/hook/pythonpath.dsv'
[0.743s] INFO:colcon.colcon_core.shell:Creating environment hook '/home/aurora/RESTAPI/ros2_ws/install/action_interfaces/share/action_interfaces/hook/pythonpath.sh'
[0.743s] Level 1:colcon.colcon_core.environment:checking '/home/aurora/RESTAPI/ros2_ws/install/action_interfaces/bin'
[0.743s] INFO:colcon.colcon_core.shell:Creating package script '/home/aurora/RESTAPI/ros2_ws/install/action_interfaces/share/action_interfaces/package.ps1'
[0.744s] INFO:colcon.colcon_core.shell:Creating package descriptor '/home/aurora/RESTAPI/ros2_ws/install/action_interfaces/share/action_interfaces/package.dsv'
[0.744s] INFO:colcon.colcon_core.shell:Creating package script '/home/aurora/RESTAPI/ros2_ws/install/action_interfaces/share/action_interfaces/package.sh'
[0.745s] INFO:colcon.colcon_core.shell:Creating package script '/home/aurora/RESTAPI/ros2_ws/install/action_interfaces/share/action_interfaces/package.bash'
[0.745s] INFO:colcon.colcon_core.shell:Creating package script '/home/aurora/RESTAPI/ros2_ws/install/action_interfaces/share/action_interfaces/package.zsh'
[0.746s] Level 1:colcon.colcon_core.environment:create_file_with_runtime_dependencies(/home/aurora/RESTAPI/ros2_ws/install/action_interfaces/share/colcon-core/packages/action_interfaces)
[0.790s] Level 1:colcon.colcon_core.environment:create_environment_scripts_only(action_interfaces)
[0.790s] Level 1:colcon.colcon_core.environment:checking '/home/aurora/RESTAPI/ros2_ws/install/action_interfaces' for CMake module files
[0.791s] Level 1:colcon.colcon_core.environment:checking '/home/aurora/RESTAPI/ros2_ws/install/action_interfaces' for CMake config files
[0.791s] Level 1:colcon.colcon_core.shell:create_environment_hook('action_interfaces', 'cmake_prefix_path')
[0.791s] INFO:colcon.colcon_core.shell:Creating environment hook '/home/aurora/RESTAPI/ros2_ws/install/action_interfaces/share/action_interfaces/hook/cmake_prefix_path.ps1'
[0.792s] INFO:colcon.colcon_core.shell:Creating environment descriptor '/home/aurora/RESTAPI/ros2_ws/install/action_interfaces/share/action_interfaces/hook/cmake_prefix_path.dsv'
[0.792s] INFO:colcon.colcon_core.shell:Creating environment hook '/home/aurora/RESTAPI/ros2_ws/install/action_interfaces/share/action_interfaces/hook/cmake_prefix_path.sh'
[0.792s] Level 1:colcon.colcon_core.environment:checking '/home/aurora/RESTAPI/ros2_ws/install/action_interfaces/lib'
[0.792s] Level 1:colcon.colcon_core.shell:create_environment_hook('action_interfaces', 'ld_library_path_lib')
[0.792s] INFO:colcon.colcon_core.shell:Creating environment hook '/home/aurora/RESTAPI/ros2_ws/install/action_interfaces/share/action_interfaces/hook/ld_library_path_lib.ps1'
[0.793s] INFO:colcon.colcon_core.shell:Creating environment descriptor '/home/aurora/RESTAPI/ros2_ws/install/action_interfaces/share/action_interfaces/hook/ld_library_path_lib.dsv'
[0.793s] INFO:colcon.colcon_core.shell:Creating environment hook '/home/aurora/RESTAPI/ros2_ws/install/action_interfaces/share/action_interfaces/hook/ld_library_path_lib.sh'
[0.793s] Level 1:colcon.colcon_core.environment:checking '/home/aurora/RESTAPI/ros2_ws/install/action_interfaces/bin'
[0.793s] Level 1:colcon.colcon_core.environment:checking '/home/aurora/RESTAPI/ros2_ws/install/action_interfaces/lib/pkgconfig/action_interfaces.pc'
[0.793s] Level 1:colcon.colcon_core.environment:checking '/home/aurora/RESTAPI/ros2_ws/install/action_interfaces/lib/python3.8/site-packages'
[0.793s] Level 1:colcon.colcon_core.shell:create_environment_hook('action_interfaces', 'pythonpath')
[0.794s] INFO:colcon.colcon_core.shell:Creating environment hook '/home/aurora/RESTAPI/ros2_ws/install/action_interfaces/share/action_interfaces/hook/pythonpath.ps1'
[0.794s] INFO:colcon.colcon_core.shell:Creating environment descriptor '/home/aurora/RESTAPI/ros2_ws/install/action_interfaces/share/action_interfaces/hook/pythonpath.dsv'
[0.794s] INFO:colcon.colcon_core.shell:Creating environment hook '/home/aurora/RESTAPI/ros2_ws/install/action_interfaces/share/action_interfaces/hook/pythonpath.sh'
[0.794s] Level 1:colcon.colcon_core.environment:checking '/home/aurora/RESTAPI/ros2_ws/install/action_interfaces/bin'
[0.795s] INFO:colcon.colcon_core.shell:Creating package script '/home/aurora/RESTAPI/ros2_ws/install/action_interfaces/share/action_interfaces/package.ps1'
[0.795s] INFO:colcon.colcon_core.shell:Creating package descriptor '/home/aurora/RESTAPI/ros2_ws/install/action_interfaces/share/action_interfaces/package.dsv'
[0.795s] INFO:colcon.colcon_core.shell:Creating package script '/home/aurora/RESTAPI/ros2_ws/install/action_interfaces/share/action_interfaces/package.sh'
[0.796s] INFO:colcon.colcon_core.shell:Creating package script '/home/aurora/RESTAPI/ros2_ws/install/action_interfaces/share/action_interfaces/package.bash'
[0.796s] INFO:colcon.colcon_core.shell:Creating package script '/home/aurora/RESTAPI/ros2_ws/install/action_interfaces/share/action_interfaces/package.zsh'
[0.796s] Level 1:colcon.colcon_core.environment:create_file_with_runtime_dependencies(/home/aurora/RESTAPI/ros2_ws/install/action_interfaces/share/colcon-core/packages/action_interfaces)
[0.843s] DEBUG:colcon.colcon_core.event_handler.log_command:Invoking command in '/home/aurora/RESTAPI/ros2_ws/src/rn1': CONDA_PROMPT_MODIFIER=(ros2) PYTHONPATH=/home/aurora/RESTAPI/ros2_ws/build/rn1/prefix_override:/usr/lib/python3/dist-packages/colcon_core/task/python/colcon_distutils_commands:/home/aurora/RESTAPI/ros2_ws/install/rn1/lib/python3.8/site-packages:${PYTHONPATH} /usr/bin/python3 -W ignore:setup.py install is deprecated setup.py egg_info --egg-base ../../build/rn1 build --build-base /home/aurora/RESTAPI/ros2_ws/build/rn1/build install --record /home/aurora/RESTAPI/ros2_ws/build/rn1/install.log --install-scripts $base/lib/rn1 --single-version-externally-managed install_data
[0.847s] DEBUG:colcon.colcon_core.event_handler.log_command:Invoking command in '/home/aurora/RESTAPI/ros2_ws/src/rn2': CONDA_PROMPT_MODIFIER=(ros2) PYTHONPATH=/home/aurora/RESTAPI/ros2_ws/build/rn2/prefix_override:/usr/lib/python3/dist-packages/colcon_core/task/python/colcon_distutils_commands:/home/aurora/RESTAPI/ros2_ws/install/rn2/lib/python3.8/site-packages:${PYTHONPATH} /usr/bin/python3 -W ignore:setup.py install is deprecated setup.py egg_info --egg-base ../../build/rn2 build --build-base /home/aurora/RESTAPI/ros2_ws/build/rn2/build install --record /home/aurora/RESTAPI/ros2_ws/build/rn2/install.log --install-scripts $base/lib/rn2 --single-version-externally-managed install_data
[0.996s] Level 1:colcon.colcon_core.environment:checking '/home/aurora/RESTAPI/ros2_ws/install/rn1' for CMake module files
[0.997s] DEBUG:colcon.colcon_core.event_handler.log_command:Invoked command in '/home/aurora/RESTAPI/ros2_ws/src/rn1' returned '0': CONDA_PROMPT_MODIFIER=(ros2) PYTHONPATH=/home/aurora/RESTAPI/ros2_ws/build/rn1/prefix_override:/usr/lib/python3/dist-packages/colcon_core/task/python/colcon_distutils_commands:/home/aurora/RESTAPI/ros2_ws/install/rn1/lib/python3.8/site-packages:${PYTHONPATH} /usr/bin/python3 -W ignore:setup.py install is deprecated setup.py egg_info --egg-base ../../build/rn1 build --build-base /home/aurora/RESTAPI/ros2_ws/build/rn1/build install --record /home/aurora/RESTAPI/ros2_ws/build/rn1/install.log --install-scripts $base/lib/rn1 --single-version-externally-managed install_data
[0.997s] Level 1:colcon.colcon_core.environment:checking '/home/aurora/RESTAPI/ros2_ws/install/rn1' for CMake config files
[0.998s] Level 1:colcon.colcon_core.environment:checking '/home/aurora/RESTAPI/ros2_ws/install/rn1/lib'
[0.998s] Level 1:colcon.colcon_core.environment:checking '/home/aurora/RESTAPI/ros2_ws/install/rn1/bin'
[0.998s] Level 1:colcon.colcon_core.environment:checking '/home/aurora/RESTAPI/ros2_ws/install/rn1/lib/pkgconfig/rn1.pc'
[0.998s] Level 1:colcon.colcon_core.environment:checking '/home/aurora/RESTAPI/ros2_ws/install/rn1/lib/python3.8/site-packages'
[0.998s] Level 1:colcon.colcon_core.shell:create_environment_hook('rn1', 'pythonpath')
[0.998s] INFO:colcon.colcon_core.shell:Creating environment hook '/home/aurora/RESTAPI/ros2_ws/install/rn1/share/rn1/hook/pythonpath.ps1'
[0.998s] INFO:colcon.colcon_core.shell:Creating environment descriptor '/home/aurora/RESTAPI/ros2_ws/install/rn1/share/rn1/hook/pythonpath.dsv'
[0.998s] INFO:colcon.colcon_core.shell:Creating environment hook '/home/aurora/RESTAPI/ros2_ws/install/rn1/share/rn1/hook/pythonpath.sh'
[0.999s] Level 1:colcon.colcon_core.environment:checking '/home/aurora/RESTAPI/ros2_ws/install/rn1/bin'
[0.999s] Level 1:colcon.colcon_core.environment:create_environment_scripts_only(rn1)
[0.999s] INFO:colcon.colcon_core.shell:Creating package script '/home/aurora/RESTAPI/ros2_ws/install/rn1/share/rn1/package.ps1'
[0.999s] INFO:colcon.colcon_core.shell:Creating package descriptor '/home/aurora/RESTAPI/ros2_ws/install/rn1/share/rn1/package.dsv'
[0.999s] INFO:colcon.colcon_core.shell:Creating package script '/home/aurora/RESTAPI/ros2_ws/install/rn1/share/rn1/package.sh'
[0.999s] INFO:colcon.colcon_core.shell:Creating package script '/home/aurora/RESTAPI/ros2_ws/install/rn1/share/rn1/package.bash'
[1.000s] INFO:colcon.colcon_core.shell:Creating package script '/home/aurora/RESTAPI/ros2_ws/install/rn1/share/rn1/package.zsh'
[1.000s] Level 1:colcon.colcon_core.environment:create_file_with_runtime_dependencies(/home/aurora/RESTAPI/ros2_ws/install/rn1/share/colcon-core/packages/rn1)
[1.001s] Level 1:colcon.colcon_core.environment:checking '/home/aurora/RESTAPI/ros2_ws/install/rn2' for CMake module files
[1.001s] DEBUG:colcon.colcon_core.event_handler.log_command:Invoked command in '/home/aurora/RESTAPI/ros2_ws/src/rn2' returned '0': CONDA_PROMPT_MODIFIER=(ros2) PYTHONPATH=/home/aurora/RESTAPI/ros2_ws/build/rn2/prefix_override:/usr/lib/python3/dist-packages/colcon_core/task/python/colcon_distutils_commands:/home/aurora/RESTAPI/ros2_ws/install/rn2/lib/python3.8/site-packages:${PYTHONPATH} /usr/bin/python3 -W ignore:setup.py install is deprecated setup.py egg_info --egg-base ../../build/rn2 build --build-base /home/aurora/RESTAPI/ros2_ws/build/rn2/build install --record /home/aurora/RESTAPI/ros2_ws/build/rn2/install.log --install-scripts $base/lib/rn2 --single-version-externally-managed install_data
[1.002s] Level 1:colcon.colcon_core.environment:checking '/home/aurora/RESTAPI/ros2_ws/install/rn2' for CMake config files
[1.003s] Level 1:colcon.colcon_core.environment:checking '/home/aurora/RESTAPI/ros2_ws/install/rn2/lib'
[1.003s] Level 1:colcon.colcon_core.environment:checking '/home/aurora/RESTAPI/ros2_ws/install/rn2/bin'
[1.003s] Level 1:colcon.colcon_core.environment:checking '/home/aurora/RESTAPI/ros2_ws/install/rn2/lib/pkgconfig/rn2.pc'
[1.003s] Level 1:colcon.colcon_core.environment:checking '/home/aurora/RESTAPI/ros2_ws/install/rn2/lib/python3.8/site-packages'
[1.003s] Level 1:colcon.colcon_core.shell:create_environment_hook('rn2', 'pythonpath')
[1.003s] INFO:colcon.colcon_core.shell:Creating environment hook '/home/aurora/RESTAPI/ros2_ws/install/rn2/share/rn2/hook/pythonpath.ps1'
[1.004s] INFO:colcon.colcon_core.shell:Creating environment descriptor '/home/aurora/RESTAPI/ros2_ws/install/rn2/share/rn2/hook/pythonpath.dsv'
[1.004s] INFO:colcon.colcon_core.shell:Creating environment hook '/home/aurora/RESTAPI/ros2_ws/install/rn2/share/rn2/hook/pythonpath.sh'
[1.005s] Level 1:colcon.colcon_core.environment:checking '/home/aurora/RESTAPI/ros2_ws/install/rn2/bin'
[1.005s] Level 1:colcon.colcon_core.environment:create_environment_scripts_only(rn2)
[1.005s] INFO:colcon.colcon_core.shell:Creating package script '/home/aurora/RESTAPI/ros2_ws/install/rn2/share/rn2/package.ps1'
[1.006s] INFO:colcon.colcon_core.shell:Creating package descriptor '/home/aurora/RESTAPI/ros2_ws/install/rn2/share/rn2/package.dsv'
[1.006s] INFO:colcon.colcon_core.shell:Creating package script '/home/aurora/RESTAPI/ros2_ws/install/rn2/share/rn2/package.sh'
[1.007s] INFO:colcon.colcon_core.shell:Creating package script '/home/aurora/RESTAPI/ros2_ws/install/rn2/share/rn2/package.bash'
[1.007s] INFO:colcon.colcon_core.shell:Creating package script '/home/aurora/RESTAPI/ros2_ws/install/rn2/share/rn2/package.zsh'
[1.008s] Level 1:colcon.colcon_core.environment:create_file_with_runtime_dependencies(/home/aurora/RESTAPI/ros2_ws/install/rn2/share/colcon-core/packages/rn2)
[1.008s] DEBUG:colcon.colcon_parallel_executor.executor.parallel:closing loop
[1.008s] DEBUG:colcon.colcon_parallel_executor.executor.parallel:loop closed
[1.008s] DEBUG:colcon.colcon_parallel_executor.executor.parallel:run_until_complete finished with '0'
[1.008s] DEBUG:colcon.colcon_core.event_reactor:joining thread
[1.012s] INFO:colcon.colcon_core.plugin_system:Skipping extension 'colcon_notification.desktop_notification.terminal_notifier': Not used on non-Darwin systems
[1.012s] INFO:colcon.colcon_core.plugin_system:Skipping extension 'colcon_notification.desktop_notification.win32': Not used on non-Windows systems
[1.012s] INFO:colcon.colcon_notification.desktop_notification:Sending desktop notification using 'notify2'
[1.026s] DEBUG:colcon.colcon_core.event_reactor:joined thread
[1.026s] INFO:colcon.colcon_core.shell:Creating prefix script '/home/aurora/RESTAPI/ros2_ws/install/local_setup.ps1'
[1.027s] INFO:colcon.colcon_core.shell:Creating prefix util module '/home/aurora/RESTAPI/ros2_ws/install/_local_setup_util_ps1.py'
[1.029s] INFO:colcon.colcon_core.shell:Creating prefix chain script '/home/aurora/RESTAPI/ros2_ws/install/setup.ps1'
[1.030s] INFO:colcon.colcon_core.shell:Creating prefix script '/home/aurora/RESTAPI/ros2_ws/install/local_setup.sh'
[1.031s] INFO:colcon.colcon_core.shell:Creating prefix util module '/home/aurora/RESTAPI/ros2_ws/install/_local_setup_util_sh.py'
[1.031s] INFO:colcon.colcon_core.shell:Creating prefix chain script '/home/aurora/RESTAPI/ros2_ws/install/setup.sh'
[1.032s] INFO:colcon.colcon_core.shell:Creating prefix script '/home/aurora/RESTAPI/ros2_ws/install/local_setup.bash'
[1.033s] INFO:colcon.colcon_core.shell:Creating prefix chain script '/home/aurora/RESTAPI/ros2_ws/install/setup.bash'
[1.034s] INFO:colcon.colcon_core.shell:Creating prefix script '/home/aurora/RESTAPI/ros2_ws/install/local_setup.zsh'
[1.034s] INFO:colcon.colcon_core.shell:Creating prefix chain script '/home/aurora/RESTAPI/ros2_ws/install/setup.zsh'
