[0.512s] Invoking command in '/home/aurora/RESTAPI/ros2_ws/src/rn2': CONDA_PROMPT_MODIFIER=(ros2) PYTHONPATH=/home/aurora/RESTAPI/ros2_ws/build/rn2/prefix_override:/usr/lib/python3/dist-packages/colcon_core/task/python/colcon_distutils_commands:/home/aurora/RESTAPI/ros2_ws/install/rn2/lib/python3.8/site-packages:${PYTHONPATH} /usr/bin/python3 -W ignore:setup.py install is deprecated setup.py egg_info --egg-base ../../build/rn2 build --build-base /home/aurora/RESTAPI/ros2_ws/build/rn2/build install --record /home/aurora/RESTAPI/ros2_ws/build/rn2/install.log --install-scripts $base/lib/rn2 --single-version-externally-managed install_data
[0.649s] running egg_info
[0.649s] writing ../../build/rn2/rn2.egg-info/PKG-INFO
[0.649s] writing dependency_links to ../../build/rn2/rn2.egg-info/dependency_links.txt
[0.649s] writing entry points to ../../build/rn2/rn2.egg-info/entry_points.txt
[0.649s] writing requirements to ../../build/rn2/rn2.egg-info/requires.txt
[0.649s] writing top-level names to ../../build/rn2/rn2.egg-info/top_level.txt
[0.666s] reading manifest file '../../build/rn2/rn2.egg-info/SOURCES.txt'
[0.666s] writing manifest file '../../build/rn2/rn2.egg-info/SOURCES.txt'
[0.667s] running build
[0.667s] running build_py
[0.667s] copying rn2/server.py -> /home/aurora/RESTAPI/ros2_ws/build/rn2/build/lib/rn2
[0.667s] running install
[0.667s] running install_lib
[0.668s] copying /home/aurora/RESTAPI/ros2_ws/build/rn2/build/lib/rn2/server.py -> /home/aurora/RESTAPI/ros2_ws/install/rn2/lib/python3.8/site-packages/rn2
[0.668s] byte-compiling /home/aurora/RESTAPI/ros2_ws/install/rn2/lib/python3.8/site-packages/rn2/server.py to server.cpython-38.pyc
[0.668s] running install_data
[0.669s] running install_egg_info
[0.669s] removing '/home/aurora/RESTAPI/ros2_ws/install/rn2/lib/python3.8/site-packages/rn2-0.0.0-py3.8.egg-info' (and everything under it)
[0.669s] Copying ../../build/rn2/rn2.egg-info to /home/aurora/RESTAPI/ros2_ws/install/rn2/lib/python3.8/site-packages/rn2-0.0.0-py3.8.egg-info
[0.670s] running install_scripts
[0.678s] Installing server script to /home/aurora/RESTAPI/ros2_ws/install/rn2/lib/rn2
[0.678s] writing list of installed files to '/home/aurora/RESTAPI/ros2_ws/build/rn2/install.log'
[0.689s] Invoked command in '/home/aurora/RESTAPI/ros2_ws/src/rn2' returned '0': CONDA_PROMPT_MODIFIER=(ros2) PYTHONPATH=/home/aurora/RESTAPI/ros2_ws/build/rn2/prefix_override:/usr/lib/python3/dist-packages/colcon_core/task/python/colcon_distutils_commands:/home/aurora/RESTAPI/ros2_ws/install/rn2/lib/python3.8/site-packages:${PYTHONPATH} /usr/bin/python3 -W ignore:setup.py install is deprecated setup.py egg_info --egg-base ../../build/rn2 build --build-base /home/aurora/RESTAPI/ros2_ws/build/rn2/build install --record /home/aurora/RESTAPI/ros2_ws/build/rn2/install.log --install-scripts $base/lib/rn2 --single-version-externally-managed install_data
