[0.018s] Invoking command in '/home/aurora/RESTAPI/ros2_ws/build/action_interfaces': CMAKE_PREFIX_PATH=${CMAKE_PREFIX_PATH}:/home/aurora/RESTAPI/ros2_ws/install/rn2:/home/aurora/RESTAPI/ros2_ws/install/rn1:/opt/ros/foxy CONDA_PROMPT_MODIFIER=(base) /usr/bin/cmake --build /home/aurora/RESTAPI/ros2_ws/build/action_interfaces -- -j32 -l32
[0.161s] [  3%] Built target action_interfaces__cpp
[0.163s] [ 12%] Built target action_interfaces__rosidl_generator_c
[0.163s] [ 22%] Built target action_interfaces__rosidl_typesupport_introspection_cpp
[0.163s] [ 32%] Built target action_interfaces__rosidl_typesupport_c
[0.163s] [ 41%] Built target action_interfaces__rosidl_typesupport_cpp
[0.164s] [ 51%] Built target action_interfaces__rosidl_typesupport_introspection_c
[0.164s] [ 61%] Built target action_interfaces__rosidl_typesupport_fastrtps_cpp
[0.164s] [ 70%] Built target action_interfaces__rosidl_typesupport_fastrtps_c
[0.164s] [ 70%] Built target action_interfaces
[0.170s] [ 74%] Built target action_interfaces__py
[0.188s] [ 80%] Built target action_interfaces__python
[0.206s] [ 87%] Built target action_interfaces__rosidl_typesupport_c__pyext
[0.215s] [ 93%] Built target action_interfaces__rosidl_typesupport_fastrtps_c__pyext
[0.218s] [100%] Built target action_interfaces__rosidl_typesupport_introspection_c__pyext
[0.312s] Invoked command in '/home/aurora/RESTAPI/ros2_ws/build/action_interfaces' returned '0': CMAKE_PREFIX_PATH=${CMAKE_PREFIX_PATH}:/home/aurora/RESTAPI/ros2_ws/install/rn2:/home/aurora/RESTAPI/ros2_ws/install/rn1:/opt/ros/foxy CONDA_PROMPT_MODIFIER=(base) /usr/bin/cmake --build /home/aurora/RESTAPI/ros2_ws/build/action_interfaces -- -j32 -l32
[0.369s] Invoking command in '/home/aurora/RESTAPI/ros2_ws/build/action_interfaces': CMAKE_PREFIX_PATH=${CMAKE_PREFIX_PATH}:/home/aurora/RESTAPI/ros2_ws/install/rn2:/home/aurora/RESTAPI/ros2_ws/install/rn1:/opt/ros/foxy CONDA_PROMPT_MODIFIER=(base) /usr/bin/cmake --install /home/aurora/RESTAPI/ros2_ws/build/action_interfaces
[0.375s] -- Install configuration: ""
[0.375s] -- Up-to-date: /home/aurora/RESTAPI/ros2_ws/install/action_interfaces/share/ament_index/resource_index/rosidl_interfaces/action_interfaces
[0.376s] -- Up-to-date: /home/aurora/RESTAPI/ros2_ws/install/action_interfaces/include/action_interfaces
[0.376s] -- Up-to-date: /home/aurora/RESTAPI/ros2_ws/install/action_interfaces/include/action_interfaces/action
[0.376s] -- Up-to-date: /home/aurora/RESTAPI/ros2_ws/install/action_interfaces/include/action_interfaces/action/detail
[0.376s] -- Up-to-date: /home/aurora/RESTAPI/ros2_ws/install/action_interfaces/include/action_interfaces/action/detail/mission__struct.h
[0.376s] -- Up-to-date: /home/aurora/RESTAPI/ros2_ws/install/action_interfaces/include/action_interfaces/action/detail/mission__functions.h
[0.376s] -- Up-to-date: /home/aurora/RESTAPI/ros2_ws/install/action_interfaces/include/action_interfaces/action/detail/mission__functions.c
[0.376s] -- Up-to-date: /home/aurora/RESTAPI/ros2_ws/install/action_interfaces/include/action_interfaces/action/detail/fibonacci__struct.h
[0.376s] -- Up-to-date: /home/aurora/RESTAPI/ros2_ws/install/action_interfaces/include/action_interfaces/action/detail/fibonacci__functions.c
[0.376s] -- Up-to-date: /home/aurora/RESTAPI/ros2_ws/install/action_interfaces/include/action_interfaces/action/detail/fibonacci__type_support.h
[0.376s] -- Up-to-date: /home/aurora/RESTAPI/ros2_ws/install/action_interfaces/include/action_interfaces/action/detail/mission__type_support.h
[0.377s] -- Up-to-date: /home/aurora/RESTAPI/ros2_ws/install/action_interfaces/include/action_interfaces/action/detail/fibonacci__functions.h
[0.377s] -- Up-to-date: /home/aurora/RESTAPI/ros2_ws/install/action_interfaces/include/action_interfaces/action/fibonacci.h
[0.377s] -- Up-to-date: /home/aurora/RESTAPI/ros2_ws/install/action_interfaces/include/action_interfaces/action/mission.h
[0.377s] -- Up-to-date: /home/aurora/RESTAPI/ros2_ws/install/action_interfaces/include/action_interfaces/msg
[0.377s] -- Up-to-date: /home/aurora/RESTAPI/ros2_ws/install/action_interfaces/include/action_interfaces/msg/rosidl_generator_c__visibility_control.h
[0.377s] -- Up-to-date: /home/aurora/RESTAPI/ros2_ws/install/action_interfaces/share/action_interfaces/environment/library_path.sh
[0.377s] -- Up-to-date: /home/aurora/RESTAPI/ros2_ws/install/action_interfaces/share/action_interfaces/environment/library_path.dsv
[0.377s] -- Up-to-date: /home/aurora/RESTAPI/ros2_ws/install/action_interfaces/lib/libaction_interfaces__rosidl_generator_c.so
[0.377s] -- Up-to-date: /home/aurora/RESTAPI/ros2_ws/install/action_interfaces/include/action_interfaces
[0.377s] -- Up-to-date: /home/aurora/RESTAPI/ros2_ws/install/action_interfaces/include/action_interfaces/action
[0.377s] -- Up-to-date: /home/aurora/RESTAPI/ros2_ws/install/action_interfaces/include/action_interfaces/action/detail
[0.378s] -- Up-to-date: /home/aurora/RESTAPI/ros2_ws/install/action_interfaces/include/action_interfaces/action/detail/mission__rosidl_typesupport_fastrtps_c.h
[0.378s] -- Up-to-date: /home/aurora/RESTAPI/ros2_ws/install/action_interfaces/include/action_interfaces/action/detail/fibonacci__rosidl_typesupport_fastrtps_c.h
[0.378s] -- Up-to-date: /home/aurora/RESTAPI/ros2_ws/install/action_interfaces/include/action_interfaces/msg
[0.378s] -- Up-to-date: /home/aurora/RESTAPI/ros2_ws/install/action_interfaces/include/action_interfaces/msg/rosidl_typesupport_fastrtps_c__visibility_control.h
[0.378s] -- Up-to-date: /home/aurora/RESTAPI/ros2_ws/install/action_interfaces/lib/libaction_interfaces__rosidl_typesupport_fastrtps_c.so
[0.378s] -- Up-to-date: /home/aurora/RESTAPI/ros2_ws/install/action_interfaces/include/action_interfaces
[0.378s] -- Up-to-date: /home/aurora/RESTAPI/ros2_ws/install/action_interfaces/include/action_interfaces/action
[0.378s] -- Up-to-date: /home/aurora/RESTAPI/ros2_ws/install/action_interfaces/include/action_interfaces/action/detail
[0.378s] -- Up-to-date: /home/aurora/RESTAPI/ros2_ws/install/action_interfaces/include/action_interfaces/action/detail/mission__rosidl_typesupport_fastrtps_cpp.hpp
[0.378s] -- Up-to-date: /home/aurora/RESTAPI/ros2_ws/install/action_interfaces/include/action_interfaces/action/detail/dds_fastrtps
[0.378s] -- Up-to-date: /home/aurora/RESTAPI/ros2_ws/install/action_interfaces/include/action_interfaces/action/detail/fibonacci__rosidl_typesupport_fastrtps_cpp.hpp
[0.378s] -- Up-to-date: /home/aurora/RESTAPI/ros2_ws/install/action_interfaces/include/action_interfaces/msg
[0.378s] -- Up-to-date: /home/aurora/RESTAPI/ros2_ws/install/action_interfaces/include/action_interfaces/msg/rosidl_typesupport_fastrtps_cpp__visibility_control.h
[0.378s] -- Up-to-date: /home/aurora/RESTAPI/ros2_ws/install/action_interfaces/lib/libaction_interfaces__rosidl_typesupport_fastrtps_cpp.so
[0.378s] -- Up-to-date: /home/aurora/RESTAPI/ros2_ws/install/action_interfaces/include/action_interfaces
[0.378s] -- Up-to-date: /home/aurora/RESTAPI/ros2_ws/install/action_interfaces/include/action_interfaces/action
[0.378s] -- Up-to-date: /home/aurora/RESTAPI/ros2_ws/install/action_interfaces/include/action_interfaces/action/detail
[0.378s] -- Up-to-date: /home/aurora/RESTAPI/ros2_ws/install/action_interfaces/include/action_interfaces/action/detail/mission__rosidl_typesupport_introspection_c.h
[0.378s] -- Up-to-date: /home/aurora/RESTAPI/ros2_ws/install/action_interfaces/include/action_interfaces/action/detail/fibonacci__rosidl_typesupport_introspection_c.h
[0.379s] -- Up-to-date: /home/aurora/RESTAPI/ros2_ws/install/action_interfaces/include/action_interfaces/action/detail/fibonacci__type_support.c
[0.379s] -- Up-to-date: /home/aurora/RESTAPI/ros2_ws/install/action_interfaces/include/action_interfaces/action/detail/mission__type_support.c
[0.379s] -- Up-to-date: /home/aurora/RESTAPI/ros2_ws/install/action_interfaces/include/action_interfaces/msg
[0.379s] -- Up-to-date: /home/aurora/RESTAPI/ros2_ws/install/action_interfaces/include/action_interfaces/msg/rosidl_typesupport_introspection_c__visibility_control.h
[0.379s] -- Up-to-date: /home/aurora/RESTAPI/ros2_ws/install/action_interfaces/lib/libaction_interfaces__rosidl_typesupport_introspection_c.so
[0.379s] -- Up-to-date: /home/aurora/RESTAPI/ros2_ws/install/action_interfaces/lib/libaction_interfaces__rosidl_typesupport_c.so
[0.379s] -- Up-to-date: /home/aurora/RESTAPI/ros2_ws/install/action_interfaces/include/action_interfaces
[0.379s] -- Up-to-date: /home/aurora/RESTAPI/ros2_ws/install/action_interfaces/include/action_interfaces/action
[0.379s] -- Up-to-date: /home/aurora/RESTAPI/ros2_ws/install/action_interfaces/include/action_interfaces/action/detail
[0.379s] -- Up-to-date: /home/aurora/RESTAPI/ros2_ws/install/action_interfaces/include/action_interfaces/action/detail/fibonacci__struct.hpp
[0.379s] -- Up-to-date: /home/aurora/RESTAPI/ros2_ws/install/action_interfaces/include/action_interfaces/action/detail/fibonacci__traits.hpp
[0.379s] -- Up-to-date: /home/aurora/RESTAPI/ros2_ws/install/action_interfaces/include/action_interfaces/action/detail/mission__struct.hpp
[0.379s] -- Up-to-date: /home/aurora/RESTAPI/ros2_ws/install/action_interfaces/include/action_interfaces/action/detail/fibonacci__type_support.hpp
[0.379s] -- Up-to-date: /home/aurora/RESTAPI/ros2_ws/install/action_interfaces/include/action_interfaces/action/detail/mission__type_support.hpp
[0.379s] -- Up-to-date: /home/aurora/RESTAPI/ros2_ws/install/action_interfaces/include/action_interfaces/action/detail/mission__builder.hpp
[0.379s] -- Up-to-date: /home/aurora/RESTAPI/ros2_ws/install/action_interfaces/include/action_interfaces/action/detail/fibonacci__builder.hpp
[0.379s] -- Up-to-date: /home/aurora/RESTAPI/ros2_ws/install/action_interfaces/include/action_interfaces/action/detail/mission__traits.hpp
[0.379s] -- Up-to-date: /home/aurora/RESTAPI/ros2_ws/install/action_interfaces/include/action_interfaces/action/fibonacci.hpp
[0.379s] -- Up-to-date: /home/aurora/RESTAPI/ros2_ws/install/action_interfaces/include/action_interfaces/action/mission.hpp
[0.379s] -- Up-to-date: /home/aurora/RESTAPI/ros2_ws/install/action_interfaces/include/action_interfaces/msg
[0.379s] -- Up-to-date: /home/aurora/RESTAPI/ros2_ws/install/action_interfaces/include/action_interfaces/msg/rosidl_generator_cpp__visibility_control.hpp
[0.379s] -- Up-to-date: /home/aurora/RESTAPI/ros2_ws/install/action_interfaces/include/action_interfaces
[0.379s] -- Up-to-date: /home/aurora/RESTAPI/ros2_ws/install/action_interfaces/include/action_interfaces/action
[0.379s] -- Up-to-date: /home/aurora/RESTAPI/ros2_ws/install/action_interfaces/include/action_interfaces/action/detail
[0.379s] -- Up-to-date: /home/aurora/RESTAPI/ros2_ws/install/action_interfaces/include/action_interfaces/action/detail/fibonacci__rosidl_typesupport_introspection_cpp.hpp
[0.379s] -- Up-to-date: /home/aurora/RESTAPI/ros2_ws/install/action_interfaces/include/action_interfaces/action/detail/mission__type_support.cpp
[0.379s] -- Up-to-date: /home/aurora/RESTAPI/ros2_ws/install/action_interfaces/include/action_interfaces/action/detail/mission__rosidl_typesupport_introspection_cpp.hpp
[0.379s] -- Up-to-date: /home/aurora/RESTAPI/ros2_ws/install/action_interfaces/include/action_interfaces/action/detail/fibonacci__type_support.cpp
[0.379s] -- Up-to-date: /home/aurora/RESTAPI/ros2_ws/install/action_interfaces/lib/libaction_interfaces__rosidl_typesupport_introspection_cpp.so
[0.379s] -- Up-to-date: /home/aurora/RESTAPI/ros2_ws/install/action_interfaces/lib/libaction_interfaces__rosidl_typesupport_cpp.so
[0.379s] -- Up-to-date: /home/aurora/RESTAPI/ros2_ws/install/action_interfaces/share/action_interfaces/environment/pythonpath.sh
[0.380s] -- Up-to-date: /home/aurora/RESTAPI/ros2_ws/install/action_interfaces/share/action_interfaces/environment/pythonpath.dsv
[0.380s] -- Up-to-date: /home/aurora/RESTAPI/ros2_ws/install/action_interfaces/lib/python3.8/site-packages/action_interfaces/__init__.py
[0.400s] -- Up-to-date: /home/aurora/RESTAPI/ros2_ws/install/action_interfaces/lib/python3.8/site-packages/action_interfaces/action
[0.400s] -- Up-to-date: /home/aurora/RESTAPI/ros2_ws/install/action_interfaces/lib/python3.8/site-packages/action_interfaces/action/_mission_s.c
[0.400s] -- Up-to-date: /home/aurora/RESTAPI/ros2_ws/install/action_interfaces/lib/python3.8/site-packages/action_interfaces/action/_fibonacci.py
[0.400s] -- Up-to-date: /home/aurora/RESTAPI/ros2_ws/install/action_interfaces/lib/python3.8/site-packages/action_interfaces/action/_fibonacci_s.c
[0.400s] -- Up-to-date: /home/aurora/RESTAPI/ros2_ws/install/action_interfaces/lib/python3.8/site-packages/action_interfaces/action/_mission.py
[0.400s] -- Up-to-date: /home/aurora/RESTAPI/ros2_ws/install/action_interfaces/lib/python3.8/site-packages/action_interfaces/action/__init__.py
[0.400s] -- Up-to-date: /home/aurora/RESTAPI/ros2_ws/install/action_interfaces/lib/python3.8/site-packages/action_interfaces/action_interfaces_s__rosidl_typesupport_fastrtps_c.cpython-38-x86_64-linux-gnu.so
[0.402s] -- Up-to-date: /home/aurora/RESTAPI/ros2_ws/install/action_interfaces/lib/python3.8/site-packages/action_interfaces/action_interfaces_s__rosidl_typesupport_introspection_c.cpython-38-x86_64-linux-gnu.so
[0.403s] -- Up-to-date: /home/aurora/RESTAPI/ros2_ws/install/action_interfaces/lib/python3.8/site-packages/action_interfaces/action_interfaces_s__rosidl_typesupport_c.cpython-38-x86_64-linux-gnu.so
[0.403s] -- Up-to-date: /home/aurora/RESTAPI/ros2_ws/install/action_interfaces/lib/libaction_interfaces__python.so
[0.404s] -- Up-to-date: /home/aurora/RESTAPI/ros2_ws/install/action_interfaces/share/action_interfaces/action/Mission.idl
[0.404s] -- Up-to-date: /home/aurora/RESTAPI/ros2_ws/install/action_interfaces/share/action_interfaces/action/Mission.action
[0.404s] -- Up-to-date: /home/aurora/RESTAPI/ros2_ws/install/action_interfaces/share/ament_index/resource_index/package_run_dependencies/action_interfaces
[0.404s] -- Up-to-date: /home/aurora/RESTAPI/ros2_ws/install/action_interfaces/share/ament_index/resource_index/parent_prefix_path/action_interfaces
[0.404s] -- Up-to-date: /home/aurora/RESTAPI/ros2_ws/install/action_interfaces/share/action_interfaces/environment/ament_prefix_path.sh
[0.404s] -- Up-to-date: /home/aurora/RESTAPI/ros2_ws/install/action_interfaces/share/action_interfaces/environment/ament_prefix_path.dsv
[0.404s] -- Up-to-date: /home/aurora/RESTAPI/ros2_ws/install/action_interfaces/share/action_interfaces/environment/path.sh
[0.404s] -- Up-to-date: /home/aurora/RESTAPI/ros2_ws/install/action_interfaces/share/action_interfaces/environment/path.dsv
[0.404s] -- Up-to-date: /home/aurora/RESTAPI/ros2_ws/install/action_interfaces/share/action_interfaces/local_setup.bash
[0.405s] -- Up-to-date: /home/aurora/RESTAPI/ros2_ws/install/action_interfaces/share/action_interfaces/local_setup.sh
[0.405s] -- Up-to-date: /home/aurora/RESTAPI/ros2_ws/install/action_interfaces/share/action_interfaces/local_setup.zsh
[0.405s] -- Up-to-date: /home/aurora/RESTAPI/ros2_ws/install/action_interfaces/share/action_interfaces/local_setup.dsv
[0.405s] -- Installing: /home/aurora/RESTAPI/ros2_ws/install/action_interfaces/share/action_interfaces/package.dsv
[0.405s] -- Up-to-date: /home/aurora/RESTAPI/ros2_ws/install/action_interfaces/share/ament_index/resource_index/packages/action_interfaces
[0.405s] -- Up-to-date: /home/aurora/RESTAPI/ros2_ws/install/action_interfaces/share/action_interfaces/cmake/action_interfaces__rosidl_generator_cExport.cmake
[0.405s] -- Up-to-date: /home/aurora/RESTAPI/ros2_ws/install/action_interfaces/share/action_interfaces/cmake/action_interfaces__rosidl_generator_cExport-noconfig.cmake
[0.406s] -- Up-to-date: /home/aurora/RESTAPI/ros2_ws/install/action_interfaces/share/action_interfaces/cmake/action_interfaces__rosidl_typesupport_introspection_cExport.cmake
[0.406s] -- Up-to-date: /home/aurora/RESTAPI/ros2_ws/install/action_interfaces/share/action_interfaces/cmake/action_interfaces__rosidl_typesupport_introspection_cExport-noconfig.cmake
[0.406s] -- Up-to-date: /home/aurora/RESTAPI/ros2_ws/install/action_interfaces/share/action_interfaces/cmake/action_interfaces__rosidl_typesupport_cExport.cmake
[0.406s] -- Up-to-date: /home/aurora/RESTAPI/ros2_ws/install/action_interfaces/share/action_interfaces/cmake/action_interfaces__rosidl_typesupport_cExport-noconfig.cmake
[0.406s] -- Up-to-date: /home/aurora/RESTAPI/ros2_ws/install/action_interfaces/share/action_interfaces/cmake/action_interfaces__rosidl_generator_cppExport.cmake
[0.407s] -- Up-to-date: /home/aurora/RESTAPI/ros2_ws/install/action_interfaces/share/action_interfaces/cmake/action_interfaces__rosidl_typesupport_introspection_cppExport.cmake
[0.407s] -- Up-to-date: /home/aurora/RESTAPI/ros2_ws/install/action_interfaces/share/action_interfaces/cmake/action_interfaces__rosidl_typesupport_introspection_cppExport-noconfig.cmake
[0.407s] -- Up-to-date: /home/aurora/RESTAPI/ros2_ws/install/action_interfaces/share/action_interfaces/cmake/action_interfaces__rosidl_typesupport_cppExport.cmake
[0.407s] -- Up-to-date: /home/aurora/RESTAPI/ros2_ws/install/action_interfaces/share/action_interfaces/cmake/action_interfaces__rosidl_typesupport_cppExport-noconfig.cmake
[0.407s] -- Up-to-date: /home/aurora/RESTAPI/ros2_ws/install/action_interfaces/share/action_interfaces/cmake/rosidl_cmake-extras.cmake
[0.407s] -- Up-to-date: /home/aurora/RESTAPI/ros2_ws/install/action_interfaces/share/action_interfaces/cmake/ament_cmake_export_dependencies-extras.cmake
[0.407s] -- Up-to-date: /home/aurora/RESTAPI/ros2_ws/install/action_interfaces/share/action_interfaces/cmake/ament_cmake_export_libraries-extras.cmake
[0.407s] -- Up-to-date: /home/aurora/RESTAPI/ros2_ws/install/action_interfaces/share/action_interfaces/cmake/ament_cmake_export_targets-extras.cmake
[0.407s] -- Up-to-date: /home/aurora/RESTAPI/ros2_ws/install/action_interfaces/share/action_interfaces/cmake/ament_cmake_export_include_directories-extras.cmake
[0.408s] -- Up-to-date: /home/aurora/RESTAPI/ros2_ws/install/action_interfaces/share/action_interfaces/cmake/rosidl_cmake_export_typesupport_libraries-extras.cmake
[0.408s] -- Up-to-date: /home/aurora/RESTAPI/ros2_ws/install/action_interfaces/share/action_interfaces/cmake/rosidl_cmake_export_typesupport_targets-extras.cmake
[0.408s] -- Up-to-date: /home/aurora/RESTAPI/ros2_ws/install/action_interfaces/share/action_interfaces/cmake/action_interfacesConfig.cmake
[0.408s] -- Up-to-date: /home/aurora/RESTAPI/ros2_ws/install/action_interfaces/share/action_interfaces/cmake/action_interfacesConfig-version.cmake
[0.408s] -- Up-to-date: /home/aurora/RESTAPI/ros2_ws/install/action_interfaces/share/action_interfaces/package.xml
[0.411s] Invoked command in '/home/aurora/RESTAPI/ros2_ws/build/action_interfaces' returned '0': CMAKE_PREFIX_PATH=${CMAKE_PREFIX_PATH}:/home/aurora/RESTAPI/ros2_ws/install/rn2:/home/aurora/RESTAPI/ros2_ws/install/rn1:/opt/ros/foxy CONDA_PROMPT_MODIFIER=(base) /usr/bin/cmake --install /home/aurora/RESTAPI/ros2_ws/build/action_interfaces
