[0.014s] Invoking command in '/home/aurora/RESTAPI/ros2_ws/build/action_interfaces': CMAKE_PREFIX_PATH=/opt/ros/foxy CONDA_PROMPT_MODIFIER=(ros2) /usr/bin/cmake /home/aurora/RESTAPI/ros2_ws/src/action_interfaces -DCMAKE_INSTALL_PREFIX=/home/aurora/RESTAPI/ros2_ws/install/action_interfaces
[0.022s] -- Found ament_cmake: 0.9.12 (/opt/ros/foxy/share/ament_cmake/cmake)
[0.040s] -- Found PythonInterp: /home/aurora/miniconda3/envs/ros2/bin/python3 (found suitable version "3.8", minimum required is "3") 
[0.040s] -- Using PYTHON_EXECUTABLE: /home/aurora/miniconda3/envs/ros2/bin/python3
[0.126s] -- Found ament_lint_auto: 0.9.8 (/opt/ros/foxy/share/ament_lint_auto/cmake)
[0.181s] -- Found rosidl_default_generators: 1.0.1 (/opt/ros/foxy/share/rosidl_default_generators/cmake)
[0.183s] -- Using all available rosidl_typesupport_c: rosidl_typesupport_fastrtps_c;rosidl_typesupport_introspection_c
[0.185s] -- Found rosidl_adapter: 1.3.1 (/opt/ros/foxy/share/rosidl_adapter/cmake)
[0.292s] -- Using all available rosidl_typesupport_cpp: rosidl_typesupport_fastrtps_cpp;rosidl_typesupport_introspection_cpp
[0.318s] -- Found PythonInterp: /home/aurora/miniconda3/envs/ros2/bin/python3 (found version "3.8") 
[0.396s] -- Found ament_cmake_ros: 0.9.2 (/opt/ros/foxy/share/ament_cmake_ros/cmake)
[0.485s] -- Using all available rosidl_typesupport_c: rosidl_typesupport_fastrtps_c;rosidl_typesupport_introspection_c
[0.496s] -- Using all available rosidl_typesupport_cpp: rosidl_typesupport_fastrtps_cpp;rosidl_typesupport_introspection_cpp
[0.519s] -- Found PythonInterp: /home/aurora/miniconda3/envs/ros2/bin/python3 (found suitable version "3.8", minimum required is "3.5") 
[0.521s] -- Found python_cmake_module: 0.8.1 (/opt/ros/foxy/share/python_cmake_module/cmake)
[0.538s] -- Found PythonLibs: /home/aurora/miniconda3/envs/ros2/lib/libpython3.8.so (found suitable version "3.8.0", minimum required is "3.5") 
[0.538s] -- Using PYTHON_EXECUTABLE: /home/aurora/miniconda3/envs/ros2/bin/python3
[0.538s] -- Using PYTHON_INCLUDE_DIRS: /home/aurora/miniconda3/envs/ros2/include/python3.8
[0.538s] -- Using PYTHON_LIBRARIES: /home/aurora/miniconda3/envs/ros2/lib/libpython3.8.so
[0.555s] -- Found PythonExtra: .so  
[0.712s] -- Using numpy include directory: /home/aurora/.local/lib/python3.8/site-packages/numpy/core/include
[0.720s] -- Added test 'copyright' to check source files copyright and LICENSE
[0.721s] -- Added test 'lint_cmake' to check CMake code style
[0.722s] -- Added test 'xmllint' to check XML markup files
[0.727s] -- Configuring done
[0.737s] CMake Warning at /opt/ros/foxy/share/rosidl_generator_py/cmake/rosidl_generator_py_generate_interfaces.cmake:235 (add_library):
[0.737s]   Cannot generate a safe runtime search path for target
[0.737s]   action_interfaces__rosidl_typesupport_fastrtps_c__pyext because files in
[0.737s]   some directories may conflict with libraries in implicit directories:
[0.737s] 
[0.737s]     runtime library [libssl.so.1.1] in /usr/lib/x86_64-linux-gnu may be hidden by files in:
[0.737s]       /home/aurora/miniconda3/envs/ros2/lib
[0.738s]     runtime library [libcrypto.so.1.1] in /usr/lib/x86_64-linux-gnu may be hidden by files in:
[0.738s]       /home/aurora/miniconda3/envs/ros2/lib
[0.738s] 
[0.738s]   Some of these libraries may not be found correctly.
[0.738s] Call Stack (most recent call first):
[0.738s]   /opt/ros/foxy/share/ament_cmake_core/cmake/core/ament_execute_extensions.cmake:48 (include)
[0.738s]   /opt/ros/foxy/share/rosidl_cmake/cmake/rosidl_generate_interfaces.cmake:286 (ament_execute_extensions)
[0.738s]   CMakeLists.txt:37 (rosidl_generate_interfaces)
[0.738s] 
[0.738s] 
[0.754s] -- Generating done
[0.756s] -- Build files have been written to: /home/aurora/RESTAPI/ros2_ws/build/action_interfaces
[0.761s] Invoked command in '/home/aurora/RESTAPI/ros2_ws/build/action_interfaces' returned '0': CMAKE_PREFIX_PATH=/opt/ros/foxy CONDA_PROMPT_MODIFIER=(ros2) /usr/bin/cmake /home/aurora/RESTAPI/ros2_ws/src/action_interfaces -DCMAKE_INSTALL_PREFIX=/home/aurora/RESTAPI/ros2_ws/install/action_interfaces
[0.766s] Invoking command in '/home/aurora/RESTAPI/ros2_ws/build/action_interfaces': CMAKE_PREFIX_PATH=/opt/ros/foxy CONDA_PROMPT_MODIFIER=(ros2) /usr/bin/cmake --build /home/aurora/RESTAPI/ros2_ws/build/action_interfaces -- -j32 -l32
[0.803s] [  3%] [34m[1mGenerating C code for ROS interfaces[0m
[0.806s] [35m[1mScanning dependencies of target my_interfaces__cpp[0m
[0.819s] [  6%] [34m[1mGenerating C++ code for ROS interfaces[0m
[1.069s] [35m[1mScanning dependencies of target my_interfaces__rosidl_generator_c[0m
[1.080s] [  6%] Built target my_interfaces__cpp
[1.085s] [  9%] [32mBuilding C object CMakeFiles/my_interfaces__rosidl_generator_c.dir/rosidl_generator_c/action_interfaces/action/detail/fibonacci__functions.c.o[0m
[1.093s] [ 12%] [34m[1mGenerating C++ type support dispatch for ROS interfaces[0m
[1.093s] [ 16%] [34m[1mGenerating C++ type support for eProsima Fast-RTPS[0m
[1.095s] [ 19%] [34m[1mGenerating C++ introspection for ROS interfaces[0m
[1.172s] [ 22%] [32m[1mLinking C shared library libmy_interfaces__rosidl_generator_c.so[0m
[1.203s] [ 22%] Built target my_interfaces__rosidl_generator_c
[1.212s] [ 25%] [34m[1mGenerating C type support dispatch for ROS interfaces[0m
[1.216s] [ 29%] [34m[1mGenerating C introspection for ROS interfaces[0m
[1.281s] [35m[1mScanning dependencies of target my_interfaces__rosidl_typesupport_cpp[0m
[1.293s] [ 32%] [32mBuilding CXX object CMakeFiles/my_interfaces__rosidl_typesupport_cpp.dir/rosidl_typesupport_cpp/action_interfaces/action/fibonacci__type_support.cpp.o[0m
[1.307s] [35m[1mScanning dependencies of target my_interfaces__rosidl_typesupport_introspection_cpp[0m
[1.317s] [ 35%] [32mBuilding CXX object CMakeFiles/my_interfaces__rosidl_typesupport_introspection_cpp.dir/rosidl_typesupport_introspection_cpp/action_interfaces/action/detail/fibonacci__type_support.cpp.o[0m
[1.342s] [35m[1mScanning dependencies of target my_interfaces__rosidl_typesupport_fastrtps_cpp[0m
[1.356s] [ 38%] [32mBuilding CXX object CMakeFiles/my_interfaces__rosidl_typesupport_fastrtps_cpp.dir/rosidl_typesupport_fastrtps_cpp/action_interfaces/action/detail/dds_fastrtps/fibonacci__type_support.cpp.o[0m
[1.388s] [35m[1mScanning dependencies of target my_interfaces__rosidl_typesupport_c[0m
[1.404s] [ 41%] [32mBuilding CXX object CMakeFiles/my_interfaces__rosidl_typesupport_c.dir/rosidl_typesupport_c/action_interfaces/action/fibonacci__type_support.cpp.o[0m
[1.440s] [ 45%] [32m[1mLinking CXX shared library libmy_interfaces__rosidl_typesupport_c.so[0m
[1.444s] [35m[1mScanning dependencies of target my_interfaces__rosidl_typesupport_introspection_c[0m
[1.452s] [ 48%] [32mBuilding C object CMakeFiles/my_interfaces__rosidl_typesupport_introspection_c.dir/rosidl_typesupport_introspection_c/action_interfaces/action/detail/fibonacci__type_support.c.o[0m
[1.465s] [ 51%] [32m[1mLinking CXX shared library libmy_interfaces__rosidl_typesupport_cpp.so[0m
[1.469s] [ 51%] Built target my_interfaces__rosidl_typesupport_c
[1.488s] [ 54%] [32m[1mLinking C shared library libmy_interfaces__rosidl_typesupport_introspection_c.so[0m
[1.507s] [ 54%] Built target my_interfaces__rosidl_typesupport_cpp
[1.511s] [ 58%] [32m[1mLinking CXX shared library libmy_interfaces__rosidl_typesupport_introspection_cpp.so[0m
[1.526s] [ 58%] Built target my_interfaces__rosidl_typesupport_introspection_c
[1.568s] [ 58%] Built target my_interfaces__rosidl_typesupport_introspection_cpp
[1.645s] [ 61%] [32m[1mLinking CXX shared library libmy_interfaces__rosidl_typesupport_fastrtps_cpp.so[0m
[1.703s] [ 61%] Built target my_interfaces__rosidl_typesupport_fastrtps_cpp
[1.709s] [ 64%] [34m[1mGenerating C type support for eProsima Fast-RTPS[0m
[1.940s] [35m[1mScanning dependencies of target my_interfaces__rosidl_typesupport_fastrtps_c[0m
[1.963s] [ 67%] [32mBuilding CXX object CMakeFiles/my_interfaces__rosidl_typesupport_fastrtps_c.dir/rosidl_typesupport_fastrtps_c/action_interfaces/action/detail/fibonacci__type_support_c.cpp.o[0m
[2.165s] [ 70%] [32m[1mLinking CXX shared library libmy_interfaces__rosidl_typesupport_fastrtps_c.so[0m
[2.232s] [ 70%] Built target my_interfaces__rosidl_typesupport_fastrtps_c
[2.245s] [35m[1mScanning dependencies of target my_interfaces[0m
[2.254s] [ 70%] Built target my_interfaces
[2.260s] [35m[1mScanning dependencies of target my_interfaces__py[0m
[2.266s] [ 74%] [34m[1mGenerating Python code for ROS interfaces[0m
[2.742s] [ 74%] Built target my_interfaces__py
[2.748s] [35m[1mScanning dependencies of target my_interfaces__python[0m
[2.763s] [ 77%] [32mBuilding C object CMakeFiles/my_interfaces__python.dir/rosidl_generator_py/action_interfaces/action/_fibonacci_s.c.o[0m
[2.857s] [ 80%] [32m[1mLinking C shared library rosidl_generator_py/action_interfaces/libmy_interfaces__python.so[0m
[2.896s] [ 80%] Built target my_interfaces__python
[2.902s] [35m[1mScanning dependencies of target action_interfaces__rosidl_typesupport_c__pyext[0m
[2.905s] [35m[1mScanning dependencies of target action_interfaces__rosidl_typesupport_introspection_c__pyext[0m
[2.911s] [35m[1mScanning dependencies of target action_interfaces__rosidl_typesupport_fastrtps_c__pyext[0m
[2.913s] [ 83%] [32mBuilding C object CMakeFiles/action_interfaces__rosidl_typesupport_c__pyext.dir/rosidl_generator_py/action_interfaces/_action_interfaces_s.ep.rosidl_typesupport_c.c.o[0m
[2.923s] [ 87%] [32mBuilding C object CMakeFiles/action_interfaces__rosidl_typesupport_introspection_c__pyext.dir/rosidl_generator_py/action_interfaces/_action_interfaces_s.ep.rosidl_typesupport_introspection_c.c.o[0m
[2.925s] [ 90%] [32mBuilding C object CMakeFiles/action_interfaces__rosidl_typesupport_fastrtps_c__pyext.dir/rosidl_generator_py/action_interfaces/_action_interfaces_s.ep.rosidl_typesupport_fastrtps_c.c.o[0m
[2.980s] [ 93%] [32m[1mLinking C shared library rosidl_generator_py/action_interfaces/action_interfaces_s__rosidl_typesupport_c.cpython-38-x86_64-linux-gnu.so[0m
[2.988s] [ 96%] [32m[1mLinking C shared library rosidl_generator_py/action_interfaces/action_interfaces_s__rosidl_typesupport_introspection_c.cpython-38-x86_64-linux-gnu.so[0m
[2.992s] [100%] [32m[1mLinking CXX shared library rosidl_generator_py/action_interfaces/action_interfaces_s__rosidl_typesupport_fastrtps_c.cpython-38-x86_64-linux-gnu.so[0m
[3.020s] [100%] Built target action_interfaces__rosidl_typesupport_c__pyext
[3.024s] [100%] Built target action_interfaces__rosidl_typesupport_introspection_c__pyext
[3.032s] [100%] Built target action_interfaces__rosidl_typesupport_fastrtps_c__pyext
[3.046s] Invoked command in '/home/aurora/RESTAPI/ros2_ws/build/action_interfaces' returned '0': CMAKE_PREFIX_PATH=/opt/ros/foxy CONDA_PROMPT_MODIFIER=(ros2) /usr/bin/cmake --build /home/aurora/RESTAPI/ros2_ws/build/action_interfaces -- -j32 -l32
[3.102s] Invoking command in '/home/aurora/RESTAPI/ros2_ws/build/action_interfaces': CMAKE_PREFIX_PATH=/opt/ros/foxy CONDA_PROMPT_MODIFIER=(ros2) /usr/bin/cmake --install /home/aurora/RESTAPI/ros2_ws/build/action_interfaces
[3.108s] -- Install configuration: ""
[3.108s] -- Installing: /home/aurora/RESTAPI/ros2_ws/install/action_interfaces/share/ament_index/resource_index/rosidl_interfaces/action_interfaces
[3.108s] -- Installing: /home/aurora/RESTAPI/ros2_ws/install/action_interfaces/include/action_interfaces
[3.108s] -- Installing: /home/aurora/RESTAPI/ros2_ws/install/action_interfaces/include/action_interfaces/action
[3.108s] -- Installing: /home/aurora/RESTAPI/ros2_ws/install/action_interfaces/include/action_interfaces/action/detail
[3.108s] -- Installing: /home/aurora/RESTAPI/ros2_ws/install/action_interfaces/include/action_interfaces/action/detail/fibonacci__struct.h
[3.109s] -- Installing: /home/aurora/RESTAPI/ros2_ws/install/action_interfaces/include/action_interfaces/action/detail/fibonacci__functions.c
[3.109s] -- Installing: /home/aurora/RESTAPI/ros2_ws/install/action_interfaces/include/action_interfaces/action/detail/fibonacci__type_support.h
[3.109s] -- Installing: /home/aurora/RESTAPI/ros2_ws/install/action_interfaces/include/action_interfaces/action/detail/fibonacci__functions.h
[3.109s] -- Installing: /home/aurora/RESTAPI/ros2_ws/install/action_interfaces/include/action_interfaces/action/fibonacci.h
[3.109s] -- Installing: /home/aurora/RESTAPI/ros2_ws/install/action_interfaces/include/action_interfaces/msg
[3.109s] -- Installing: /home/aurora/RESTAPI/ros2_ws/install/action_interfaces/include/action_interfaces/msg/rosidl_generator_c__visibility_control.h
[3.109s] -- Installing: /home/aurora/RESTAPI/ros2_ws/install/action_interfaces/share/action_interfaces/environment/library_path.sh
[3.109s] -- Installing: /home/aurora/RESTAPI/ros2_ws/install/action_interfaces/share/action_interfaces/environment/library_path.dsv
[3.109s] -- Installing: /home/aurora/RESTAPI/ros2_ws/install/action_interfaces/lib/libmy_interfaces__rosidl_generator_c.so
[3.109s] -- Set runtime path of "/home/aurora/RESTAPI/ros2_ws/install/action_interfaces/lib/libmy_interfaces__rosidl_generator_c.so" to ""
[3.110s] -- Up-to-date: /home/aurora/RESTAPI/ros2_ws/install/action_interfaces/include/action_interfaces
[3.110s] -- Up-to-date: /home/aurora/RESTAPI/ros2_ws/install/action_interfaces/include/action_interfaces/action
[3.110s] -- Up-to-date: /home/aurora/RESTAPI/ros2_ws/install/action_interfaces/include/action_interfaces/action/detail
[3.110s] -- Installing: /home/aurora/RESTAPI/ros2_ws/install/action_interfaces/include/action_interfaces/action/detail/fibonacci__rosidl_typesupport_fastrtps_c.h
[3.110s] -- Up-to-date: /home/aurora/RESTAPI/ros2_ws/install/action_interfaces/include/action_interfaces/msg
[3.110s] -- Installing: /home/aurora/RESTAPI/ros2_ws/install/action_interfaces/include/action_interfaces/msg/rosidl_typesupport_fastrtps_c__visibility_control.h
[3.110s] -- Installing: /home/aurora/RESTAPI/ros2_ws/install/action_interfaces/lib/libmy_interfaces__rosidl_typesupport_fastrtps_c.so
[3.110s] -- Set runtime path of "/home/aurora/RESTAPI/ros2_ws/install/action_interfaces/lib/libmy_interfaces__rosidl_typesupport_fastrtps_c.so" to ""
[3.110s] -- Up-to-date: /home/aurora/RESTAPI/ros2_ws/install/action_interfaces/include/action_interfaces
[3.110s] -- Up-to-date: /home/aurora/RESTAPI/ros2_ws/install/action_interfaces/include/action_interfaces/action
[3.110s] -- Up-to-date: /home/aurora/RESTAPI/ros2_ws/install/action_interfaces/include/action_interfaces/action/detail
[3.110s] -- Installing: /home/aurora/RESTAPI/ros2_ws/install/action_interfaces/include/action_interfaces/action/detail/dds_fastrtps
[3.110s] -- Installing: /home/aurora/RESTAPI/ros2_ws/install/action_interfaces/include/action_interfaces/action/detail/fibonacci__rosidl_typesupport_fastrtps_cpp.hpp
[3.110s] -- Up-to-date: /home/aurora/RESTAPI/ros2_ws/install/action_interfaces/include/action_interfaces/msg
[3.110s] -- Installing: /home/aurora/RESTAPI/ros2_ws/install/action_interfaces/include/action_interfaces/msg/rosidl_typesupport_fastrtps_cpp__visibility_control.h
[3.110s] -- Installing: /home/aurora/RESTAPI/ros2_ws/install/action_interfaces/lib/libmy_interfaces__rosidl_typesupport_fastrtps_cpp.so
[3.111s] -- Set runtime path of "/home/aurora/RESTAPI/ros2_ws/install/action_interfaces/lib/libmy_interfaces__rosidl_typesupport_fastrtps_cpp.so" to ""
[3.111s] -- Up-to-date: /home/aurora/RESTAPI/ros2_ws/install/action_interfaces/include/action_interfaces
[3.111s] -- Up-to-date: /home/aurora/RESTAPI/ros2_ws/install/action_interfaces/include/action_interfaces/action
[3.111s] -- Up-to-date: /home/aurora/RESTAPI/ros2_ws/install/action_interfaces/include/action_interfaces/action/detail
[3.111s] -- Installing: /home/aurora/RESTAPI/ros2_ws/install/action_interfaces/include/action_interfaces/action/detail/fibonacci__rosidl_typesupport_introspection_c.h
[3.111s] -- Installing: /home/aurora/RESTAPI/ros2_ws/install/action_interfaces/include/action_interfaces/action/detail/fibonacci__type_support.c
[3.111s] -- Up-to-date: /home/aurora/RESTAPI/ros2_ws/install/action_interfaces/include/action_interfaces/msg
[3.111s] -- Installing: /home/aurora/RESTAPI/ros2_ws/install/action_interfaces/include/action_interfaces/msg/rosidl_typesupport_introspection_c__visibility_control.h
[3.111s] -- Installing: /home/aurora/RESTAPI/ros2_ws/install/action_interfaces/lib/libmy_interfaces__rosidl_typesupport_introspection_c.so
[3.111s] -- Set runtime path of "/home/aurora/RESTAPI/ros2_ws/install/action_interfaces/lib/libmy_interfaces__rosidl_typesupport_introspection_c.so" to ""
[3.111s] -- Installing: /home/aurora/RESTAPI/ros2_ws/install/action_interfaces/lib/libmy_interfaces__rosidl_typesupport_c.so
[3.112s] -- Set runtime path of "/home/aurora/RESTAPI/ros2_ws/install/action_interfaces/lib/libmy_interfaces__rosidl_typesupport_c.so" to ""
[3.112s] -- Up-to-date: /home/aurora/RESTAPI/ros2_ws/install/action_interfaces/include/action_interfaces
[3.112s] -- Up-to-date: /home/aurora/RESTAPI/ros2_ws/install/action_interfaces/include/action_interfaces/action
[3.112s] -- Up-to-date: /home/aurora/RESTAPI/ros2_ws/install/action_interfaces/include/action_interfaces/action/detail
[3.112s] -- Installing: /home/aurora/RESTAPI/ros2_ws/install/action_interfaces/include/action_interfaces/action/detail/fibonacci__struct.hpp
[3.112s] -- Installing: /home/aurora/RESTAPI/ros2_ws/install/action_interfaces/include/action_interfaces/action/detail/fibonacci__traits.hpp
[3.112s] -- Installing: /home/aurora/RESTAPI/ros2_ws/install/action_interfaces/include/action_interfaces/action/detail/fibonacci__type_support.hpp
[3.112s] -- Installing: /home/aurora/RESTAPI/ros2_ws/install/action_interfaces/include/action_interfaces/action/detail/fibonacci__builder.hpp
[3.112s] -- Installing: /home/aurora/RESTAPI/ros2_ws/install/action_interfaces/include/action_interfaces/action/fibonacci.hpp
[3.112s] -- Up-to-date: /home/aurora/RESTAPI/ros2_ws/install/action_interfaces/include/action_interfaces/msg
[3.112s] -- Installing: /home/aurora/RESTAPI/ros2_ws/install/action_interfaces/include/action_interfaces/msg/rosidl_generator_cpp__visibility_control.hpp
[3.112s] -- Up-to-date: /home/aurora/RESTAPI/ros2_ws/install/action_interfaces/include/action_interfaces
[3.112s] -- Up-to-date: /home/aurora/RESTAPI/ros2_ws/install/action_interfaces/include/action_interfaces/action
[3.112s] -- Up-to-date: /home/aurora/RESTAPI/ros2_ws/install/action_interfaces/include/action_interfaces/action/detail
[3.113s] -- Installing: /home/aurora/RESTAPI/ros2_ws/install/action_interfaces/include/action_interfaces/action/detail/fibonacci__rosidl_typesupport_introspection_cpp.hpp
[3.113s] -- Installing: /home/aurora/RESTAPI/ros2_ws/install/action_interfaces/include/action_interfaces/action/detail/fibonacci__type_support.cpp
[3.113s] -- Installing: /home/aurora/RESTAPI/ros2_ws/install/action_interfaces/lib/libmy_interfaces__rosidl_typesupport_introspection_cpp.so
[3.113s] -- Set runtime path of "/home/aurora/RESTAPI/ros2_ws/install/action_interfaces/lib/libmy_interfaces__rosidl_typesupport_introspection_cpp.so" to ""
[3.113s] -- Installing: /home/aurora/RESTAPI/ros2_ws/install/action_interfaces/lib/libmy_interfaces__rosidl_typesupport_cpp.so
[3.113s] -- Set runtime path of "/home/aurora/RESTAPI/ros2_ws/install/action_interfaces/lib/libmy_interfaces__rosidl_typesupport_cpp.so" to ""
[3.113s] -- Installing: /home/aurora/RESTAPI/ros2_ws/install/action_interfaces/share/action_interfaces/environment/pythonpath.sh
[3.113s] -- Installing: /home/aurora/RESTAPI/ros2_ws/install/action_interfaces/share/action_interfaces/environment/pythonpath.dsv
[3.114s] -- Installing: /home/aurora/RESTAPI/ros2_ws/install/action_interfaces/lib/python3.8/site-packages/action_interfaces/__init__.py
[3.129s] Compiling '/home/aurora/RESTAPI/ros2_ws/install/action_interfaces/lib/python3.8/site-packages/action_interfaces/__init__.py'...
[3.132s] -- Installing: /home/aurora/RESTAPI/ros2_ws/install/action_interfaces/lib/python3.8/site-packages/action_interfaces/action
[3.132s] -- Installing: /home/aurora/RESTAPI/ros2_ws/install/action_interfaces/lib/python3.8/site-packages/action_interfaces/action/_fibonacci.py
[3.132s] -- Installing: /home/aurora/RESTAPI/ros2_ws/install/action_interfaces/lib/python3.8/site-packages/action_interfaces/action/_fibonacci_s.c
[3.132s] -- Installing: /home/aurora/RESTAPI/ros2_ws/install/action_interfaces/lib/python3.8/site-packages/action_interfaces/action/__init__.py
[3.133s] -- Installing: /home/aurora/RESTAPI/ros2_ws/install/action_interfaces/lib/python3.8/site-packages/action_interfaces/action_interfaces_s__rosidl_typesupport_fastrtps_c.cpython-38-x86_64-linux-gnu.so
[3.134s] -- Set runtime path of "/home/aurora/RESTAPI/ros2_ws/install/action_interfaces/lib/python3.8/site-packages/action_interfaces/action_interfaces_s__rosidl_typesupport_fastrtps_c.cpython-38-x86_64-linux-gnu.so" to ""
[3.134s] -- Installing: /home/aurora/RESTAPI/ros2_ws/install/action_interfaces/lib/python3.8/site-packages/action_interfaces/action_interfaces_s__rosidl_typesupport_introspection_c.cpython-38-x86_64-linux-gnu.so
[3.136s] -- Set runtime path of "/home/aurora/RESTAPI/ros2_ws/install/action_interfaces/lib/python3.8/site-packages/action_interfaces/action_interfaces_s__rosidl_typesupport_introspection_c.cpython-38-x86_64-linux-gnu.so" to ""
[3.136s] -- Installing: /home/aurora/RESTAPI/ros2_ws/install/action_interfaces/lib/python3.8/site-packages/action_interfaces/action_interfaces_s__rosidl_typesupport_c.cpython-38-x86_64-linux-gnu.so
[3.137s] -- Set runtime path of "/home/aurora/RESTAPI/ros2_ws/install/action_interfaces/lib/python3.8/site-packages/action_interfaces/action_interfaces_s__rosidl_typesupport_c.cpython-38-x86_64-linux-gnu.so" to ""
[3.137s] -- Installing: /home/aurora/RESTAPI/ros2_ws/install/action_interfaces/lib/libmy_interfaces__python.so
[3.138s] -- Set runtime path of "/home/aurora/RESTAPI/ros2_ws/install/action_interfaces/lib/libmy_interfaces__python.so" to ""
[3.138s] -- Installing: /home/aurora/RESTAPI/ros2_ws/install/action_interfaces/share/action_interfaces/action/Fibonacci.idl
[3.138s] -- Installing: /home/aurora/RESTAPI/ros2_ws/install/action_interfaces/share/action_interfaces/action/Fibonacci.action
[3.139s] -- Installing: /home/aurora/RESTAPI/ros2_ws/install/action_interfaces/share/ament_index/resource_index/package_run_dependencies/action_interfaces
[3.139s] -- Installing: /home/aurora/RESTAPI/ros2_ws/install/action_interfaces/share/ament_index/resource_index/parent_prefix_path/action_interfaces
[3.140s] -- Installing: /home/aurora/RESTAPI/ros2_ws/install/action_interfaces/share/action_interfaces/environment/ament_prefix_path.sh
[3.140s] -- Installing: /home/aurora/RESTAPI/ros2_ws/install/action_interfaces/share/action_interfaces/environment/ament_prefix_path.dsv
[3.140s] -- Installing: /home/aurora/RESTAPI/ros2_ws/install/action_interfaces/share/action_interfaces/environment/path.sh
[3.140s] -- Installing: /home/aurora/RESTAPI/ros2_ws/install/action_interfaces/share/action_interfaces/environment/path.dsv
[3.140s] -- Installing: /home/aurora/RESTAPI/ros2_ws/install/action_interfaces/share/action_interfaces/local_setup.bash
[3.140s] -- Installing: /home/aurora/RESTAPI/ros2_ws/install/action_interfaces/share/action_interfaces/local_setup.sh
[3.140s] -- Installing: /home/aurora/RESTAPI/ros2_ws/install/action_interfaces/share/action_interfaces/local_setup.zsh
[3.140s] -- Installing: /home/aurora/RESTAPI/ros2_ws/install/action_interfaces/share/action_interfaces/local_setup.dsv
[3.140s] -- Installing: /home/aurora/RESTAPI/ros2_ws/install/action_interfaces/share/action_interfaces/package.dsv
[3.140s] -- Installing: /home/aurora/RESTAPI/ros2_ws/install/action_interfaces/share/ament_index/resource_index/packages/action_interfaces
[3.140s] -- Installing: /home/aurora/RESTAPI/ros2_ws/install/action_interfaces/share/action_interfaces/cmake/my_interfaces__rosidl_generator_cExport.cmake
[3.141s] -- Installing: /home/aurora/RESTAPI/ros2_ws/install/action_interfaces/share/action_interfaces/cmake/my_interfaces__rosidl_generator_cExport-noconfig.cmake
[3.141s] -- Installing: /home/aurora/RESTAPI/ros2_ws/install/action_interfaces/share/action_interfaces/cmake/my_interfaces__rosidl_typesupport_introspection_cExport.cmake
[3.141s] -- Installing: /home/aurora/RESTAPI/ros2_ws/install/action_interfaces/share/action_interfaces/cmake/my_interfaces__rosidl_typesupport_introspection_cExport-noconfig.cmake
[3.141s] -- Installing: /home/aurora/RESTAPI/ros2_ws/install/action_interfaces/share/action_interfaces/cmake/my_interfaces__rosidl_typesupport_cExport.cmake
[3.141s] -- Installing: /home/aurora/RESTAPI/ros2_ws/install/action_interfaces/share/action_interfaces/cmake/my_interfaces__rosidl_typesupport_cExport-noconfig.cmake
[3.141s] -- Installing: /home/aurora/RESTAPI/ros2_ws/install/action_interfaces/share/action_interfaces/cmake/my_interfaces__rosidl_generator_cppExport.cmake
[3.141s] -- Installing: /home/aurora/RESTAPI/ros2_ws/install/action_interfaces/share/action_interfaces/cmake/my_interfaces__rosidl_typesupport_introspection_cppExport.cmake
[3.141s] -- Installing: /home/aurora/RESTAPI/ros2_ws/install/action_interfaces/share/action_interfaces/cmake/my_interfaces__rosidl_typesupport_introspection_cppExport-noconfig.cmake
[3.141s] -- Installing: /home/aurora/RESTAPI/ros2_ws/install/action_interfaces/share/action_interfaces/cmake/my_interfaces__rosidl_typesupport_cppExport.cmake
[3.141s] -- Installing: /home/aurora/RESTAPI/ros2_ws/install/action_interfaces/share/action_interfaces/cmake/my_interfaces__rosidl_typesupport_cppExport-noconfig.cmake
[3.141s] -- Installing: /home/aurora/RESTAPI/ros2_ws/install/action_interfaces/share/action_interfaces/cmake/rosidl_cmake-extras.cmake
[3.142s] -- Installing: /home/aurora/RESTAPI/ros2_ws/install/action_interfaces/share/action_interfaces/cmake/ament_cmake_export_dependencies-extras.cmake
[3.142s] -- Installing: /home/aurora/RESTAPI/ros2_ws/install/action_interfaces/share/action_interfaces/cmake/ament_cmake_export_libraries-extras.cmake
[3.142s] -- Installing: /home/aurora/RESTAPI/ros2_ws/install/action_interfaces/share/action_interfaces/cmake/ament_cmake_export_targets-extras.cmake
[3.142s] -- Installing: /home/aurora/RESTAPI/ros2_ws/install/action_interfaces/share/action_interfaces/cmake/ament_cmake_export_include_directories-extras.cmake
[3.142s] -- Installing: /home/aurora/RESTAPI/ros2_ws/install/action_interfaces/share/action_interfaces/cmake/rosidl_cmake_export_typesupport_libraries-extras.cmake
[3.142s] -- Installing: /home/aurora/RESTAPI/ros2_ws/install/action_interfaces/share/action_interfaces/cmake/rosidl_cmake_export_typesupport_targets-extras.cmake
[3.142s] -- Installing: /home/aurora/RESTAPI/ros2_ws/install/action_interfaces/share/action_interfaces/cmake/action_interfacesConfig.cmake
[3.142s] -- Installing: /home/aurora/RESTAPI/ros2_ws/install/action_interfaces/share/action_interfaces/cmake/action_interfacesConfig-version.cmake
[3.142s] -- Installing: /home/aurora/RESTAPI/ros2_ws/install/action_interfaces/share/action_interfaces/package.xml
[3.144s] Invoked command in '/home/aurora/RESTAPI/ros2_ws/build/action_interfaces' returned '0': CMAKE_PREFIX_PATH=/opt/ros/foxy CONDA_PROMPT_MODIFIER=(ros2) /usr/bin/cmake --install /home/aurora/RESTAPI/ros2_ws/build/action_interfaces
