[0.021s] Invoking command in '/home/aurora/RESTAPI/ros2_ws/build/action_interfaces': CMAKE_PREFIX_PATH=${CMAKE_PREFIX_PATH}:/home/aurora/RESTAPI/ros2_ws/install/rn2:/home/aurora/RESTAPI/ros2_ws/install/rn1:/opt/ros/foxy CONDA_PROMPT_MODIFIER=(ros2) /usr/bin/cmake --build /home/aurora/RESTAPI/ros2_ws/build/action_interfaces -- -j32 -l32
[0.151s] -- Found ament_cmake: 0.9.12 (/opt/ros/foxy/share/ament_cmake/cmake)
[0.151s] -- Found PythonInterp: /home/aurora/miniconda3/envs/ros2/bin/python3 (found suitable version "3.8", minimum required is "3") 
[0.151s] -- Using PYTHON_EXECUTABLE: /home/aurora/miniconda3/envs/ros2/bin/python3
[0.168s] -- Found ament_lint_auto: 0.9.8 (/opt/ros/foxy/share/ament_lint_auto/cmake)
[0.212s] -- Found rosidl_default_generators: 1.0.1 (/opt/ros/foxy/share/rosidl_default_generators/cmake)
[0.213s] -- Using all available rosidl_typesupport_c: rosidl_typesupport_fastrtps_c;rosidl_typesupport_introspection_c
[0.215s] -- Found rosidl_adapter: 1.3.1 (/opt/ros/foxy/share/rosidl_adapter/cmake)
[0.305s] -- Using all available rosidl_typesupport_cpp: rosidl_typesupport_fastrtps_cpp;rosidl_typesupport_introspection_cpp
[0.335s] -- Found PythonInterp: /home/aurora/miniconda3/envs/ros2/bin/python3 (found version "3.8") 
[0.412s] -- Found ament_cmake_ros: 0.9.2 (/opt/ros/foxy/share/ament_cmake_ros/cmake)
[0.514s] -- Using all available rosidl_typesupport_c: rosidl_typesupport_fastrtps_c;rosidl_typesupport_introspection_c
[0.526s] -- Using all available rosidl_typesupport_cpp: rosidl_typesupport_fastrtps_cpp;rosidl_typesupport_introspection_cpp
[0.542s] -- Found PythonInterp: /home/aurora/miniconda3/envs/ros2/bin/python3 (found suitable version "3.8", minimum required is "3.5") 
[0.542s] -- Found python_cmake_module: 0.8.1 (/opt/ros/foxy/share/python_cmake_module/cmake)
[0.560s] -- Using PYTHON_EXECUTABLE: /home/aurora/miniconda3/envs/ros2/bin/python3
[0.560s] -- Using PYTHON_INCLUDE_DIRS: /home/aurora/miniconda3/envs/ros2/include/python3.8
[0.560s] -- Using PYTHON_LIBRARIES: /home/aurora/miniconda3/envs/ros2/lib/libpython3.8.so
[0.632s] -- Using numpy include directory: /home/aurora/.local/lib/python3.8/site-packages/numpy/core/include
[0.647s] -- Added test 'copyright' to check source files copyright and LICENSE
[0.648s] -- Added test 'lint_cmake' to check CMake code style
[0.649s] -- Added test 'xmllint' to check XML markup files
[0.652s] -- Configuring done
[0.665s] CMake Warning at /opt/ros/foxy/share/rosidl_generator_py/cmake/rosidl_generator_py_generate_interfaces.cmake:235 (add_library):
[0.665s]   Cannot generate a safe runtime search path for target
[0.665s]   action_interfaces__rosidl_typesupport_fastrtps_c__pyext because files in
[0.665s]   some directories may conflict with libraries in implicit directories:
[0.665s] 
[0.665s]     runtime library [libssl.so.1.1] in /usr/lib/x86_64-linux-gnu may be hidden by files in:
[0.666s]       /home/aurora/miniconda3/envs/ros2/lib
[0.666s]     runtime library [libcrypto.so.1.1] in /usr/lib/x86_64-linux-gnu may be hidden by files in:
[0.666s]       /home/aurora/miniconda3/envs/ros2/lib
[0.666s] 
[0.666s]   Some of these libraries may not be found correctly.
[0.666s] Call Stack (most recent call first):
[0.666s]   /opt/ros/foxy/share/ament_cmake_core/cmake/core/ament_execute_extensions.cmake:48 (include)
[0.666s]   /opt/ros/foxy/share/rosidl_cmake/cmake/rosidl_generate_interfaces.cmake:286 (ament_execute_extensions)
[0.666s]   CMakeLists.txt:37 (rosidl_generate_interfaces)
[0.666s] 
[0.666s] 
[0.681s] -- Generating done
[0.683s] -- Build files have been written to: /home/aurora/RESTAPI/ros2_ws/build/action_interfaces
[0.708s] [  3%] [34m[1mGenerating C code for ROS interfaces[0m
[0.721s] [  6%] [34m[1mGenerating C++ code for ROS interfaces[0m
[0.973s] [  6%] Built target action_interfaces__cpp
[0.979s] [  9%] [34m[1mGenerating C++ introspection for ROS interfaces[0m
[0.985s] [ 12%] [34m[1mGenerating C++ type support dispatch for ROS interfaces[0m
[0.985s] [ 16%] [34m[1mGenerating C++ type support for eProsima Fast-RTPS[0m
[0.993s] [35m[1mScanning dependencies of target action_interfaces__rosidl_generator_c[0m
[1.008s] [ 19%] [32mBuilding C object CMakeFiles/action_interfaces__rosidl_generator_c.dir/rosidl_generator_c/action_interfaces/action/detail/mission__functions.c.o[0m
[1.098s] [ 22%] [32m[1mLinking C shared library libaction_interfaces__rosidl_generator_c.so[0m
[1.129s] [ 22%] Built target action_interfaces__rosidl_generator_c
[1.138s] [ 25%] [34m[1mGenerating C introspection for ROS interfaces[0m
[1.144s] [ 29%] [34m[1mGenerating C type support dispatch for ROS interfaces[0m
[1.177s] [35m[1mScanning dependencies of target action_interfaces__rosidl_typesupport_cpp[0m
[1.191s] [ 32%] [32mBuilding CXX object CMakeFiles/action_interfaces__rosidl_typesupport_cpp.dir/rosidl_typesupport_cpp/action_interfaces/action/mission__type_support.cpp.o[0m
[1.197s] [35m[1mScanning dependencies of target action_interfaces__rosidl_typesupport_introspection_cpp[0m
[1.214s] [ 35%] [32mBuilding CXX object CMakeFiles/action_interfaces__rosidl_typesupport_introspection_cpp.dir/rosidl_typesupport_introspection_cpp/action_interfaces/action/detail/mission__type_support.cpp.o[0m
[1.223s] [35m[1mScanning dependencies of target action_interfaces__rosidl_typesupport_fastrtps_cpp[0m
[1.242s] [ 38%] [32mBuilding CXX object CMakeFiles/action_interfaces__rosidl_typesupport_fastrtps_cpp.dir/rosidl_typesupport_fastrtps_cpp/action_interfaces/action/detail/dds_fastrtps/mission__type_support.cpp.o[0m
[1.340s] [35m[1mScanning dependencies of target action_interfaces__rosidl_typesupport_c[0m
[1.355s] [ 41%] [32mBuilding CXX object CMakeFiles/action_interfaces__rosidl_typesupport_c.dir/rosidl_typesupport_c/action_interfaces/action/mission__type_support.cpp.o[0m
[1.361s] [ 45%] [32m[1mLinking CXX shared library libaction_interfaces__rosidl_typesupport_cpp.so[0m
[1.368s] [35m[1mScanning dependencies of target action_interfaces__rosidl_typesupport_introspection_c[0m
[1.381s] [ 48%] [32mBuilding C object CMakeFiles/action_interfaces__rosidl_typesupport_introspection_c.dir/rosidl_typesupport_introspection_c/action_interfaces/action/detail/mission__type_support.c.o[0m
[1.392s] [ 51%] [32m[1mLinking CXX shared library libaction_interfaces__rosidl_typesupport_c.so[0m
[1.395s] [ 51%] Built target action_interfaces__rosidl_typesupport_cpp
[1.415s] [ 54%] [32m[1mLinking CXX shared library libaction_interfaces__rosidl_typesupport_introspection_cpp.so[0m
[1.417s] [ 58%] [32m[1mLinking C shared library libaction_interfaces__rosidl_typesupport_introspection_c.so[0m
[1.431s] [ 58%] Built target action_interfaces__rosidl_typesupport_c
[1.442s] [ 58%] Built target action_interfaces__rosidl_typesupport_introspection_c
[1.466s] [ 58%] Built target action_interfaces__rosidl_typesupport_introspection_cpp
[1.541s] [ 61%] [32m[1mLinking CXX shared library libaction_interfaces__rosidl_typesupport_fastrtps_cpp.so[0m
[1.604s] [ 61%] Built target action_interfaces__rosidl_typesupport_fastrtps_cpp
[1.612s] [ 64%] [34m[1mGenerating C type support for eProsima Fast-RTPS[0m
[1.849s] [35m[1mScanning dependencies of target action_interfaces__rosidl_typesupport_fastrtps_c[0m
[1.865s] [ 67%] [32mBuilding CXX object CMakeFiles/action_interfaces__rosidl_typesupport_fastrtps_c.dir/rosidl_typesupport_fastrtps_c/action_interfaces/action/detail/mission__type_support_c.cpp.o[0m
[2.081s] [ 70%] [32m[1mLinking CXX shared library libaction_interfaces__rosidl_typesupport_fastrtps_c.so[0m
[2.147s] [ 70%] Built target action_interfaces__rosidl_typesupport_fastrtps_c
[2.170s] [ 70%] Built target action_interfaces
[2.198s] [ 74%] [34m[1mGenerating Python code for ROS interfaces[0m
[2.694s] [ 74%] Built target action_interfaces__py
[2.701s] [35m[1mScanning dependencies of target action_interfaces__python[0m
[2.719s] [ 77%] [32mBuilding C object CMakeFiles/action_interfaces__python.dir/rosidl_generator_py/action_interfaces/action/_mission_s.c.o[0m
[2.804s] [ 80%] [32m[1mLinking C shared library rosidl_generator_py/action_interfaces/libaction_interfaces__python.so[0m
[2.849s] [ 80%] Built target action_interfaces__python
[2.862s] [35m[1mScanning dependencies of target action_interfaces__rosidl_typesupport_introspection_c__pyext[0m
[2.863s] [35m[1mScanning dependencies of target action_interfaces__rosidl_typesupport_c__pyext[0m
[2.864s] [35m[1mScanning dependencies of target action_interfaces__rosidl_typesupport_fastrtps_c__pyext[0m
[2.874s] [ 83%] [32mBuilding C object CMakeFiles/action_interfaces__rosidl_typesupport_introspection_c__pyext.dir/rosidl_generator_py/action_interfaces/_action_interfaces_s.ep.rosidl_typesupport_introspection_c.c.o[0m
[2.879s] [ 87%] [32mBuilding C object CMakeFiles/action_interfaces__rosidl_typesupport_c__pyext.dir/rosidl_generator_py/action_interfaces/_action_interfaces_s.ep.rosidl_typesupport_c.c.o[0m
[2.881s] [ 90%] [32mBuilding C object CMakeFiles/action_interfaces__rosidl_typesupport_fastrtps_c__pyext.dir/rosidl_generator_py/action_interfaces/_action_interfaces_s.ep.rosidl_typesupport_fastrtps_c.c.o[0m
[2.943s] [ 93%] [32m[1mLinking C shared library rosidl_generator_py/action_interfaces/action_interfaces_s__rosidl_typesupport_introspection_c.cpython-38-x86_64-linux-gnu.so[0m
[2.945s] [ 96%] [32m[1mLinking C shared library rosidl_generator_py/action_interfaces/action_interfaces_s__rosidl_typesupport_c.cpython-38-x86_64-linux-gnu.so[0m
[2.948s] [100%] [32m[1mLinking CXX shared library rosidl_generator_py/action_interfaces/action_interfaces_s__rosidl_typesupport_fastrtps_c.cpython-38-x86_64-linux-gnu.so[0m
[2.982s] [100%] Built target action_interfaces__rosidl_typesupport_introspection_c__pyext
[2.983s] [100%] Built target action_interfaces__rosidl_typesupport_c__pyext
[2.995s] [100%] Built target action_interfaces__rosidl_typesupport_fastrtps_c__pyext
[3.012s] Invoked command in '/home/aurora/RESTAPI/ros2_ws/build/action_interfaces' returned '0': CMAKE_PREFIX_PATH=${CMAKE_PREFIX_PATH}:/home/aurora/RESTAPI/ros2_ws/install/rn2:/home/aurora/RESTAPI/ros2_ws/install/rn1:/opt/ros/foxy CONDA_PROMPT_MODIFIER=(ros2) /usr/bin/cmake --build /home/aurora/RESTAPI/ros2_ws/build/action_interfaces -- -j32 -l32
[3.068s] Invoking command in '/home/aurora/RESTAPI/ros2_ws/build/action_interfaces': CMAKE_PREFIX_PATH=${CMAKE_PREFIX_PATH}:/home/aurora/RESTAPI/ros2_ws/install/rn2:/home/aurora/RESTAPI/ros2_ws/install/rn1:/opt/ros/foxy CONDA_PROMPT_MODIFIER=(ros2) /usr/bin/cmake --install /home/aurora/RESTAPI/ros2_ws/build/action_interfaces
[3.073s] -- Install configuration: ""
[3.073s] -- Up-to-date: /home/aurora/RESTAPI/ros2_ws/install/action_interfaces/share/ament_index/resource_index/rosidl_interfaces/action_interfaces
[3.073s] -- Up-to-date: /home/aurora/RESTAPI/ros2_ws/install/action_interfaces/include/action_interfaces
[3.073s] -- Up-to-date: /home/aurora/RESTAPI/ros2_ws/install/action_interfaces/include/action_interfaces/action
[3.073s] -- Up-to-date: /home/aurora/RESTAPI/ros2_ws/install/action_interfaces/include/action_interfaces/action/detail
[3.073s] -- Installing: /home/aurora/RESTAPI/ros2_ws/install/action_interfaces/include/action_interfaces/action/detail/mission__struct.h
[3.073s] -- Installing: /home/aurora/RESTAPI/ros2_ws/install/action_interfaces/include/action_interfaces/action/detail/mission__functions.h
[3.073s] -- Installing: /home/aurora/RESTAPI/ros2_ws/install/action_interfaces/include/action_interfaces/action/detail/mission__functions.c
[3.073s] -- Up-to-date: /home/aurora/RESTAPI/ros2_ws/install/action_interfaces/include/action_interfaces/action/detail/fibonacci__struct.h
[3.073s] -- Up-to-date: /home/aurora/RESTAPI/ros2_ws/install/action_interfaces/include/action_interfaces/action/detail/fibonacci__functions.c
[3.073s] -- Up-to-date: /home/aurora/RESTAPI/ros2_ws/install/action_interfaces/include/action_interfaces/action/detail/fibonacci__type_support.h
[3.074s] -- Installing: /home/aurora/RESTAPI/ros2_ws/install/action_interfaces/include/action_interfaces/action/detail/mission__type_support.h
[3.074s] -- Up-to-date: /home/aurora/RESTAPI/ros2_ws/install/action_interfaces/include/action_interfaces/action/detail/fibonacci__functions.h
[3.074s] -- Up-to-date: /home/aurora/RESTAPI/ros2_ws/install/action_interfaces/include/action_interfaces/action/fibonacci.h
[3.074s] -- Installing: /home/aurora/RESTAPI/ros2_ws/install/action_interfaces/include/action_interfaces/action/mission.h
[3.074s] -- Up-to-date: /home/aurora/RESTAPI/ros2_ws/install/action_interfaces/include/action_interfaces/msg
[3.074s] -- Up-to-date: /home/aurora/RESTAPI/ros2_ws/install/action_interfaces/include/action_interfaces/msg/rosidl_generator_c__visibility_control.h
[3.074s] -- Up-to-date: /home/aurora/RESTAPI/ros2_ws/install/action_interfaces/share/action_interfaces/environment/library_path.sh
[3.074s] -- Installing: /home/aurora/RESTAPI/ros2_ws/install/action_interfaces/share/action_interfaces/environment/library_path.dsv
[3.074s] -- Installing: /home/aurora/RESTAPI/ros2_ws/install/action_interfaces/lib/libaction_interfaces__rosidl_generator_c.so
[3.074s] -- Set runtime path of "/home/aurora/RESTAPI/ros2_ws/install/action_interfaces/lib/libaction_interfaces__rosidl_generator_c.so" to ""
[3.074s] -- Up-to-date: /home/aurora/RESTAPI/ros2_ws/install/action_interfaces/include/action_interfaces
[3.074s] -- Up-to-date: /home/aurora/RESTAPI/ros2_ws/install/action_interfaces/include/action_interfaces/action
[3.074s] -- Up-to-date: /home/aurora/RESTAPI/ros2_ws/install/action_interfaces/include/action_interfaces/action/detail
[3.074s] -- Installing: /home/aurora/RESTAPI/ros2_ws/install/action_interfaces/include/action_interfaces/action/detail/mission__rosidl_typesupport_fastrtps_c.h
[3.075s] -- Up-to-date: /home/aurora/RESTAPI/ros2_ws/install/action_interfaces/include/action_interfaces/action/detail/fibonacci__rosidl_typesupport_fastrtps_c.h
[3.075s] -- Up-to-date: /home/aurora/RESTAPI/ros2_ws/install/action_interfaces/include/action_interfaces/msg
[3.075s] -- Up-to-date: /home/aurora/RESTAPI/ros2_ws/install/action_interfaces/include/action_interfaces/msg/rosidl_typesupport_fastrtps_c__visibility_control.h
[3.075s] -- Installing: /home/aurora/RESTAPI/ros2_ws/install/action_interfaces/lib/libaction_interfaces__rosidl_typesupport_fastrtps_c.so
[3.075s] -- Set runtime path of "/home/aurora/RESTAPI/ros2_ws/install/action_interfaces/lib/libaction_interfaces__rosidl_typesupport_fastrtps_c.so" to ""
[3.075s] -- Up-to-date: /home/aurora/RESTAPI/ros2_ws/install/action_interfaces/include/action_interfaces
[3.075s] -- Up-to-date: /home/aurora/RESTAPI/ros2_ws/install/action_interfaces/include/action_interfaces/action
[3.075s] -- Up-to-date: /home/aurora/RESTAPI/ros2_ws/install/action_interfaces/include/action_interfaces/action/detail
[3.075s] -- Installing: /home/aurora/RESTAPI/ros2_ws/install/action_interfaces/include/action_interfaces/action/detail/mission__rosidl_typesupport_fastrtps_cpp.hpp
[3.075s] -- Up-to-date: /home/aurora/RESTAPI/ros2_ws/install/action_interfaces/include/action_interfaces/action/detail/dds_fastrtps
[3.075s] -- Up-to-date: /home/aurora/RESTAPI/ros2_ws/install/action_interfaces/include/action_interfaces/action/detail/fibonacci__rosidl_typesupport_fastrtps_cpp.hpp
[3.075s] -- Up-to-date: /home/aurora/RESTAPI/ros2_ws/install/action_interfaces/include/action_interfaces/msg
[3.075s] -- Up-to-date: /home/aurora/RESTAPI/ros2_ws/install/action_interfaces/include/action_interfaces/msg/rosidl_typesupport_fastrtps_cpp__visibility_control.h
[3.075s] -- Installing: /home/aurora/RESTAPI/ros2_ws/install/action_interfaces/lib/libaction_interfaces__rosidl_typesupport_fastrtps_cpp.so
[3.076s] -- Set runtime path of "/home/aurora/RESTAPI/ros2_ws/install/action_interfaces/lib/libaction_interfaces__rosidl_typesupport_fastrtps_cpp.so" to ""
[3.076s] -- Up-to-date: /home/aurora/RESTAPI/ros2_ws/install/action_interfaces/include/action_interfaces
[3.076s] -- Up-to-date: /home/aurora/RESTAPI/ros2_ws/install/action_interfaces/include/action_interfaces/action
[3.076s] -- Up-to-date: /home/aurora/RESTAPI/ros2_ws/install/action_interfaces/include/action_interfaces/action/detail
[3.076s] -- Installing: /home/aurora/RESTAPI/ros2_ws/install/action_interfaces/include/action_interfaces/action/detail/mission__rosidl_typesupport_introspection_c.h
[3.076s] -- Up-to-date: /home/aurora/RESTAPI/ros2_ws/install/action_interfaces/include/action_interfaces/action/detail/fibonacci__rosidl_typesupport_introspection_c.h
[3.076s] -- Up-to-date: /home/aurora/RESTAPI/ros2_ws/install/action_interfaces/include/action_interfaces/action/detail/fibonacci__type_support.c
[3.076s] -- Installing: /home/aurora/RESTAPI/ros2_ws/install/action_interfaces/include/action_interfaces/action/detail/mission__type_support.c
[3.076s] -- Up-to-date: /home/aurora/RESTAPI/ros2_ws/install/action_interfaces/include/action_interfaces/msg
[3.076s] -- Up-to-date: /home/aurora/RESTAPI/ros2_ws/install/action_interfaces/include/action_interfaces/msg/rosidl_typesupport_introspection_c__visibility_control.h
[3.076s] -- Installing: /home/aurora/RESTAPI/ros2_ws/install/action_interfaces/lib/libaction_interfaces__rosidl_typesupport_introspection_c.so
[3.077s] -- Set runtime path of "/home/aurora/RESTAPI/ros2_ws/install/action_interfaces/lib/libaction_interfaces__rosidl_typesupport_introspection_c.so" to ""
[3.077s] -- Installing: /home/aurora/RESTAPI/ros2_ws/install/action_interfaces/lib/libaction_interfaces__rosidl_typesupport_c.so
[3.077s] -- Set runtime path of "/home/aurora/RESTAPI/ros2_ws/install/action_interfaces/lib/libaction_interfaces__rosidl_typesupport_c.so" to ""
[3.077s] -- Up-to-date: /home/aurora/RESTAPI/ros2_ws/install/action_interfaces/include/action_interfaces
[3.077s] -- Up-to-date: /home/aurora/RESTAPI/ros2_ws/install/action_interfaces/include/action_interfaces/action
[3.077s] -- Up-to-date: /home/aurora/RESTAPI/ros2_ws/install/action_interfaces/include/action_interfaces/action/detail
[3.077s] -- Up-to-date: /home/aurora/RESTAPI/ros2_ws/install/action_interfaces/include/action_interfaces/action/detail/fibonacci__struct.hpp
[3.077s] -- Up-to-date: /home/aurora/RESTAPI/ros2_ws/install/action_interfaces/include/action_interfaces/action/detail/fibonacci__traits.hpp
[3.077s] -- Installing: /home/aurora/RESTAPI/ros2_ws/install/action_interfaces/include/action_interfaces/action/detail/mission__struct.hpp
[3.078s] -- Up-to-date: /home/aurora/RESTAPI/ros2_ws/install/action_interfaces/include/action_interfaces/action/detail/fibonacci__type_support.hpp
[3.078s] -- Installing: /home/aurora/RESTAPI/ros2_ws/install/action_interfaces/include/action_interfaces/action/detail/mission__type_support.hpp
[3.078s] -- Installing: /home/aurora/RESTAPI/ros2_ws/install/action_interfaces/include/action_interfaces/action/detail/mission__builder.hpp
[3.078s] -- Up-to-date: /home/aurora/RESTAPI/ros2_ws/install/action_interfaces/include/action_interfaces/action/detail/fibonacci__builder.hpp
[3.078s] -- Installing: /home/aurora/RESTAPI/ros2_ws/install/action_interfaces/include/action_interfaces/action/detail/mission__traits.hpp
[3.078s] -- Up-to-date: /home/aurora/RESTAPI/ros2_ws/install/action_interfaces/include/action_interfaces/action/fibonacci.hpp
[3.078s] -- Installing: /home/aurora/RESTAPI/ros2_ws/install/action_interfaces/include/action_interfaces/action/mission.hpp
[3.078s] -- Up-to-date: /home/aurora/RESTAPI/ros2_ws/install/action_interfaces/include/action_interfaces/msg
[3.078s] -- Up-to-date: /home/aurora/RESTAPI/ros2_ws/install/action_interfaces/include/action_interfaces/msg/rosidl_generator_cpp__visibility_control.hpp
[3.078s] -- Up-to-date: /home/aurora/RESTAPI/ros2_ws/install/action_interfaces/include/action_interfaces
[3.078s] -- Up-to-date: /home/aurora/RESTAPI/ros2_ws/install/action_interfaces/include/action_interfaces/action
[3.078s] -- Up-to-date: /home/aurora/RESTAPI/ros2_ws/install/action_interfaces/include/action_interfaces/action/detail
[3.078s] -- Up-to-date: /home/aurora/RESTAPI/ros2_ws/install/action_interfaces/include/action_interfaces/action/detail/fibonacci__rosidl_typesupport_introspection_cpp.hpp
[3.079s] -- Installing: /home/aurora/RESTAPI/ros2_ws/install/action_interfaces/include/action_interfaces/action/detail/mission__type_support.cpp
[3.079s] -- Installing: /home/aurora/RESTAPI/ros2_ws/install/action_interfaces/include/action_interfaces/action/detail/mission__rosidl_typesupport_introspection_cpp.hpp
[3.079s] -- Up-to-date: /home/aurora/RESTAPI/ros2_ws/install/action_interfaces/include/action_interfaces/action/detail/fibonacci__type_support.cpp
[3.079s] -- Installing: /home/aurora/RESTAPI/ros2_ws/install/action_interfaces/lib/libaction_interfaces__rosidl_typesupport_introspection_cpp.so
[3.079s] -- Set runtime path of "/home/aurora/RESTAPI/ros2_ws/install/action_interfaces/lib/libaction_interfaces__rosidl_typesupport_introspection_cpp.so" to ""
[3.079s] -- Installing: /home/aurora/RESTAPI/ros2_ws/install/action_interfaces/lib/libaction_interfaces__rosidl_typesupport_cpp.so
[3.080s] -- Set runtime path of "/home/aurora/RESTAPI/ros2_ws/install/action_interfaces/lib/libaction_interfaces__rosidl_typesupport_cpp.so" to ""
[3.080s] -- Up-to-date: /home/aurora/RESTAPI/ros2_ws/install/action_interfaces/share/action_interfaces/environment/pythonpath.sh
[3.080s] -- Installing: /home/aurora/RESTAPI/ros2_ws/install/action_interfaces/share/action_interfaces/environment/pythonpath.dsv
[3.080s] -- Installing: /home/aurora/RESTAPI/ros2_ws/install/action_interfaces/lib/python3.8/site-packages/action_interfaces/__init__.py
[3.102s] Compiling '/home/aurora/RESTAPI/ros2_ws/install/action_interfaces/lib/python3.8/site-packages/action_interfaces/__init__.py'...
[3.104s] -- Up-to-date: /home/aurora/RESTAPI/ros2_ws/install/action_interfaces/lib/python3.8/site-packages/action_interfaces/action
[3.104s] -- Installing: /home/aurora/RESTAPI/ros2_ws/install/action_interfaces/lib/python3.8/site-packages/action_interfaces/action/_mission_s.c
[3.104s] -- Up-to-date: /home/aurora/RESTAPI/ros2_ws/install/action_interfaces/lib/python3.8/site-packages/action_interfaces/action/_fibonacci.py
[3.105s] -- Up-to-date: /home/aurora/RESTAPI/ros2_ws/install/action_interfaces/lib/python3.8/site-packages/action_interfaces/action/_fibonacci_s.c
[3.105s] -- Installing: /home/aurora/RESTAPI/ros2_ws/install/action_interfaces/lib/python3.8/site-packages/action_interfaces/action/_mission.py
[3.105s] -- Installing: /home/aurora/RESTAPI/ros2_ws/install/action_interfaces/lib/python3.8/site-packages/action_interfaces/action/__init__.py
[3.106s] -- Installing: /home/aurora/RESTAPI/ros2_ws/install/action_interfaces/lib/python3.8/site-packages/action_interfaces/action_interfaces_s__rosidl_typesupport_fastrtps_c.cpython-38-x86_64-linux-gnu.so
[3.107s] -- Set runtime path of "/home/aurora/RESTAPI/ros2_ws/install/action_interfaces/lib/python3.8/site-packages/action_interfaces/action_interfaces_s__rosidl_typesupport_fastrtps_c.cpython-38-x86_64-linux-gnu.so" to ""
[3.107s] -- Installing: /home/aurora/RESTAPI/ros2_ws/install/action_interfaces/lib/python3.8/site-packages/action_interfaces/action_interfaces_s__rosidl_typesupport_introspection_c.cpython-38-x86_64-linux-gnu.so
[3.108s] -- Set runtime path of "/home/aurora/RESTAPI/ros2_ws/install/action_interfaces/lib/python3.8/site-packages/action_interfaces/action_interfaces_s__rosidl_typesupport_introspection_c.cpython-38-x86_64-linux-gnu.so" to ""
[3.109s] -- Installing: /home/aurora/RESTAPI/ros2_ws/install/action_interfaces/lib/python3.8/site-packages/action_interfaces/action_interfaces_s__rosidl_typesupport_c.cpython-38-x86_64-linux-gnu.so
[3.110s] -- Set runtime path of "/home/aurora/RESTAPI/ros2_ws/install/action_interfaces/lib/python3.8/site-packages/action_interfaces/action_interfaces_s__rosidl_typesupport_c.cpython-38-x86_64-linux-gnu.so" to ""
[3.110s] -- Installing: /home/aurora/RESTAPI/ros2_ws/install/action_interfaces/lib/libaction_interfaces__python.so
[3.110s] -- Set runtime path of "/home/aurora/RESTAPI/ros2_ws/install/action_interfaces/lib/libaction_interfaces__python.so" to ""
[3.110s] -- Installing: /home/aurora/RESTAPI/ros2_ws/install/action_interfaces/share/action_interfaces/action/Mission.idl
[3.111s] -- Installing: /home/aurora/RESTAPI/ros2_ws/install/action_interfaces/share/action_interfaces/action/Mission.action
[3.111s] -- Up-to-date: /home/aurora/RESTAPI/ros2_ws/install/action_interfaces/share/ament_index/resource_index/package_run_dependencies/action_interfaces
[3.111s] -- Up-to-date: /home/aurora/RESTAPI/ros2_ws/install/action_interfaces/share/ament_index/resource_index/parent_prefix_path/action_interfaces
[3.111s] -- Up-to-date: /home/aurora/RESTAPI/ros2_ws/install/action_interfaces/share/action_interfaces/environment/ament_prefix_path.sh
[3.111s] -- Installing: /home/aurora/RESTAPI/ros2_ws/install/action_interfaces/share/action_interfaces/environment/ament_prefix_path.dsv
[3.111s] -- Up-to-date: /home/aurora/RESTAPI/ros2_ws/install/action_interfaces/share/action_interfaces/environment/path.sh
[3.111s] -- Installing: /home/aurora/RESTAPI/ros2_ws/install/action_interfaces/share/action_interfaces/environment/path.dsv
[3.111s] -- Up-to-date: /home/aurora/RESTAPI/ros2_ws/install/action_interfaces/share/action_interfaces/local_setup.bash
[3.111s] -- Up-to-date: /home/aurora/RESTAPI/ros2_ws/install/action_interfaces/share/action_interfaces/local_setup.sh
[3.112s] -- Up-to-date: /home/aurora/RESTAPI/ros2_ws/install/action_interfaces/share/action_interfaces/local_setup.zsh
[3.112s] -- Installing: /home/aurora/RESTAPI/ros2_ws/install/action_interfaces/share/action_interfaces/local_setup.dsv
[3.112s] -- Installing: /home/aurora/RESTAPI/ros2_ws/install/action_interfaces/share/action_interfaces/package.dsv
[3.112s] -- Up-to-date: /home/aurora/RESTAPI/ros2_ws/install/action_interfaces/share/ament_index/resource_index/packages/action_interfaces
[3.112s] -- Up-to-date: /home/aurora/RESTAPI/ros2_ws/install/action_interfaces/share/action_interfaces/cmake/action_interfaces__rosidl_generator_cExport.cmake
[3.112s] -- Installing: /home/aurora/RESTAPI/ros2_ws/install/action_interfaces/share/action_interfaces/cmake/action_interfaces__rosidl_generator_cExport-noconfig.cmake
[3.112s] -- Up-to-date: /home/aurora/RESTAPI/ros2_ws/install/action_interfaces/share/action_interfaces/cmake/action_interfaces__rosidl_typesupport_introspection_cExport.cmake
[3.112s] -- Installing: /home/aurora/RESTAPI/ros2_ws/install/action_interfaces/share/action_interfaces/cmake/action_interfaces__rosidl_typesupport_introspection_cExport-noconfig.cmake
[3.112s] -- Up-to-date: /home/aurora/RESTAPI/ros2_ws/install/action_interfaces/share/action_interfaces/cmake/action_interfaces__rosidl_typesupport_cExport.cmake
[3.112s] -- Installing: /home/aurora/RESTAPI/ros2_ws/install/action_interfaces/share/action_interfaces/cmake/action_interfaces__rosidl_typesupport_cExport-noconfig.cmake
[3.113s] -- Up-to-date: /home/aurora/RESTAPI/ros2_ws/install/action_interfaces/share/action_interfaces/cmake/action_interfaces__rosidl_generator_cppExport.cmake
[3.113s] -- Up-to-date: /home/aurora/RESTAPI/ros2_ws/install/action_interfaces/share/action_interfaces/cmake/action_interfaces__rosidl_typesupport_introspection_cppExport.cmake
[3.113s] -- Installing: /home/aurora/RESTAPI/ros2_ws/install/action_interfaces/share/action_interfaces/cmake/action_interfaces__rosidl_typesupport_introspection_cppExport-noconfig.cmake
[3.113s] -- Up-to-date: /home/aurora/RESTAPI/ros2_ws/install/action_interfaces/share/action_interfaces/cmake/action_interfaces__rosidl_typesupport_cppExport.cmake
[3.113s] -- Installing: /home/aurora/RESTAPI/ros2_ws/install/action_interfaces/share/action_interfaces/cmake/action_interfaces__rosidl_typesupport_cppExport-noconfig.cmake
[3.113s] -- Up-to-date: /home/aurora/RESTAPI/ros2_ws/install/action_interfaces/share/action_interfaces/cmake/rosidl_cmake-extras.cmake
[3.113s] -- Up-to-date: /home/aurora/RESTAPI/ros2_ws/install/action_interfaces/share/action_interfaces/cmake/ament_cmake_export_dependencies-extras.cmake
[3.113s] -- Up-to-date: /home/aurora/RESTAPI/ros2_ws/install/action_interfaces/share/action_interfaces/cmake/ament_cmake_export_libraries-extras.cmake
[3.113s] -- Up-to-date: /home/aurora/RESTAPI/ros2_ws/install/action_interfaces/share/action_interfaces/cmake/ament_cmake_export_targets-extras.cmake
[3.113s] -- Up-to-date: /home/aurora/RESTAPI/ros2_ws/install/action_interfaces/share/action_interfaces/cmake/ament_cmake_export_include_directories-extras.cmake
[3.113s] -- Up-to-date: /home/aurora/RESTAPI/ros2_ws/install/action_interfaces/share/action_interfaces/cmake/rosidl_cmake_export_typesupport_libraries-extras.cmake
[3.113s] -- Up-to-date: /home/aurora/RESTAPI/ros2_ws/install/action_interfaces/share/action_interfaces/cmake/rosidl_cmake_export_typesupport_targets-extras.cmake
[3.113s] -- Up-to-date: /home/aurora/RESTAPI/ros2_ws/install/action_interfaces/share/action_interfaces/cmake/action_interfacesConfig.cmake
[3.113s] -- Up-to-date: /home/aurora/RESTAPI/ros2_ws/install/action_interfaces/share/action_interfaces/cmake/action_interfacesConfig-version.cmake
[3.113s] -- Up-to-date: /home/aurora/RESTAPI/ros2_ws/install/action_interfaces/share/action_interfaces/package.xml
[3.115s] Invoked command in '/home/aurora/RESTAPI/ros2_ws/build/action_interfaces' returned '0': CMAKE_PREFIX_PATH=${CMAKE_PREFIX_PATH}:/home/aurora/RESTAPI/ros2_ws/install/rn2:/home/aurora/RESTAPI/ros2_ws/install/rn1:/opt/ros/foxy CONDA_PROMPT_MODIFIER=(ros2) /usr/bin/cmake --install /home/aurora/RESTAPI/ros2_ws/build/action_interfaces
