[0.010s] Invoking command in '/home/aurora/RESTAPI/ros2_ws/build/action_interfaces': CMAKE_PREFIX_PATH=/opt/ros/foxy CONDA_PROMPT_MODIFIER=(ros2) /usr/bin/cmake --build /home/aurora/RESTAPI/ros2_ws/build/action_interfaces -- -j32 -l32
[0.034s] -- Found ament_cmake: 0.9.12 (/opt/ros/foxy/share/ament_cmake/cmake)
[0.048s] -- Found PythonInterp: /home/aurora/miniconda3/envs/ros2/bin/python3 (found suitable version "3.8", minimum required is "3") 
[0.048s] -- Using PYTHON_EXECUTABLE: /home/aurora/miniconda3/envs/ros2/bin/python3
[0.132s] -- Found ament_lint_auto: 0.9.8 (/opt/ros/foxy/share/ament_lint_auto/cmake)
[0.183s] -- Found rosidl_default_generators: 1.0.1 (/opt/ros/foxy/share/rosidl_default_generators/cmake)
[0.186s] -- Using all available rosidl_typesupport_c: rosidl_typesupport_fastrtps_c;rosidl_typesupport_introspection_c
[0.188s] -- Found rosidl_adapter: 1.3.1 (/opt/ros/foxy/share/rosidl_adapter/cmake)
[0.287s] -- Using all available rosidl_typesupport_cpp: rosidl_typesupport_fastrtps_cpp;rosidl_typesupport_introspection_cpp
[0.318s] -- Found PythonInterp: /home/aurora/miniconda3/envs/ros2/bin/python3 (found version "3.8") 
[0.394s] -- Found ament_cmake_ros: 0.9.2 (/opt/ros/foxy/share/ament_cmake_ros/cmake)
[0.490s] -- Using all available rosidl_typesupport_c: rosidl_typesupport_fastrtps_c;rosidl_typesupport_introspection_c
[0.502s] -- Using all available rosidl_typesupport_cpp: rosidl_typesupport_fastrtps_cpp;rosidl_typesupport_introspection_cpp
[0.522s] -- Found PythonInterp: /home/aurora/miniconda3/envs/ros2/bin/python3 (found suitable version "3.8", minimum required is "3.5") 
[0.522s] -- Found python_cmake_module: 0.8.1 (/opt/ros/foxy/share/python_cmake_module/cmake)
[0.540s] -- Using PYTHON_EXECUTABLE: /home/aurora/miniconda3/envs/ros2/bin/python3
[0.540s] -- Using PYTHON_INCLUDE_DIRS: /home/aurora/miniconda3/envs/ros2/include/python3.8
[0.541s] -- Using PYTHON_LIBRARIES: /home/aurora/miniconda3/envs/ros2/lib/libpython3.8.so
[0.613s] -- Using numpy include directory: /home/aurora/.local/lib/python3.8/site-packages/numpy/core/include
[0.626s] -- Added test 'copyright' to check source files copyright and LICENSE
[0.627s] -- Added test 'lint_cmake' to check CMake code style
[0.628s] -- Added test 'xmllint' to check XML markup files
[0.634s] -- Configuring done
[0.652s] CMake Warning at /opt/ros/foxy/share/rosidl_generator_py/cmake/rosidl_generator_py_generate_interfaces.cmake:235 (add_library):
[0.652s]   Cannot generate a safe runtime search path for target
[0.652s]   action_interfaces__rosidl_typesupport_fastrtps_c__pyext because files in
[0.653s]   some directories may conflict with libraries in implicit directories:
[0.653s] 
[0.653s]     runtime library [libssl.so.1.1] in /usr/lib/x86_64-linux-gnu may be hidden by files in:
[0.653s]       /home/aurora/miniconda3/envs/ros2/lib
[0.653s]     runtime library [libcrypto.so.1.1] in /usr/lib/x86_64-linux-gnu may be hidden by files in:
[0.653s]       /home/aurora/miniconda3/envs/ros2/lib
[0.653s] 
[0.653s]   Some of these libraries may not be found correctly.
[0.653s] Call Stack (most recent call first):
[0.653s]   /opt/ros/foxy/share/ament_cmake_core/cmake/core/ament_execute_extensions.cmake:48 (include)
[0.653s]   /opt/ros/foxy/share/rosidl_cmake/cmake/rosidl_generate_interfaces.cmake:286 (ament_execute_extensions)
[0.653s]   CMakeLists.txt:37 (rosidl_generate_interfaces)
[0.654s] 
[0.654s] 
[0.668s] -- Generating done
[0.670s] -- Build files have been written to: /home/aurora/RESTAPI/ros2_ws/build/action_interfaces
[0.700s] [35m[1mScanning dependencies of target action_interfaces__cpp[0m
[0.702s] [  3%] [34m[1mGenerating C code for ROS interfaces[0m
[0.712s] [  6%] [34m[1mGenerating C++ code for ROS interfaces[0m
[0.953s] [35m[1mScanning dependencies of target action_interfaces__rosidl_generator_c[0m
[0.964s] [  9%] [32mBuilding C object CMakeFiles/action_interfaces__rosidl_generator_c.dir/rosidl_generator_c/action_interfaces/action/detail/mission__functions.c.o[0m
[0.971s] [  9%] Built target action_interfaces__cpp
[0.978s] [ 12%] [34m[1mGenerating C++ introspection for ROS interfaces[0m
[0.981s] [ 16%] [34m[1mGenerating C++ type support for eProsima Fast-RTPS[0m
[0.984s] [ 19%] [34m[1mGenerating C++ type support dispatch for ROS interfaces[0m
[1.117s] [ 22%] [32m[1mLinking C shared library libaction_interfaces__rosidl_generator_c.so[0m
[1.161s] [35m[1mScanning dependencies of target action_interfaces__rosidl_typesupport_cpp[0m
[1.161s] [ 22%] Built target action_interfaces__rosidl_generator_c
[1.169s] [ 25%] [34m[1mGenerating C type support dispatch for ROS interfaces[0m
[1.174s] [ 29%] [34m[1mGenerating C introspection for ROS interfaces[0m
[1.177s] [35m[1mScanning dependencies of target action_interfaces__rosidl_typesupport_introspection_cpp[0m
[1.183s] [ 32%] [32mBuilding CXX object CMakeFiles/action_interfaces__rosidl_typesupport_cpp.dir/rosidl_typesupport_cpp/action_interfaces/action/mission__type_support.cpp.o[0m
[1.189s] [ 35%] [32mBuilding CXX object CMakeFiles/action_interfaces__rosidl_typesupport_introspection_cpp.dir/rosidl_typesupport_introspection_cpp/action_interfaces/action/detail/mission__type_support.cpp.o[0m
[1.233s] [35m[1mScanning dependencies of target action_interfaces__rosidl_typesupport_fastrtps_cpp[0m
[1.256s] [ 38%] [32mBuilding CXX object CMakeFiles/action_interfaces__rosidl_typesupport_fastrtps_cpp.dir/rosidl_typesupport_fastrtps_cpp/action_interfaces/action/detail/dds_fastrtps/mission__type_support.cpp.o[0m
[1.351s] [35m[1mScanning dependencies of target action_interfaces__rosidl_typesupport_c[0m
[1.362s] [ 41%] [32mBuilding CXX object CMakeFiles/action_interfaces__rosidl_typesupport_c.dir/rosidl_typesupport_c/action_interfaces/action/mission__type_support.cpp.o[0m
[1.388s] [ 45%] [32m[1mLinking CXX shared library libaction_interfaces__rosidl_typesupport_cpp.so[0m
[1.393s] [ 48%] [32m[1mLinking CXX shared library libaction_interfaces__rosidl_typesupport_introspection_cpp.so[0m
[1.406s] [35m[1mScanning dependencies of target action_interfaces__rosidl_typesupport_introspection_c[0m
[1.409s] [ 51%] [32m[1mLinking CXX shared library libaction_interfaces__rosidl_typesupport_c.so[0m
[1.422s] [ 54%] [32mBuilding C object CMakeFiles/action_interfaces__rosidl_typesupport_introspection_c.dir/rosidl_typesupport_introspection_c/action_interfaces/action/detail/mission__type_support.c.o[0m
[1.430s] [ 54%] Built target action_interfaces__rosidl_typesupport_cpp
[1.443s] [ 54%] Built target action_interfaces__rosidl_typesupport_introspection_cpp
[1.451s] [ 54%] Built target action_interfaces__rosidl_typesupport_c
[1.469s] [ 58%] [32m[1mLinking C shared library libaction_interfaces__rosidl_typesupport_introspection_c.so[0m
[1.493s] [ 58%] Built target action_interfaces__rosidl_typesupport_introspection_c
[1.531s] [ 61%] [32m[1mLinking CXX shared library libaction_interfaces__rosidl_typesupport_fastrtps_cpp.so[0m
[1.589s] [ 61%] Built target action_interfaces__rosidl_typesupport_fastrtps_cpp
[1.603s] [ 64%] [34m[1mGenerating C type support for eProsima Fast-RTPS[0m
[1.839s] [35m[1mScanning dependencies of target action_interfaces__rosidl_typesupport_fastrtps_c[0m
[1.858s] [ 67%] [32mBuilding CXX object CMakeFiles/action_interfaces__rosidl_typesupport_fastrtps_c.dir/rosidl_typesupport_fastrtps_c/action_interfaces/action/detail/mission__type_support_c.cpp.o[0m
[2.058s] [ 70%] [32m[1mLinking CXX shared library libaction_interfaces__rosidl_typesupport_fastrtps_c.so[0m
[2.125s] [ 70%] Built target action_interfaces__rosidl_typesupport_fastrtps_c
[2.132s] [35m[1mScanning dependencies of target action_interfaces[0m
[2.145s] [ 70%] Built target action_interfaces
[2.162s] [35m[1mScanning dependencies of target action_interfaces__py[0m
[2.173s] [ 74%] [34m[1mGenerating Python code for ROS interfaces[0m
[2.677s] [ 74%] Built target action_interfaces__py
[2.689s] [35m[1mScanning dependencies of target action_interfaces__python[0m
[2.724s] [ 77%] [32mBuilding C object CMakeFiles/action_interfaces__python.dir/rosidl_generator_py/action_interfaces/action/_mission_s.c.o[0m
[2.816s] [ 80%] [32m[1mLinking C shared library rosidl_generator_py/action_interfaces/libaction_interfaces__python.so[0m
[2.857s] [ 80%] Built target action_interfaces__python
[2.865s] [35m[1mScanning dependencies of target action_interfaces__rosidl_typesupport_c__pyext[0m
[2.871s] [35m[1mScanning dependencies of target action_interfaces__rosidl_typesupport_fastrtps_c__pyext[0m
[2.872s] [35m[1mScanning dependencies of target action_interfaces__rosidl_typesupport_introspection_c__pyext[0m
[2.880s] [ 83%] [32mBuilding C object CMakeFiles/action_interfaces__rosidl_typesupport_c__pyext.dir/rosidl_generator_py/action_interfaces/_action_interfaces_s.ep.rosidl_typesupport_c.c.o[0m
[2.885s] [ 87%] [32mBuilding C object CMakeFiles/action_interfaces__rosidl_typesupport_fastrtps_c__pyext.dir/rosidl_generator_py/action_interfaces/_action_interfaces_s.ep.rosidl_typesupport_fastrtps_c.c.o[0m
[2.889s] [ 90%] [32mBuilding C object CMakeFiles/action_interfaces__rosidl_typesupport_introspection_c__pyext.dir/rosidl_generator_py/action_interfaces/_action_interfaces_s.ep.rosidl_typesupport_introspection_c.c.o[0m
[2.941s] [ 93%] [32m[1mLinking C shared library rosidl_generator_py/action_interfaces/action_interfaces_s__rosidl_typesupport_c.cpython-38-x86_64-linux-gnu.so[0m
[2.951s] [ 96%] [32m[1mLinking C shared library rosidl_generator_py/action_interfaces/action_interfaces_s__rosidl_typesupport_introspection_c.cpython-38-x86_64-linux-gnu.so[0m
[2.955s] [100%] [32m[1mLinking CXX shared library rosidl_generator_py/action_interfaces/action_interfaces_s__rosidl_typesupport_fastrtps_c.cpython-38-x86_64-linux-gnu.so[0m
[2.964s] [100%] Built target action_interfaces__rosidl_typesupport_c__pyext
[2.981s] [100%] Built target action_interfaces__rosidl_typesupport_introspection_c__pyext
[2.993s] [100%] Built target action_interfaces__rosidl_typesupport_fastrtps_c__pyext
[3.007s] Invoked command in '/home/aurora/RESTAPI/ros2_ws/build/action_interfaces' returned '0': CMAKE_PREFIX_PATH=/opt/ros/foxy CONDA_PROMPT_MODIFIER=(ros2) /usr/bin/cmake --build /home/aurora/RESTAPI/ros2_ws/build/action_interfaces -- -j32 -l32
[3.059s] Invoking command in '/home/aurora/RESTAPI/ros2_ws/build/action_interfaces': CMAKE_PREFIX_PATH=/opt/ros/foxy CONDA_PROMPT_MODIFIER=(ros2) /usr/bin/cmake --install /home/aurora/RESTAPI/ros2_ws/build/action_interfaces
[3.065s] -- Install configuration: ""
[3.066s] -- Installing: /home/aurora/RESTAPI/ros2_ws/install/action_interfaces/share/ament_index/resource_index/rosidl_interfaces/action_interfaces
[3.066s] -- Up-to-date: /home/aurora/RESTAPI/ros2_ws/install/action_interfaces/include/action_interfaces
[3.066s] -- Up-to-date: /home/aurora/RESTAPI/ros2_ws/install/action_interfaces/include/action_interfaces/action
[3.066s] -- Up-to-date: /home/aurora/RESTAPI/ros2_ws/install/action_interfaces/include/action_interfaces/action/detail
[3.066s] -- Installing: /home/aurora/RESTAPI/ros2_ws/install/action_interfaces/include/action_interfaces/action/detail/mission__struct.h
[3.066s] -- Installing: /home/aurora/RESTAPI/ros2_ws/install/action_interfaces/include/action_interfaces/action/detail/mission__functions.h
[3.066s] -- Installing: /home/aurora/RESTAPI/ros2_ws/install/action_interfaces/include/action_interfaces/action/detail/mission__functions.c
[3.066s] -- Up-to-date: /home/aurora/RESTAPI/ros2_ws/install/action_interfaces/include/action_interfaces/action/detail/fibonacci__struct.h
[3.066s] -- Up-to-date: /home/aurora/RESTAPI/ros2_ws/install/action_interfaces/include/action_interfaces/action/detail/fibonacci__functions.c
[3.066s] -- Up-to-date: /home/aurora/RESTAPI/ros2_ws/install/action_interfaces/include/action_interfaces/action/detail/fibonacci__type_support.h
[3.066s] -- Installing: /home/aurora/RESTAPI/ros2_ws/install/action_interfaces/include/action_interfaces/action/detail/mission__type_support.h
[3.066s] -- Up-to-date: /home/aurora/RESTAPI/ros2_ws/install/action_interfaces/include/action_interfaces/action/detail/fibonacci__functions.h
[3.066s] -- Up-to-date: /home/aurora/RESTAPI/ros2_ws/install/action_interfaces/include/action_interfaces/action/fibonacci.h
[3.066s] -- Installing: /home/aurora/RESTAPI/ros2_ws/install/action_interfaces/include/action_interfaces/action/mission.h
[3.066s] -- Up-to-date: /home/aurora/RESTAPI/ros2_ws/install/action_interfaces/include/action_interfaces/msg
[3.066s] -- Up-to-date: /home/aurora/RESTAPI/ros2_ws/install/action_interfaces/include/action_interfaces/msg/rosidl_generator_c__visibility_control.h
[3.066s] -- Up-to-date: /home/aurora/RESTAPI/ros2_ws/install/action_interfaces/share/action_interfaces/environment/library_path.sh
[3.066s] -- Installing: /home/aurora/RESTAPI/ros2_ws/install/action_interfaces/share/action_interfaces/environment/library_path.dsv
[3.066s] -- Installing: /home/aurora/RESTAPI/ros2_ws/install/action_interfaces/lib/libaction_interfaces__rosidl_generator_c.so
[3.067s] -- Set runtime path of "/home/aurora/RESTAPI/ros2_ws/install/action_interfaces/lib/libaction_interfaces__rosidl_generator_c.so" to ""
[3.067s] -- Up-to-date: /home/aurora/RESTAPI/ros2_ws/install/action_interfaces/include/action_interfaces
[3.067s] -- Up-to-date: /home/aurora/RESTAPI/ros2_ws/install/action_interfaces/include/action_interfaces/action
[3.067s] -- Up-to-date: /home/aurora/RESTAPI/ros2_ws/install/action_interfaces/include/action_interfaces/action/detail
[3.067s] -- Installing: /home/aurora/RESTAPI/ros2_ws/install/action_interfaces/include/action_interfaces/action/detail/mission__rosidl_typesupport_fastrtps_c.h
[3.067s] -- Up-to-date: /home/aurora/RESTAPI/ros2_ws/install/action_interfaces/include/action_interfaces/action/detail/fibonacci__rosidl_typesupport_fastrtps_c.h
[3.067s] -- Up-to-date: /home/aurora/RESTAPI/ros2_ws/install/action_interfaces/include/action_interfaces/msg
[3.067s] -- Up-to-date: /home/aurora/RESTAPI/ros2_ws/install/action_interfaces/include/action_interfaces/msg/rosidl_typesupport_fastrtps_c__visibility_control.h
[3.067s] -- Installing: /home/aurora/RESTAPI/ros2_ws/install/action_interfaces/lib/libaction_interfaces__rosidl_typesupport_fastrtps_c.so
[3.067s] -- Set runtime path of "/home/aurora/RESTAPI/ros2_ws/install/action_interfaces/lib/libaction_interfaces__rosidl_typesupport_fastrtps_c.so" to ""
[3.067s] -- Up-to-date: /home/aurora/RESTAPI/ros2_ws/install/action_interfaces/include/action_interfaces
[3.067s] -- Up-to-date: /home/aurora/RESTAPI/ros2_ws/install/action_interfaces/include/action_interfaces/action
[3.067s] -- Up-to-date: /home/aurora/RESTAPI/ros2_ws/install/action_interfaces/include/action_interfaces/action/detail
[3.067s] -- Installing: /home/aurora/RESTAPI/ros2_ws/install/action_interfaces/include/action_interfaces/action/detail/mission__rosidl_typesupport_fastrtps_cpp.hpp
[3.068s] -- Up-to-date: /home/aurora/RESTAPI/ros2_ws/install/action_interfaces/include/action_interfaces/action/detail/dds_fastrtps
[3.068s] -- Up-to-date: /home/aurora/RESTAPI/ros2_ws/install/action_interfaces/include/action_interfaces/action/detail/fibonacci__rosidl_typesupport_fastrtps_cpp.hpp
[3.068s] -- Up-to-date: /home/aurora/RESTAPI/ros2_ws/install/action_interfaces/include/action_interfaces/msg
[3.068s] -- Up-to-date: /home/aurora/RESTAPI/ros2_ws/install/action_interfaces/include/action_interfaces/msg/rosidl_typesupport_fastrtps_cpp__visibility_control.h
[3.068s] -- Installing: /home/aurora/RESTAPI/ros2_ws/install/action_interfaces/lib/libaction_interfaces__rosidl_typesupport_fastrtps_cpp.so
[3.068s] -- Set runtime path of "/home/aurora/RESTAPI/ros2_ws/install/action_interfaces/lib/libaction_interfaces__rosidl_typesupport_fastrtps_cpp.so" to ""
[3.068s] -- Up-to-date: /home/aurora/RESTAPI/ros2_ws/install/action_interfaces/include/action_interfaces
[3.068s] -- Up-to-date: /home/aurora/RESTAPI/ros2_ws/install/action_interfaces/include/action_interfaces/action
[3.068s] -- Up-to-date: /home/aurora/RESTAPI/ros2_ws/install/action_interfaces/include/action_interfaces/action/detail
[3.068s] -- Installing: /home/aurora/RESTAPI/ros2_ws/install/action_interfaces/include/action_interfaces/action/detail/mission__rosidl_typesupport_introspection_c.h
[3.068s] -- Up-to-date: /home/aurora/RESTAPI/ros2_ws/install/action_interfaces/include/action_interfaces/action/detail/fibonacci__rosidl_typesupport_introspection_c.h
[3.068s] -- Up-to-date: /home/aurora/RESTAPI/ros2_ws/install/action_interfaces/include/action_interfaces/action/detail/fibonacci__type_support.c
[3.068s] -- Installing: /home/aurora/RESTAPI/ros2_ws/install/action_interfaces/include/action_interfaces/action/detail/mission__type_support.c
[3.068s] -- Up-to-date: /home/aurora/RESTAPI/ros2_ws/install/action_interfaces/include/action_interfaces/msg
[3.068s] -- Up-to-date: /home/aurora/RESTAPI/ros2_ws/install/action_interfaces/include/action_interfaces/msg/rosidl_typesupport_introspection_c__visibility_control.h
[3.068s] -- Installing: /home/aurora/RESTAPI/ros2_ws/install/action_interfaces/lib/libaction_interfaces__rosidl_typesupport_introspection_c.so
[3.069s] -- Set runtime path of "/home/aurora/RESTAPI/ros2_ws/install/action_interfaces/lib/libaction_interfaces__rosidl_typesupport_introspection_c.so" to ""
[3.069s] -- Installing: /home/aurora/RESTAPI/ros2_ws/install/action_interfaces/lib/libaction_interfaces__rosidl_typesupport_c.so
[3.069s] -- Set runtime path of "/home/aurora/RESTAPI/ros2_ws/install/action_interfaces/lib/libaction_interfaces__rosidl_typesupport_c.so" to ""
[3.069s] -- Up-to-date: /home/aurora/RESTAPI/ros2_ws/install/action_interfaces/include/action_interfaces
[3.069s] -- Up-to-date: /home/aurora/RESTAPI/ros2_ws/install/action_interfaces/include/action_interfaces/action
[3.069s] -- Up-to-date: /home/aurora/RESTAPI/ros2_ws/install/action_interfaces/include/action_interfaces/action/detail
[3.069s] -- Up-to-date: /home/aurora/RESTAPI/ros2_ws/install/action_interfaces/include/action_interfaces/action/detail/fibonacci__struct.hpp
[3.069s] -- Up-to-date: /home/aurora/RESTAPI/ros2_ws/install/action_interfaces/include/action_interfaces/action/detail/fibonacci__traits.hpp
[3.069s] -- Installing: /home/aurora/RESTAPI/ros2_ws/install/action_interfaces/include/action_interfaces/action/detail/mission__struct.hpp
[3.069s] -- Up-to-date: /home/aurora/RESTAPI/ros2_ws/install/action_interfaces/include/action_interfaces/action/detail/fibonacci__type_support.hpp
[3.069s] -- Installing: /home/aurora/RESTAPI/ros2_ws/install/action_interfaces/include/action_interfaces/action/detail/mission__type_support.hpp
[3.069s] -- Installing: /home/aurora/RESTAPI/ros2_ws/install/action_interfaces/include/action_interfaces/action/detail/mission__builder.hpp
[3.069s] -- Up-to-date: /home/aurora/RESTAPI/ros2_ws/install/action_interfaces/include/action_interfaces/action/detail/fibonacci__builder.hpp
[3.069s] -- Installing: /home/aurora/RESTAPI/ros2_ws/install/action_interfaces/include/action_interfaces/action/detail/mission__traits.hpp
[3.070s] -- Up-to-date: /home/aurora/RESTAPI/ros2_ws/install/action_interfaces/include/action_interfaces/action/fibonacci.hpp
[3.070s] -- Installing: /home/aurora/RESTAPI/ros2_ws/install/action_interfaces/include/action_interfaces/action/mission.hpp
[3.070s] -- Up-to-date: /home/aurora/RESTAPI/ros2_ws/install/action_interfaces/include/action_interfaces/msg
[3.070s] -- Up-to-date: /home/aurora/RESTAPI/ros2_ws/install/action_interfaces/include/action_interfaces/msg/rosidl_generator_cpp__visibility_control.hpp
[3.070s] -- Up-to-date: /home/aurora/RESTAPI/ros2_ws/install/action_interfaces/include/action_interfaces
[3.070s] -- Up-to-date: /home/aurora/RESTAPI/ros2_ws/install/action_interfaces/include/action_interfaces/action
[3.070s] -- Up-to-date: /home/aurora/RESTAPI/ros2_ws/install/action_interfaces/include/action_interfaces/action/detail
[3.070s] -- Up-to-date: /home/aurora/RESTAPI/ros2_ws/install/action_interfaces/include/action_interfaces/action/detail/fibonacci__rosidl_typesupport_introspection_cpp.hpp
[3.070s] -- Installing: /home/aurora/RESTAPI/ros2_ws/install/action_interfaces/include/action_interfaces/action/detail/mission__type_support.cpp
[3.070s] -- Installing: /home/aurora/RESTAPI/ros2_ws/install/action_interfaces/include/action_interfaces/action/detail/mission__rosidl_typesupport_introspection_cpp.hpp
[3.070s] -- Up-to-date: /home/aurora/RESTAPI/ros2_ws/install/action_interfaces/include/action_interfaces/action/detail/fibonacci__type_support.cpp
[3.070s] -- Installing: /home/aurora/RESTAPI/ros2_ws/install/action_interfaces/lib/libaction_interfaces__rosidl_typesupport_introspection_cpp.so
[3.070s] -- Set runtime path of "/home/aurora/RESTAPI/ros2_ws/install/action_interfaces/lib/libaction_interfaces__rosidl_typesupport_introspection_cpp.so" to ""
[3.070s] -- Installing: /home/aurora/RESTAPI/ros2_ws/install/action_interfaces/lib/libaction_interfaces__rosidl_typesupport_cpp.so
[3.070s] -- Set runtime path of "/home/aurora/RESTAPI/ros2_ws/install/action_interfaces/lib/libaction_interfaces__rosidl_typesupport_cpp.so" to ""
[3.071s] -- Up-to-date: /home/aurora/RESTAPI/ros2_ws/install/action_interfaces/share/action_interfaces/environment/pythonpath.sh
[3.071s] -- Installing: /home/aurora/RESTAPI/ros2_ws/install/action_interfaces/share/action_interfaces/environment/pythonpath.dsv
[3.071s] -- Installing: /home/aurora/RESTAPI/ros2_ws/install/action_interfaces/lib/python3.8/site-packages/action_interfaces/__init__.py
[3.094s] Compiling '/home/aurora/RESTAPI/ros2_ws/install/action_interfaces/lib/python3.8/site-packages/action_interfaces/__init__.py'...
[3.096s] -- Up-to-date: /home/aurora/RESTAPI/ros2_ws/install/action_interfaces/lib/python3.8/site-packages/action_interfaces/action
[3.096s] -- Installing: /home/aurora/RESTAPI/ros2_ws/install/action_interfaces/lib/python3.8/site-packages/action_interfaces/action/_mission_s.c
[3.096s] -- Up-to-date: /home/aurora/RESTAPI/ros2_ws/install/action_interfaces/lib/python3.8/site-packages/action_interfaces/action/_fibonacci.py
[3.096s] -- Up-to-date: /home/aurora/RESTAPI/ros2_ws/install/action_interfaces/lib/python3.8/site-packages/action_interfaces/action/_fibonacci_s.c
[3.096s] -- Installing: /home/aurora/RESTAPI/ros2_ws/install/action_interfaces/lib/python3.8/site-packages/action_interfaces/action/_mission.py
[3.097s] -- Installing: /home/aurora/RESTAPI/ros2_ws/install/action_interfaces/lib/python3.8/site-packages/action_interfaces/action/__init__.py
[3.098s] -- Installing: /home/aurora/RESTAPI/ros2_ws/install/action_interfaces/lib/python3.8/site-packages/action_interfaces/action_interfaces_s__rosidl_typesupport_fastrtps_c.cpython-38-x86_64-linux-gnu.so
[3.098s] -- Set runtime path of "/home/aurora/RESTAPI/ros2_ws/install/action_interfaces/lib/python3.8/site-packages/action_interfaces/action_interfaces_s__rosidl_typesupport_fastrtps_c.cpython-38-x86_64-linux-gnu.so" to ""
[3.099s] -- Installing: /home/aurora/RESTAPI/ros2_ws/install/action_interfaces/lib/python3.8/site-packages/action_interfaces/action_interfaces_s__rosidl_typesupport_introspection_c.cpython-38-x86_64-linux-gnu.so
[3.099s] -- Set runtime path of "/home/aurora/RESTAPI/ros2_ws/install/action_interfaces/lib/python3.8/site-packages/action_interfaces/action_interfaces_s__rosidl_typesupport_introspection_c.cpython-38-x86_64-linux-gnu.so" to ""
[3.099s] -- Installing: /home/aurora/RESTAPI/ros2_ws/install/action_interfaces/lib/python3.8/site-packages/action_interfaces/action_interfaces_s__rosidl_typesupport_c.cpython-38-x86_64-linux-gnu.so
[3.100s] -- Set runtime path of "/home/aurora/RESTAPI/ros2_ws/install/action_interfaces/lib/python3.8/site-packages/action_interfaces/action_interfaces_s__rosidl_typesupport_c.cpython-38-x86_64-linux-gnu.so" to ""
[3.100s] -- Installing: /home/aurora/RESTAPI/ros2_ws/install/action_interfaces/lib/libaction_interfaces__python.so
[3.100s] -- Set runtime path of "/home/aurora/RESTAPI/ros2_ws/install/action_interfaces/lib/libaction_interfaces__python.so" to ""
[3.100s] -- Installing: /home/aurora/RESTAPI/ros2_ws/install/action_interfaces/share/action_interfaces/action/Mission.idl
[3.100s] -- Installing: /home/aurora/RESTAPI/ros2_ws/install/action_interfaces/share/action_interfaces/action/Mission.action
[3.100s] -- Installing: /home/aurora/RESTAPI/ros2_ws/install/action_interfaces/share/ament_index/resource_index/package_run_dependencies/action_interfaces
[3.100s] -- Up-to-date: /home/aurora/RESTAPI/ros2_ws/install/action_interfaces/share/ament_index/resource_index/parent_prefix_path/action_interfaces
[3.100s] -- Up-to-date: /home/aurora/RESTAPI/ros2_ws/install/action_interfaces/share/action_interfaces/environment/ament_prefix_path.sh
[3.100s] -- Installing: /home/aurora/RESTAPI/ros2_ws/install/action_interfaces/share/action_interfaces/environment/ament_prefix_path.dsv
[3.100s] -- Up-to-date: /home/aurora/RESTAPI/ros2_ws/install/action_interfaces/share/action_interfaces/environment/path.sh
[3.100s] -- Installing: /home/aurora/RESTAPI/ros2_ws/install/action_interfaces/share/action_interfaces/environment/path.dsv
[3.101s] -- Up-to-date: /home/aurora/RESTAPI/ros2_ws/install/action_interfaces/share/action_interfaces/local_setup.bash
[3.101s] -- Up-to-date: /home/aurora/RESTAPI/ros2_ws/install/action_interfaces/share/action_interfaces/local_setup.sh
[3.101s] -- Up-to-date: /home/aurora/RESTAPI/ros2_ws/install/action_interfaces/share/action_interfaces/local_setup.zsh
[3.101s] -- Installing: /home/aurora/RESTAPI/ros2_ws/install/action_interfaces/share/action_interfaces/local_setup.dsv
[3.101s] -- Installing: /home/aurora/RESTAPI/ros2_ws/install/action_interfaces/share/action_interfaces/package.dsv
[3.101s] -- Up-to-date: /home/aurora/RESTAPI/ros2_ws/install/action_interfaces/share/ament_index/resource_index/packages/action_interfaces
[3.101s] -- Installing: /home/aurora/RESTAPI/ros2_ws/install/action_interfaces/share/action_interfaces/cmake/action_interfaces__rosidl_generator_cExport.cmake
[3.101s] -- Installing: /home/aurora/RESTAPI/ros2_ws/install/action_interfaces/share/action_interfaces/cmake/action_interfaces__rosidl_generator_cExport-noconfig.cmake
[3.101s] -- Installing: /home/aurora/RESTAPI/ros2_ws/install/action_interfaces/share/action_interfaces/cmake/action_interfaces__rosidl_typesupport_introspection_cExport.cmake
[3.101s] -- Installing: /home/aurora/RESTAPI/ros2_ws/install/action_interfaces/share/action_interfaces/cmake/action_interfaces__rosidl_typesupport_introspection_cExport-noconfig.cmake
[3.101s] -- Installing: /home/aurora/RESTAPI/ros2_ws/install/action_interfaces/share/action_interfaces/cmake/action_interfaces__rosidl_typesupport_cExport.cmake
[3.102s] -- Installing: /home/aurora/RESTAPI/ros2_ws/install/action_interfaces/share/action_interfaces/cmake/action_interfaces__rosidl_typesupport_cExport-noconfig.cmake
[3.102s] -- Installing: /home/aurora/RESTAPI/ros2_ws/install/action_interfaces/share/action_interfaces/cmake/action_interfaces__rosidl_generator_cppExport.cmake
[3.102s] -- Installing: /home/aurora/RESTAPI/ros2_ws/install/action_interfaces/share/action_interfaces/cmake/action_interfaces__rosidl_typesupport_introspection_cppExport.cmake
[3.102s] -- Installing: /home/aurora/RESTAPI/ros2_ws/install/action_interfaces/share/action_interfaces/cmake/action_interfaces__rosidl_typesupport_introspection_cppExport-noconfig.cmake
[3.102s] -- Installing: /home/aurora/RESTAPI/ros2_ws/install/action_interfaces/share/action_interfaces/cmake/action_interfaces__rosidl_typesupport_cppExport.cmake
[3.102s] -- Installing: /home/aurora/RESTAPI/ros2_ws/install/action_interfaces/share/action_interfaces/cmake/action_interfaces__rosidl_typesupport_cppExport-noconfig.cmake
[3.102s] -- Installing: /home/aurora/RESTAPI/ros2_ws/install/action_interfaces/share/action_interfaces/cmake/rosidl_cmake-extras.cmake
[3.102s] -- Up-to-date: /home/aurora/RESTAPI/ros2_ws/install/action_interfaces/share/action_interfaces/cmake/ament_cmake_export_dependencies-extras.cmake
[3.102s] -- Installing: /home/aurora/RESTAPI/ros2_ws/install/action_interfaces/share/action_interfaces/cmake/ament_cmake_export_libraries-extras.cmake
[3.103s] -- Installing: /home/aurora/RESTAPI/ros2_ws/install/action_interfaces/share/action_interfaces/cmake/ament_cmake_export_targets-extras.cmake
[3.103s] -- Up-to-date: /home/aurora/RESTAPI/ros2_ws/install/action_interfaces/share/action_interfaces/cmake/ament_cmake_export_include_directories-extras.cmake
[3.103s] -- Installing: /home/aurora/RESTAPI/ros2_ws/install/action_interfaces/share/action_interfaces/cmake/rosidl_cmake_export_typesupport_libraries-extras.cmake
[3.103s] -- Installing: /home/aurora/RESTAPI/ros2_ws/install/action_interfaces/share/action_interfaces/cmake/rosidl_cmake_export_typesupport_targets-extras.cmake
[3.103s] -- Up-to-date: /home/aurora/RESTAPI/ros2_ws/install/action_interfaces/share/action_interfaces/cmake/action_interfacesConfig.cmake
[3.103s] -- Up-to-date: /home/aurora/RESTAPI/ros2_ws/install/action_interfaces/share/action_interfaces/cmake/action_interfacesConfig-version.cmake
[3.103s] -- Installing: /home/aurora/RESTAPI/ros2_ws/install/action_interfaces/share/action_interfaces/package.xml
[3.105s] Invoked command in '/home/aurora/RESTAPI/ros2_ws/build/action_interfaces' returned '0': CMAKE_PREFIX_PATH=/opt/ros/foxy CONDA_PROMPT_MODIFIER=(ros2) /usr/bin/cmake --install /home/aurora/RESTAPI/ros2_ws/build/action_interfaces
