[0.507s] Invoking command in '/home/aurora/RESTAPI/ros2_ws/src/rn1': CONDA_PROMPT_MODIFIER=(ros2) PYTHONPATH=/home/aurora/RESTAPI/ros2_ws/build/rn1/prefix_override:/usr/lib/python3/dist-packages/colcon_core/task/python/colcon_distutils_commands:/home/aurora/RESTAPI/ros2_ws/install/rn1/lib/python3.8/site-packages:${PYTHONPATH} /usr/bin/python3 -W ignore:setup.py install is deprecated setup.py egg_info --egg-base ../../build/rn1 build --build-base /home/aurora/RESTAPI/ros2_ws/build/rn1/build install --record /home/aurora/RESTAPI/ros2_ws/build/rn1/install.log --install-scripts $base/lib/rn1 --single-version-externally-managed install_data
[0.620s] running egg_info
[0.621s] writing ../../build/rn1/rn1.egg-info/PKG-INFO
[0.621s] writing dependency_links to ../../build/rn1/rn1.egg-info/dependency_links.txt
[0.621s] writing entry points to ../../build/rn1/rn1.egg-info/entry_points.txt
[0.621s] writing requirements to ../../build/rn1/rn1.egg-info/requires.txt
[0.621s] writing top-level names to ../../build/rn1/rn1.egg-info/top_level.txt
[0.637s] reading manifest file '../../build/rn1/rn1.egg-info/SOURCES.txt'
[0.637s] writing manifest file '../../build/rn1/rn1.egg-info/SOURCES.txt'
[0.637s] running build
[0.637s] running build_py
[0.637s] running install
[0.637s] running install_lib
[0.638s] running install_data
[0.638s] running install_egg_info
[0.639s] removing '/home/aurora/RESTAPI/ros2_ws/install/rn1/lib/python3.8/site-packages/rn1-0.0.0-py3.8.egg-info' (and everything under it)
[0.639s] Copying ../../build/rn1/rn1.egg-info to /home/aurora/RESTAPI/ros2_ws/install/rn1/lib/python3.8/site-packages/rn1-0.0.0-py3.8.egg-info
[0.640s] running install_scripts
[0.648s] Installing client script to /home/aurora/RESTAPI/ros2_ws/install/rn1/lib/rn1
[0.648s] writing list of installed files to '/home/aurora/RESTAPI/ros2_ws/build/rn1/install.log'
[0.659s] Invoked command in '/home/aurora/RESTAPI/ros2_ws/src/rn1' returned '0': CONDA_PROMPT_MODIFIER=(ros2) PYTHONPATH=/home/aurora/RESTAPI/ros2_ws/build/rn1/prefix_override:/usr/lib/python3/dist-packages/colcon_core/task/python/colcon_distutils_commands:/home/aurora/RESTAPI/ros2_ws/install/rn1/lib/python3.8/site-packages:${PYTHONPATH} /usr/bin/python3 -W ignore:setup.py install is deprecated setup.py egg_info --egg-base ../../build/rn1 build --build-base /home/aurora/RESTAPI/ros2_ws/build/rn1/build install --record /home/aurora/RESTAPI/ros2_ws/build/rn1/install.log --install-scripts $base/lib/rn1 --single-version-externally-managed install_data
