[0.011s] Invoking command in '/home/aurora/RESTAPI/ros2_ws/build/action_interfaces': CMAKE_PREFIX_PATH=/opt/ros/foxy CONDA_PROMPT_MODIFIER=(ros2) /usr/bin/cmake --build /home/aurora/RESTAPI/ros2_ws/build/action_interfaces -- -j32 -l32
[0.049s] -- Found ament_cmake: 0.9.12 (/opt/ros/foxy/share/ament_cmake/cmake)
[0.071s] -- Found PythonInterp: /home/aurora/miniconda3/envs/ros2/bin/python3 (found suitable version "3.8", minimum required is "3") 
[0.071s] -- Using PYTHON_EXECUTABLE: /home/aurora/miniconda3/envs/ros2/bin/python3
[0.171s] -- Found ament_lint_auto: 0.9.8 (/opt/ros/foxy/share/ament_lint_auto/cmake)
[0.230s] -- Found rosidl_default_generators: 1.0.1 (/opt/ros/foxy/share/rosidl_default_generators/cmake)
[0.234s] -- Using all available rosidl_typesupport_c: rosidl_typesupport_fastrtps_c;rosidl_typesupport_introspection_c
[0.237s] -- Found rosidl_adapter: 1.3.1 (/opt/ros/foxy/share/rosidl_adapter/cmake)
[0.352s] -- Using all available rosidl_typesupport_cpp: rosidl_typesupport_fastrtps_cpp;rosidl_typesupport_introspection_cpp
[0.380s] -- Found PythonInterp: /home/aurora/miniconda3/envs/ros2/bin/python3 (found version "3.8") 
[0.465s] -- Found ament_cmake_ros: 0.9.2 (/opt/ros/foxy/share/ament_cmake_ros/cmake)
[0.570s] -- Using all available rosidl_typesupport_c: rosidl_typesupport_fastrtps_c;rosidl_typesupport_introspection_c
[0.582s] -- Using all available rosidl_typesupport_cpp: rosidl_typesupport_fastrtps_cpp;rosidl_typesupport_introspection_cpp
[0.600s] -- Found PythonInterp: /home/aurora/miniconda3/envs/ros2/bin/python3 (found suitable version "3.8", minimum required is "3.5") 
[0.601s] -- Found python_cmake_module: 0.8.1 (/opt/ros/foxy/share/python_cmake_module/cmake)
[0.623s] -- Using PYTHON_EXECUTABLE: /home/aurora/miniconda3/envs/ros2/bin/python3
[0.623s] -- Using PYTHON_INCLUDE_DIRS: /home/aurora/miniconda3/envs/ros2/include/python3.8
[0.623s] -- Using PYTHON_LIBRARIES: /home/aurora/miniconda3/envs/ros2/lib/libpython3.8.so
[0.725s] -- Using numpy include directory: /home/aurora/.local/lib/python3.8/site-packages/numpy/core/include
[0.740s] CMake Error at /opt/ros/foxy/share/ament_cmake_target_dependencies/cmake/ament_target_dependencies.cmake:42 (message):
[0.740s]   ament_target_dependencies() the first argument must be a valid target name
[0.741s] Call Stack (most recent call first):
[0.741s]   CMakeLists.txt:41 (ament_target_dependencies)
[0.741s] 
[0.741s] 
[0.742s] -- Configuring incomplete, errors occurred!
[0.742s] See also "/home/aurora/RESTAPI/ros2_ws/build/action_interfaces/CMakeFiles/CMakeOutput.log".
[0.747s] make: *** [Makefile:748: cmake_check_build_system] Error 1
[0.751s] Invoked command in '/home/aurora/RESTAPI/ros2_ws/build/action_interfaces' returned '2': CMAKE_PREFIX_PATH=/opt/ros/foxy CONDA_PROMPT_MODIFIER=(ros2) /usr/bin/cmake --build /home/aurora/RESTAPI/ros2_ws/build/action_interfaces -- -j32 -l32
