[0.109s] DEBUG:colcon:Command line arguments: ['/usr/bin/colcon', 'build', '--packages-select', 'action_interfaces']
[0.109s] DEBUG:colcon:Parsed command line arguments: Namespace(allow_overriding=[], ament_cmake_args=None, base_paths=['.'], build_base='build', catkin_cmake_args=None, catkin_skip_building_tests=False, cmake_args=None, cmake_clean_cache=False, cmake_clean_first=False, cmake_force_configure=False, cmake_target=None, cmake_target_skip_unavailable=False, continue_on_error=False, event_handlers=None, executor='parallel', ignore_user_meta=False, install_base='install', log_base=None, log_level=None, main=<bound method BuildVerb.main of <colcon_core.verb.build.BuildVerb object at 0x7f1f62bfc460>>, merge_install=False, metas=['./colcon.meta'], mixin=None, mixin_files=None, mixin_verb=('build',), packages_above=None, packages_above_and_dependencies=None, packages_above_depth=None, packages_end=None, packages_ignore=None, packages_ignore_regex=None, packages_select=['action_interfaces'], packages_select_build_failed=False, packages_select_by_dep=None, packages_select_regex=None, packages_select_test_failures=False, packages_skip=None, packages_skip_build_finished=False, packages_skip_by_dep=None, packages_skip_regex=None, packages_skip_test_passed=False, packages_skip_up_to=None, packages_start=None, packages_up_to=None, packages_up_to_regex=None, parallel_workers=32, paths=None, symlink_install=False, test_result_base=None, verb_extension=<colcon_core.verb.build.BuildVerb object at 0x7f1f62bfc460>, verb_name='build', verb_parser=<colcon_mixin.mixin.mixin_argument.MixinArgumentDecorator object at 0x7f1f62add910>)
[0.191s] Level 1:colcon.colcon_core.package_discovery:discover_packages(colcon_meta) check parameters
[0.191s] Level 1:colcon.colcon_core.package_discovery:discover_packages(recursive) check parameters
[0.191s] Level 1:colcon.colcon_core.package_discovery:discover_packages(ignore) check parameters
[0.191s] Level 1:colcon.colcon_core.package_discovery:discover_packages(path) check parameters
[0.191s] Level 1:colcon.colcon_core.package_discovery:discover_packages(colcon_meta) discover
[0.191s] Level 1:colcon.colcon_core.package_discovery:discover_packages(recursive) discover
[0.191s] INFO:colcon.colcon_core.package_discovery:Crawling recursively for packages in '/home/aurora/RESTAPI/ros2_ws'
[0.191s] Level 1:colcon.colcon_core.package_identification:_identify(.) by extensions ['ignore', 'ignore_ament_install']
[0.191s] Level 1:colcon.colcon_core.package_identification:_identify(.) by extension 'ignore'
[0.191s] Level 1:colcon.colcon_core.package_identification:_identify(.) by extension 'ignore_ament_install'
[0.191s] Level 1:colcon.colcon_core.package_identification:_identify(.) by extensions ['colcon_pkg']
[0.191s] Level 1:colcon.colcon_core.package_identification:_identify(.) by extension 'colcon_pkg'
[0.191s] Level 1:colcon.colcon_core.package_identification:_identify(.) by extensions ['colcon_meta']
[0.191s] Level 1:colcon.colcon_core.package_identification:_identify(.) by extension 'colcon_meta'
[0.191s] Level 1:colcon.colcon_core.package_identification:_identify(.) by extensions ['ros']
[0.191s] Level 1:colcon.colcon_core.package_identification:_identify(.) by extension 'ros'
[0.197s] Level 1:colcon.colcon_core.package_identification:_identify(.) by extensions ['cmake', 'python']
[0.197s] Level 1:colcon.colcon_core.package_identification:_identify(.) by extension 'cmake'
[0.197s] Level 1:colcon.colcon_core.package_identification:_identify(.) by extension 'python'
[0.197s] Level 1:colcon.colcon_core.package_identification:_identify(.) by extensions ['python_setup_py']
[0.197s] Level 1:colcon.colcon_core.package_identification:_identify(.) by extension 'python_setup_py'
[0.197s] Level 1:colcon.colcon_core.package_identification:_identify(build) by extensions ['ignore', 'ignore_ament_install']
[0.197s] Level 1:colcon.colcon_core.package_identification:_identify(build) by extension 'ignore'
[0.197s] Level 1:colcon.colcon_core.package_identification:_identify(build) ignored
[0.197s] Level 1:colcon.colcon_core.package_identification:_identify(install) by extensions ['ignore', 'ignore_ament_install']
[0.197s] Level 1:colcon.colcon_core.package_identification:_identify(install) by extension 'ignore'
[0.197s] Level 1:colcon.colcon_core.package_identification:_identify(install) ignored
[0.197s] Level 1:colcon.colcon_core.package_identification:_identify(log) by extensions ['ignore', 'ignore_ament_install']
[0.197s] Level 1:colcon.colcon_core.package_identification:_identify(log) by extension 'ignore'
[0.197s] Level 1:colcon.colcon_core.package_identification:_identify(log) ignored
[0.197s] Level 1:colcon.colcon_core.package_identification:_identify(src) by extensions ['ignore', 'ignore_ament_install']
[0.197s] Level 1:colcon.colcon_core.package_identification:_identify(src) by extension 'ignore'
[0.197s] Level 1:colcon.colcon_core.package_identification:_identify(src) by extension 'ignore_ament_install'
[0.197s] Level 1:colcon.colcon_core.package_identification:_identify(src) by extensions ['colcon_pkg']
[0.197s] Level 1:colcon.colcon_core.package_identification:_identify(src) by extension 'colcon_pkg'
[0.197s] Level 1:colcon.colcon_core.package_identification:_identify(src) by extensions ['colcon_meta']
[0.197s] Level 1:colcon.colcon_core.package_identification:_identify(src) by extension 'colcon_meta'
[0.197s] Level 1:colcon.colcon_core.package_identification:_identify(src) by extensions ['ros']
[0.197s] Level 1:colcon.colcon_core.package_identification:_identify(src) by extension 'ros'
[0.197s] Level 1:colcon.colcon_core.package_identification:_identify(src) by extensions ['cmake', 'python']
[0.197s] Level 1:colcon.colcon_core.package_identification:_identify(src) by extension 'cmake'
[0.197s] Level 1:colcon.colcon_core.package_identification:_identify(src) by extension 'python'
[0.197s] Level 1:colcon.colcon_core.package_identification:_identify(src) by extensions ['python_setup_py']
[0.197s] Level 1:colcon.colcon_core.package_identification:_identify(src) by extension 'python_setup_py'
[0.198s] Level 1:colcon.colcon_core.package_identification:_identify(src/action_interfaces) by extensions ['ignore', 'ignore_ament_install']
[0.198s] Level 1:colcon.colcon_core.package_identification:_identify(src/action_interfaces) by extension 'ignore'
[0.198s] Level 1:colcon.colcon_core.package_identification:_identify(src/action_interfaces) by extension 'ignore_ament_install'
[0.198s] Level 1:colcon.colcon_core.package_identification:_identify(src/action_interfaces) by extensions ['colcon_pkg']
[0.198s] Level 1:colcon.colcon_core.package_identification:_identify(src/action_interfaces) by extension 'colcon_pkg'
[0.198s] Level 1:colcon.colcon_core.package_identification:_identify(src/action_interfaces) by extensions ['colcon_meta']
[0.198s] Level 1:colcon.colcon_core.package_identification:_identify(src/action_interfaces) by extension 'colcon_meta'
[0.198s] Level 1:colcon.colcon_core.package_identification:_identify(src/action_interfaces) by extensions ['ros']
[0.198s] Level 1:colcon.colcon_core.package_identification:_identify(src/action_interfaces) by extension 'ros'
[0.199s] DEBUG:colcon.colcon_core.package_identification:Package 'src/action_interfaces' with type 'ros.ament_cmake' and name 'action_interfaces'
[0.199s] Level 1:colcon.colcon_core.package_identification:_identify(src/rn1) by extensions ['ignore', 'ignore_ament_install']
[0.199s] Level 1:colcon.colcon_core.package_identification:_identify(src/rn1) by extension 'ignore'
[0.199s] Level 1:colcon.colcon_core.package_identification:_identify(src/rn1) by extension 'ignore_ament_install'
[0.199s] Level 1:colcon.colcon_core.package_identification:_identify(src/rn1) by extensions ['colcon_pkg']
[0.199s] Level 1:colcon.colcon_core.package_identification:_identify(src/rn1) by extension 'colcon_pkg'
[0.199s] Level 1:colcon.colcon_core.package_identification:_identify(src/rn1) by extensions ['colcon_meta']
[0.199s] Level 1:colcon.colcon_core.package_identification:_identify(src/rn1) by extension 'colcon_meta'
[0.199s] Level 1:colcon.colcon_core.package_identification:_identify(src/rn1) by extensions ['ros']
[0.199s] Level 1:colcon.colcon_core.package_identification:_identify(src/rn1) by extension 'ros'
[0.199s] DEBUG:colcon.colcon_core.package_identification:Package 'src/rn1' with type 'ros.ament_python' and name 'rn1'
[0.200s] Level 1:colcon.colcon_core.package_identification:_identify(src/rn2) by extensions ['ignore', 'ignore_ament_install']
[0.200s] Level 1:colcon.colcon_core.package_identification:_identify(src/rn2) by extension 'ignore'
[0.200s] Level 1:colcon.colcon_core.package_identification:_identify(src/rn2) by extension 'ignore_ament_install'
[0.200s] Level 1:colcon.colcon_core.package_identification:_identify(src/rn2) by extensions ['colcon_pkg']
[0.200s] Level 1:colcon.colcon_core.package_identification:_identify(src/rn2) by extension 'colcon_pkg'
[0.200s] Level 1:colcon.colcon_core.package_identification:_identify(src/rn2) by extensions ['colcon_meta']
[0.200s] Level 1:colcon.colcon_core.package_identification:_identify(src/rn2) by extension 'colcon_meta'
[0.200s] Level 1:colcon.colcon_core.package_identification:_identify(src/rn2) by extensions ['ros']
[0.200s] Level 1:colcon.colcon_core.package_identification:_identify(src/rn2) by extension 'ros'
[0.200s] DEBUG:colcon.colcon_core.package_identification:Package 'src/rn2' with type 'ros.ament_python' and name 'rn2'
[0.200s] Level 1:colcon.colcon_core.package_discovery:discover_packages(recursive) using defaults
[0.200s] Level 1:colcon.colcon_core.package_discovery:discover_packages(ignore) discover
[0.200s] Level 1:colcon.colcon_core.package_discovery:discover_packages(ignore) using defaults
[0.200s] Level 1:colcon.colcon_core.package_discovery:discover_packages(path) discover
[0.200s] Level 1:colcon.colcon_core.package_discovery:discover_packages(path) using defaults
[0.215s] INFO:colcon.colcon_core.package_selection:Skipping not selected package 'rn1' in 'src/rn1'
[0.215s] INFO:colcon.colcon_core.package_selection:Skipping not selected package 'rn2' in 'src/rn2'
[0.215s] Level 1:colcon.colcon_core.package_discovery:discover_packages(prefix_path) check parameters
[0.215s] Level 1:colcon.colcon_core.package_discovery:discover_packages(prefix_path) discover
[0.216s] DEBUG:colcon.colcon_installed_package_information.package_discovery:Found 263 installed packages in /opt/ros/foxy
[0.217s] Level 1:colcon.colcon_core.package_discovery:discover_packages(prefix_path) using defaults
[0.246s] Level 5:colcon.colcon_core.verb:set package 'action_interfaces' build argument 'cmake_args' from command line to 'None'
[0.246s] Level 5:colcon.colcon_core.verb:set package 'action_interfaces' build argument 'cmake_target' from command line to 'None'
[0.246s] Level 5:colcon.colcon_core.verb:set package 'action_interfaces' build argument 'cmake_target_skip_unavailable' from command line to 'False'
[0.246s] Level 5:colcon.colcon_core.verb:set package 'action_interfaces' build argument 'cmake_clean_cache' from command line to 'False'
[0.246s] Level 5:colcon.colcon_core.verb:set package 'action_interfaces' build argument 'cmake_clean_first' from command line to 'False'
[0.246s] Level 5:colcon.colcon_core.verb:set package 'action_interfaces' build argument 'cmake_force_configure' from command line to 'False'
[0.246s] Level 5:colcon.colcon_core.verb:set package 'action_interfaces' build argument 'ament_cmake_args' from command line to 'None'
[0.246s] Level 5:colcon.colcon_core.verb:set package 'action_interfaces' build argument 'catkin_cmake_args' from command line to 'None'
[0.246s] Level 5:colcon.colcon_core.verb:set package 'action_interfaces' build argument 'catkin_skip_building_tests' from command line to 'False'
[0.246s] DEBUG:colcon.colcon_core.verb:Building package 'action_interfaces' with the following arguments: {'ament_cmake_args': None, 'build_base': '/home/aurora/RESTAPI/ros2_ws/build/action_interfaces', 'catkin_cmake_args': None, 'catkin_skip_building_tests': False, 'cmake_args': None, 'cmake_clean_cache': False, 'cmake_clean_first': False, 'cmake_force_configure': False, 'cmake_target': None, 'cmake_target_skip_unavailable': False, 'install_base': '/home/aurora/RESTAPI/ros2_ws/install/action_interfaces', 'merge_install': False, 'path': '/home/aurora/RESTAPI/ros2_ws/src/action_interfaces', 'symlink_install': False, 'test_result_base': None}
[0.246s] INFO:colcon.colcon_core.executor:Executing jobs using 'parallel' executor
[0.247s] DEBUG:colcon.colcon_parallel_executor.executor.parallel:run_until_complete
[0.247s] INFO:colcon.colcon_ros.task.ament_cmake.build:Building ROS package in '/home/aurora/RESTAPI/ros2_ws/src/action_interfaces' with build type 'ament_cmake'
[0.247s] INFO:colcon.colcon_cmake.task.cmake.build:Building CMake package in '/home/aurora/RESTAPI/ros2_ws/src/action_interfaces'
[0.248s] INFO:colcon.colcon_core.plugin_system:Skipping extension 'colcon_core.shell.bat': Not used on non-Windows systems
[0.248s] INFO:colcon.colcon_core.shell:Skip shell extension 'powershell' for command environment: Not usable outside of PowerShell
[0.248s] DEBUG:colcon.colcon_core.shell:Skip shell extension 'dsv' for command environment
[0.258s] DEBUG:colcon.colcon_core.event_handler.log_command:Invoking command in '/home/aurora/RESTAPI/ros2_ws/build/action_interfaces': CMAKE_PREFIX_PATH=/opt/ros/foxy CONDA_PROMPT_MODIFIER=(ros2) /usr/bin/cmake --build /home/aurora/RESTAPI/ros2_ws/build/action_interfaces -- -j32 -l32
[3.255s] DEBUG:colcon.colcon_core.event_handler.log_command:Invoked command in '/home/aurora/RESTAPI/ros2_ws/build/action_interfaces' returned '0': CMAKE_PREFIX_PATH=/opt/ros/foxy CONDA_PROMPT_MODIFIER=(ros2) /usr/bin/cmake --build /home/aurora/RESTAPI/ros2_ws/build/action_interfaces -- -j32 -l32
[3.307s] DEBUG:colcon.colcon_core.event_handler.log_command:Invoking command in '/home/aurora/RESTAPI/ros2_ws/build/action_interfaces': CMAKE_PREFIX_PATH=/opt/ros/foxy CONDA_PROMPT_MODIFIER=(ros2) /usr/bin/cmake --install /home/aurora/RESTAPI/ros2_ws/build/action_interfaces
[3.352s] Level 1:colcon.colcon_core.environment:create_environment_scripts_only(action_interfaces)
[3.353s] DEBUG:colcon.colcon_core.event_handler.log_command:Invoked command in '/home/aurora/RESTAPI/ros2_ws/build/action_interfaces' returned '0': CMAKE_PREFIX_PATH=/opt/ros/foxy CONDA_PROMPT_MODIFIER=(ros2) /usr/bin/cmake --install /home/aurora/RESTAPI/ros2_ws/build/action_interfaces
[3.355s] Level 1:colcon.colcon_core.environment:checking '/home/aurora/RESTAPI/ros2_ws/install/action_interfaces' for CMake module files
[3.357s] Level 1:colcon.colcon_core.environment:checking '/home/aurora/RESTAPI/ros2_ws/install/action_interfaces' for CMake config files
[3.358s] Level 1:colcon.colcon_core.shell:create_environment_hook('action_interfaces', 'cmake_prefix_path')
[3.358s] INFO:colcon.colcon_core.shell:Creating environment hook '/home/aurora/RESTAPI/ros2_ws/install/action_interfaces/share/action_interfaces/hook/cmake_prefix_path.ps1'
[3.359s] INFO:colcon.colcon_core.shell:Creating environment descriptor '/home/aurora/RESTAPI/ros2_ws/install/action_interfaces/share/action_interfaces/hook/cmake_prefix_path.dsv'
[3.359s] INFO:colcon.colcon_core.shell:Creating environment hook '/home/aurora/RESTAPI/ros2_ws/install/action_interfaces/share/action_interfaces/hook/cmake_prefix_path.sh'
[3.360s] Level 1:colcon.colcon_core.environment:checking '/home/aurora/RESTAPI/ros2_ws/install/action_interfaces/lib'
[3.361s] Level 1:colcon.colcon_core.shell:create_environment_hook('action_interfaces', 'ld_library_path_lib')
[3.361s] INFO:colcon.colcon_core.shell:Creating environment hook '/home/aurora/RESTAPI/ros2_ws/install/action_interfaces/share/action_interfaces/hook/ld_library_path_lib.ps1'
[3.361s] INFO:colcon.colcon_core.shell:Creating environment descriptor '/home/aurora/RESTAPI/ros2_ws/install/action_interfaces/share/action_interfaces/hook/ld_library_path_lib.dsv'
[3.361s] INFO:colcon.colcon_core.shell:Creating environment hook '/home/aurora/RESTAPI/ros2_ws/install/action_interfaces/share/action_interfaces/hook/ld_library_path_lib.sh'
[3.362s] Level 1:colcon.colcon_core.environment:checking '/home/aurora/RESTAPI/ros2_ws/install/action_interfaces/bin'
[3.362s] Level 1:colcon.colcon_core.environment:checking '/home/aurora/RESTAPI/ros2_ws/install/action_interfaces/lib/pkgconfig/action_interfaces.pc'
[3.362s] Level 1:colcon.colcon_core.environment:checking '/home/aurora/RESTAPI/ros2_ws/install/action_interfaces/lib/python3.8/site-packages'
[3.362s] Level 1:colcon.colcon_core.shell:create_environment_hook('action_interfaces', 'pythonpath')
[3.362s] INFO:colcon.colcon_core.shell:Creating environment hook '/home/aurora/RESTAPI/ros2_ws/install/action_interfaces/share/action_interfaces/hook/pythonpath.ps1'
[3.362s] INFO:colcon.colcon_core.shell:Creating environment descriptor '/home/aurora/RESTAPI/ros2_ws/install/action_interfaces/share/action_interfaces/hook/pythonpath.dsv'
[3.362s] INFO:colcon.colcon_core.shell:Creating environment hook '/home/aurora/RESTAPI/ros2_ws/install/action_interfaces/share/action_interfaces/hook/pythonpath.sh'
[3.362s] Level 1:colcon.colcon_core.environment:checking '/home/aurora/RESTAPI/ros2_ws/install/action_interfaces/bin'
[3.363s] INFO:colcon.colcon_core.shell:Creating package script '/home/aurora/RESTAPI/ros2_ws/install/action_interfaces/share/action_interfaces/package.ps1'
[3.363s] INFO:colcon.colcon_core.shell:Creating package descriptor '/home/aurora/RESTAPI/ros2_ws/install/action_interfaces/share/action_interfaces/package.dsv'
[3.363s] INFO:colcon.colcon_core.shell:Creating package script '/home/aurora/RESTAPI/ros2_ws/install/action_interfaces/share/action_interfaces/package.sh'
[3.364s] INFO:colcon.colcon_core.shell:Creating package script '/home/aurora/RESTAPI/ros2_ws/install/action_interfaces/share/action_interfaces/package.bash'
[3.364s] INFO:colcon.colcon_core.shell:Creating package script '/home/aurora/RESTAPI/ros2_ws/install/action_interfaces/share/action_interfaces/package.zsh'
[3.364s] Level 1:colcon.colcon_core.environment:create_file_with_runtime_dependencies(/home/aurora/RESTAPI/ros2_ws/install/action_interfaces/share/colcon-core/packages/action_interfaces)
[3.408s] Level 1:colcon.colcon_core.environment:create_environment_scripts_only(action_interfaces)
[3.408s] Level 1:colcon.colcon_core.environment:checking '/home/aurora/RESTAPI/ros2_ws/install/action_interfaces' for CMake module files
[3.409s] Level 1:colcon.colcon_core.environment:checking '/home/aurora/RESTAPI/ros2_ws/install/action_interfaces' for CMake config files
[3.409s] Level 1:colcon.colcon_core.shell:create_environment_hook('action_interfaces', 'cmake_prefix_path')
[3.410s] INFO:colcon.colcon_core.shell:Creating environment hook '/home/aurora/RESTAPI/ros2_ws/install/action_interfaces/share/action_interfaces/hook/cmake_prefix_path.ps1'
[3.410s] INFO:colcon.colcon_core.shell:Creating environment descriptor '/home/aurora/RESTAPI/ros2_ws/install/action_interfaces/share/action_interfaces/hook/cmake_prefix_path.dsv'
[3.411s] INFO:colcon.colcon_core.shell:Creating environment hook '/home/aurora/RESTAPI/ros2_ws/install/action_interfaces/share/action_interfaces/hook/cmake_prefix_path.sh'
[3.412s] Level 1:colcon.colcon_core.environment:checking '/home/aurora/RESTAPI/ros2_ws/install/action_interfaces/lib'
[3.412s] Level 1:colcon.colcon_core.shell:create_environment_hook('action_interfaces', 'ld_library_path_lib')
[3.412s] INFO:colcon.colcon_core.shell:Creating environment hook '/home/aurora/RESTAPI/ros2_ws/install/action_interfaces/share/action_interfaces/hook/ld_library_path_lib.ps1'
[3.413s] INFO:colcon.colcon_core.shell:Creating environment descriptor '/home/aurora/RESTAPI/ros2_ws/install/action_interfaces/share/action_interfaces/hook/ld_library_path_lib.dsv'
[3.413s] INFO:colcon.colcon_core.shell:Creating environment hook '/home/aurora/RESTAPI/ros2_ws/install/action_interfaces/share/action_interfaces/hook/ld_library_path_lib.sh'
[3.414s] Level 1:colcon.colcon_core.environment:checking '/home/aurora/RESTAPI/ros2_ws/install/action_interfaces/bin'
[3.414s] Level 1:colcon.colcon_core.environment:checking '/home/aurora/RESTAPI/ros2_ws/install/action_interfaces/lib/pkgconfig/action_interfaces.pc'
[3.414s] Level 1:colcon.colcon_core.environment:checking '/home/aurora/RESTAPI/ros2_ws/install/action_interfaces/lib/python3.8/site-packages'
[3.414s] Level 1:colcon.colcon_core.shell:create_environment_hook('action_interfaces', 'pythonpath')
[3.414s] INFO:colcon.colcon_core.shell:Creating environment hook '/home/aurora/RESTAPI/ros2_ws/install/action_interfaces/share/action_interfaces/hook/pythonpath.ps1'
[3.415s] INFO:colcon.colcon_core.shell:Creating environment descriptor '/home/aurora/RESTAPI/ros2_ws/install/action_interfaces/share/action_interfaces/hook/pythonpath.dsv'
[3.415s] INFO:colcon.colcon_core.shell:Creating environment hook '/home/aurora/RESTAPI/ros2_ws/install/action_interfaces/share/action_interfaces/hook/pythonpath.sh'
[3.416s] Level 1:colcon.colcon_core.environment:checking '/home/aurora/RESTAPI/ros2_ws/install/action_interfaces/bin'
[3.416s] INFO:colcon.colcon_core.shell:Creating package script '/home/aurora/RESTAPI/ros2_ws/install/action_interfaces/share/action_interfaces/package.ps1'
[3.417s] INFO:colcon.colcon_core.shell:Creating package descriptor '/home/aurora/RESTAPI/ros2_ws/install/action_interfaces/share/action_interfaces/package.dsv'
[3.417s] INFO:colcon.colcon_core.shell:Creating package script '/home/aurora/RESTAPI/ros2_ws/install/action_interfaces/share/action_interfaces/package.sh'
[3.418s] INFO:colcon.colcon_core.shell:Creating package script '/home/aurora/RESTAPI/ros2_ws/install/action_interfaces/share/action_interfaces/package.bash'
[3.418s] INFO:colcon.colcon_core.shell:Creating package script '/home/aurora/RESTAPI/ros2_ws/install/action_interfaces/share/action_interfaces/package.zsh'
[3.418s] Level 1:colcon.colcon_core.environment:create_file_with_runtime_dependencies(/home/aurora/RESTAPI/ros2_ws/install/action_interfaces/share/colcon-core/packages/action_interfaces)
[3.418s] DEBUG:colcon.colcon_parallel_executor.executor.parallel:closing loop
[3.418s] DEBUG:colcon.colcon_parallel_executor.executor.parallel:loop closed
[3.418s] DEBUG:colcon.colcon_parallel_executor.executor.parallel:run_until_complete finished with '0'
[3.418s] DEBUG:colcon.colcon_core.event_reactor:joining thread
[3.421s] INFO:colcon.colcon_core.plugin_system:Skipping extension 'colcon_notification.desktop_notification.terminal_notifier': Not used on non-Darwin systems
[3.421s] INFO:colcon.colcon_core.plugin_system:Skipping extension 'colcon_notification.desktop_notification.win32': Not used on non-Windows systems
[3.421s] INFO:colcon.colcon_notification.desktop_notification:Sending desktop notification using 'notify2'
[3.436s] DEBUG:colcon.colcon_core.event_reactor:joined thread
[3.436s] INFO:colcon.colcon_core.shell:Creating prefix script '/home/aurora/RESTAPI/ros2_ws/install/local_setup.ps1'
[3.436s] INFO:colcon.colcon_core.shell:Creating prefix util module '/home/aurora/RESTAPI/ros2_ws/install/_local_setup_util_ps1.py'
[3.437s] INFO:colcon.colcon_core.shell:Creating prefix chain script '/home/aurora/RESTAPI/ros2_ws/install/setup.ps1'
[3.438s] INFO:colcon.colcon_core.shell:Creating prefix script '/home/aurora/RESTAPI/ros2_ws/install/local_setup.sh'
[3.438s] INFO:colcon.colcon_core.shell:Creating prefix util module '/home/aurora/RESTAPI/ros2_ws/install/_local_setup_util_sh.py'
[3.438s] INFO:colcon.colcon_core.shell:Creating prefix chain script '/home/aurora/RESTAPI/ros2_ws/install/setup.sh'
[3.438s] INFO:colcon.colcon_core.shell:Creating prefix script '/home/aurora/RESTAPI/ros2_ws/install/local_setup.bash'
[3.439s] INFO:colcon.colcon_core.shell:Creating prefix chain script '/home/aurora/RESTAPI/ros2_ws/install/setup.bash'
[3.439s] INFO:colcon.colcon_core.shell:Creating prefix script '/home/aurora/RESTAPI/ros2_ws/install/local_setup.zsh'
[3.439s] INFO:colcon.colcon_core.shell:Creating prefix chain script '/home/aurora/RESTAPI/ros2_ws/install/setup.zsh'
