[0.523s] Invoking command in '/home/aurora/RESTAPI/ros2_ws/src/rn2': CONDA_PROMPT_MODIFIER=(ros2) PYTHONPATH=/home/aurora/RESTAPI/ros2_ws/build/rn2/prefix_override:/usr/lib/python3/dist-packages/colcon_core/task/python/colcon_distutils_commands:/home/aurora/RESTAPI/ros2_ws/install/rn2/lib/python3.8/site-packages:${PYTHONPATH} /usr/bin/python3 -W ignore:setup.py install is deprecated setup.py egg_info --egg-base ../../build/rn2 build --build-base /home/aurora/RESTAPI/ros2_ws/build/rn2/build install --record /home/aurora/RESTAPI/ros2_ws/build/rn2/install.log --install-scripts $base/lib/rn2 --single-version-externally-managed install_data
[0.637s] running egg_info
[0.637s] writing ../../build/rn2/rn2.egg-info/PKG-INFO
[0.637s] writing dependency_links to ../../build/rn2/rn2.egg-info/dependency_links.txt
[0.638s] writing entry points to ../../build/rn2/rn2.egg-info/entry_points.txt
[0.638s] writing requirements to ../../build/rn2/rn2.egg-info/requires.txt
[0.638s] writing top-level names to ../../build/rn2/rn2.egg-info/top_level.txt
[0.655s] reading manifest file '../../build/rn2/rn2.egg-info/SOURCES.txt'
[0.656s] writing manifest file '../../build/rn2/rn2.egg-info/SOURCES.txt'
[0.656s] running build
[0.656s] running build_py
[0.656s] copying rn2/server.py -> /home/aurora/RESTAPI/ros2_ws/build/rn2/build/lib/rn2
[0.656s] running install
[0.656s] running install_lib
[0.657s] copying /home/aurora/RESTAPI/ros2_ws/build/rn2/build/lib/rn2/server.py -> /home/aurora/RESTAPI/ros2_ws/install/rn2/lib/python3.8/site-packages/rn2
[0.657s] byte-compiling /home/aurora/RESTAPI/ros2_ws/install/rn2/lib/python3.8/site-packages/rn2/server.py to server.cpython-38.pyc
[0.658s] running install_data
[0.658s] running install_egg_info
[0.659s] removing '/home/aurora/RESTAPI/ros2_ws/install/rn2/lib/python3.8/site-packages/rn2-0.0.0-py3.8.egg-info' (and everything under it)
[0.659s] Copying ../../build/rn2/rn2.egg-info to /home/aurora/RESTAPI/ros2_ws/install/rn2/lib/python3.8/site-packages/rn2-0.0.0-py3.8.egg-info
[0.659s] running install_scripts
[0.667s] Installing server script to /home/aurora/RESTAPI/ros2_ws/install/rn2/lib/rn2
[0.667s] writing list of installed files to '/home/aurora/RESTAPI/ros2_ws/build/rn2/install.log'
[0.679s] Invoked command in '/home/aurora/RESTAPI/ros2_ws/src/rn2' returned '0': CONDA_PROMPT_MODIFIER=(ros2) PYTHONPATH=/home/aurora/RESTAPI/ros2_ws/build/rn2/prefix_override:/usr/lib/python3/dist-packages/colcon_core/task/python/colcon_distutils_commands:/home/aurora/RESTAPI/ros2_ws/install/rn2/lib/python3.8/site-packages:${PYTHONPATH} /usr/bin/python3 -W ignore:setup.py install is deprecated setup.py egg_info --egg-base ../../build/rn2 build --build-base /home/aurora/RESTAPI/ros2_ws/build/rn2/build install --record /home/aurora/RESTAPI/ros2_ws/build/rn2/install.log --install-scripts $base/lib/rn2 --single-version-externally-managed install_data
