[0.495s] Invoking command in '/home/aurora/RESTAPI/ros2_ws/src/rn1': CONDA_PROMPT_MODIFIER=(base) PYTHONPATH=/home/aurora/RESTAPI/ros2_ws/build/rn1/prefix_override:/usr/lib/python3/dist-packages/colcon_core/task/python/colcon_distutils_commands:/home/aurora/RESTAPI/ros2_ws/install/rn1/lib/python3.8/site-packages:${PYTHONPATH} /usr/bin/python3 -W ignore:setup.py install is deprecated setup.py egg_info --egg-base ../../build/rn1 build --build-base /home/aurora/RESTAPI/ros2_ws/build/rn1/build install --record /home/aurora/RESTAPI/ros2_ws/build/rn1/install.log --install-scripts $base/lib/rn1 --single-version-externally-managed install_data
[0.612s] running egg_info
[0.612s] writing ../../build/rn1/rn1.egg-info/PKG-INFO
[0.612s] writing dependency_links to ../../build/rn1/rn1.egg-info/dependency_links.txt
[0.612s] writing entry points to ../../build/rn1/rn1.egg-info/entry_points.txt
[0.612s] writing requirements to ../../build/rn1/rn1.egg-info/requires.txt
[0.612s] writing top-level names to ../../build/rn1/rn1.egg-info/top_level.txt
[0.628s] reading manifest file '../../build/rn1/rn1.egg-info/SOURCES.txt'
[0.629s] writing manifest file '../../build/rn1/rn1.egg-info/SOURCES.txt'
[0.629s] running build
[0.629s] running build_py
[0.629s] running install
[0.629s] running install_lib
[0.630s] running install_data
[0.630s] running install_egg_info
[0.631s] removing '/home/aurora/RESTAPI/ros2_ws/install/rn1/lib/python3.8/site-packages/rn1-0.0.0-py3.8.egg-info' (and everything under it)
[0.632s] Copying ../../build/rn1/rn1.egg-info to /home/aurora/RESTAPI/ros2_ws/install/rn1/lib/python3.8/site-packages/rn1-0.0.0-py3.8.egg-info
[0.633s] running install_scripts
[0.641s] Installing client script to /home/aurora/RESTAPI/ros2_ws/install/rn1/lib/rn1
[0.641s] writing list of installed files to '/home/aurora/RESTAPI/ros2_ws/build/rn1/install.log'
[0.652s] Invoked command in '/home/aurora/RESTAPI/ros2_ws/src/rn1' returned '0': CONDA_PROMPT_MODIFIER=(base) PYTHONPATH=/home/aurora/RESTAPI/ros2_ws/build/rn1/prefix_override:/usr/lib/python3/dist-packages/colcon_core/task/python/colcon_distutils_commands:/home/aurora/RESTAPI/ros2_ws/install/rn1/lib/python3.8/site-packages:${PYTHONPATH} /usr/bin/python3 -W ignore:setup.py install is deprecated setup.py egg_info --egg-base ../../build/rn1 build --build-base /home/aurora/RESTAPI/ros2_ws/build/rn1/build install --record /home/aurora/RESTAPI/ros2_ws/build/rn1/install.log --install-scripts $base/lib/rn1 --single-version-externally-managed install_data
